{"/Users/josephehler/Desktop/Desktop/apps/motomind-ai/features/vehicles/data/[eventId].ts": {"path":"/Users/josephehler/Desktop/Desktop/apps/motomind-ai/features/vehicles/data/[eventId].ts","statementMap":{"0":{"start":{"line":134,"column":0},"end":{"line":134,"column":15}},"1":{"start":{"line":2,"column":36},"end":{"line":2,"column":null}},"2":{"start":{"line":4,"column":29},"end":{"line":4,"column":null}},"3":{"start":{"line":6,"column":17},"end":{"line":14,"column":null}},"4":{"start":{"line":18,"column":37},"end":{"line":18,"column":46}},"5":{"start":{"line":20,"column":2},"end":{"line":22,"column":null}},"6":{"start":{"line":21,"column":4},"end":{"line":21,"column":null}},"7":{"start":{"line":24,"column":2},"end":{"line":36,"column":null}},"8":{"start":{"line":25,"column":4},"end":{"line":32,"column":null}},"9":{"start":{"line":27,"column":8},"end":{"line":27,"column":null}},"10":{"start":{"line":29,"column":8},"end":{"line":29,"column":null}},"11":{"start":{"line":31,"column":8},"end":{"line":31,"column":null}},"12":{"start":{"line":34,"column":4},"end":{"line":34,"column":null}},"13":{"start":{"line":35,"column":4},"end":{"line":35,"column":null}},"14":{"start":{"line":40,"column":18},"end":{"line":40,"column":26}},"15":{"start":{"line":42,"column":2},"end":{"line":42,"column":null}},"16":{"start":{"line":45,"column":26},"end":{"line":48,"column":null}},"17":{"start":{"line":51,"column":2},"end":{"line":56,"column":null}},"18":{"start":{"line":52,"column":4},"end":{"line":55,"column":null}},"19":{"start":{"line":59,"column":25},"end":{"line":59,"column":null}},"20":{"start":{"line":60,"column":2},"end":{"line":64,"column":null}},"21":{"start":{"line":61,"column":4},"end":{"line":63,"column":null}},"22":{"start":{"line":62,"column":6},"end":{"line":62,"column":null}},"23":{"start":{"line":67,"column":2},"end":{"line":82,"column":null}},"24":{"start":{"line":69,"column":35},"end":{"line":74,"column":null}},"25":{"start":{"line":76,"column":4},"end":{"line":81,"column":null}},"26":{"start":{"line":77,"column":6},"end":{"line":80,"column":null}},"27":{"start":{"line":84,"column":26},"end":{"line":90,"column":null}},"28":{"start":{"line":92,"column":2},"end":{"line":95,"column":null}},"29":{"start":{"line":93,"column":4},"end":{"line":93,"column":null}},"30":{"start":{"line":94,"column":4},"end":{"line":94,"column":null}},"31":{"start":{"line":97,"column":2},"end":{"line":97,"column":null}},"32":{"start":{"line":98,"column":2},"end":{"line":102,"column":null}},"33":{"start":{"line":106,"column":2},"end":{"line":106,"column":null}},"34":{"start":{"line":109,"column":26},"end":{"line":118,"column":null}},"35":{"start":{"line":120,"column":2},"end":{"line":123,"column":null}},"36":{"start":{"line":121,"column":4},"end":{"line":121,"column":null}},"37":{"start":{"line":122,"column":4},"end":{"line":122,"column":null}},"38":{"start":{"line":125,"column":2},"end":{"line":125,"column":null}},"39":{"start":{"line":126,"column":2},"end":{"line":130,"column":null}},"40":{"start":{"line":134,"column":15},"end":{"line":134,"column":null}}},"fnMap":{"0":{"name":"handler","decl":{"start":{"line":17,"column":15},"end":{"line":17,"column":23}},"loc":{"start":{"line":17,"column":64},"end":{"line":37,"column":null}}},"1":{"name":"updateEvent","decl":{"start":{"line":39,"column":15},"end":{"line":39,"column":27}},"loc":{"start":{"line":39,"column":104},"end":{"line":103,"column":null}}},"2":{"name":"(anonymous_3)","decl":{"start":{"line":60,"column":25},"end":{"line":60,"column":null}},"loc":{"start":{"line":60,"column":25},"end":{"line":64,"column":null}}},"3":{"name":"deleteEvent","decl":{"start":{"line":105,"column":15},"end":{"line":105,"column":27}},"loc":{"start":{"line":105,"column":104},"end":{"line":131,"column":null}}}},"branchMap":{"0":{"loc":{"start":{"line":20,"column":2},"end":{"line":22,"column":null}},"type":"if","locations":[{"start":{"line":20,"column":2},"end":{"line":22,"column":null}}]},"1":{"loc":{"start":{"line":20,"column":6},"end":{"line":20,"column":30}},"type":"binary-expr","locations":[{"start":{"line":20,"column":6},"end":{"line":20,"column":20}},{"start":{"line":20,"column":20},"end":{"line":20,"column":30}}]},"2":{"loc":{"start":{"line":25,"column":4},"end":{"line":32,"column":null}},"type":"switch","locations":[{"start":{"line":26,"column":6},"end":{"line":27,"column":null}},{"start":{"line":28,"column":6},"end":{"line":29,"column":null}},{"start":{"line":30,"column":6},"end":{"line":31,"column":null}}]},"3":{"loc":{"start":{"line":47,"column":15},"end":{"line":47,"column":null}},"type":"binary-expr","locations":[{"start":{"line":47,"column":15},"end":{"line":47,"column":34}},{"start":{"line":47,"column":38},"end":{"line":47,"column":null}}]},"4":{"loc":{"start":{"line":51,"column":2},"end":{"line":56,"column":null}},"type":"if","locations":[{"start":{"line":51,"column":2},"end":{"line":56,"column":null}}]},"5":{"loc":{"start":{"line":61,"column":4},"end":{"line":63,"column":null}},"type":"if","locations":[{"start":{"line":61,"column":4},"end":{"line":63,"column":null}}]},"6":{"loc":{"start":{"line":67,"column":2},"end":{"line":82,"column":null}},"type":"if","locations":[{"start":{"line":67,"column":2},"end":{"line":82,"column":null}}]},"7":{"loc":{"start":{"line":76,"column":4},"end":{"line":81,"column":null}},"type":"if","locations":[{"start":{"line":76,"column":4},"end":{"line":81,"column":null}}]},"8":{"loc":{"start":{"line":92,"column":2},"end":{"line":95,"column":null}},"type":"if","locations":[{"start":{"line":92,"column":2},"end":{"line":95,"column":null}}]},"9":{"loc":{"start":{"line":113,"column":17},"end":{"line":113,"column":null}},"type":"binary-expr","locations":[{"start":{"line":113,"column":17},"end":{"line":113,"column":36}},{"start":{"line":113,"column":40},"end":{"line":113,"column":null}}]},"10":{"loc":{"start":{"line":120,"column":2},"end":{"line":123,"column":null}},"type":"if","locations":[{"start":{"line":120,"column":2},"end":{"line":123,"column":null}}]}},"s":{"0":0,"1":0,"2":0,"3":0,"4":0,"5":0,"6":0,"7":0,"8":0,"9":0,"10":0,"11":0,"12":0,"13":0,"14":0,"15":0,"16":0,"17":0,"18":0,"19":0,"20":0,"21":0,"22":0,"23":0,"24":0,"25":0,"26":0,"27":0,"28":0,"29":0,"30":0,"31":0,"32":0,"33":0,"34":0,"35":0,"36":0,"37":0,"38":0,"39":0,"40":0},"f":{"0":0,"1":0,"2":0,"3":0},"b":{"0":[0],"1":[0,0],"2":[0,0,0],"3":[0,0],"4":[0],"5":[0],"6":[0],"7":[0],"8":[0],"9":[0,0],"10":[0]}}
,"/Users/josephehler/Desktop/Desktop/apps/motomind-ai/features/vehicles/data/[id].ts": {"path":"/Users/josephehler/Desktop/Desktop/apps/motomind-ai/features/vehicles/data/[id].ts","statementMap":{"0":{"start":{"line":248,"column":0},"end":{"line":248,"column":15}},"1":{"start":{"line":5,"column":36},"end":{"line":5,"column":null}},"2":{"start":{"line":11,"column":2},"end":{"line":36,"column":null}},"3":{"start":{"line":12,"column":21},"end":{"line":12,"column":42}},"4":{"start":{"line":13,"column":21},"end":{"line":13,"column":42}},"5":{"start":{"line":14,"column":19},"end":{"line":14,"column":28}},"6":{"start":{"line":16,"column":4},"end":{"line":18,"column":null}},"7":{"start":{"line":17,"column":6},"end":{"line":17,"column":null}},"8":{"start":{"line":20,"column":4},"end":{"line":29,"column":null}},"9":{"start":{"line":22,"column":8},"end":{"line":22,"column":null}},"10":{"start":{"line":24,"column":8},"end":{"line":24,"column":null}},"11":{"start":{"line":26,"column":8},"end":{"line":26,"column":null}},"12":{"start":{"line":28,"column":8},"end":{"line":28,"column":null}},"13":{"start":{"line":31,"column":4},"end":{"line":31,"column":null}},"14":{"start":{"line":32,"column":4},"end":{"line":35,"column":null}},"15":{"start":{"line":45,"column":2},"end":{"line":112,"column":null}},"16":{"start":{"line":46,"column":37},"end":{"line":76,"column":null}},"17":{"start":{"line":78,"column":4},"end":{"line":84,"column":null}},"18":{"start":{"line":79,"column":6},"end":{"line":79,"column":null}},"19":{"start":{"line":80,"column":6},"end":{"line":82,"column":null}},"20":{"start":{"line":81,"column":8},"end":{"line":81,"column":null}},"21":{"start":{"line":83,"column":6},"end":{"line":83,"column":null}},"22":{"start":{"line":87,"column":24},"end":{"line":92,"column":null}},"23":{"start":{"line":94,"column":31},"end":{"line":106,"column":null}},"24":{"start":{"line":108,"column":4},"end":{"line":108,"column":null}},"25":{"start":{"line":110,"column":4},"end":{"line":110,"column":null}},"26":{"start":{"line":111,"column":4},"end":{"line":111,"column":null}},"27":{"start":{"line":121,"column":2},"end":{"line":166,"column":null}},"28":{"start":{"line":123,"column":57},"end":{"line":128,"column":null}},"29":{"start":{"line":130,"column":4},"end":{"line":135,"column":null}},"30":{"start":{"line":131,"column":6},"end":{"line":133,"column":null}},"31":{"start":{"line":132,"column":8},"end":{"line":132,"column":null}},"32":{"start":{"line":134,"column":6},"end":{"line":134,"column":null}},"33":{"start":{"line":137,"column":4},"end":{"line":139,"column":null}},"34":{"start":{"line":138,"column":6},"end":{"line":138,"column":null}},"35":{"start":{"line":142,"column":58},"end":{"line":150,"column":null}},"36":{"start":{"line":152,"column":4},"end":{"line":155,"column":null}},"37":{"start":{"line":153,"column":6},"end":{"line":153,"column":null}},"38":{"start":{"line":154,"column":6},"end":{"line":154,"column":null}},"39":{"start":{"line":157,"column":4},"end":{"line":157,"column":null}},"40":{"start":{"line":159,"column":4},"end":{"line":162,"column":null}},"41":{"start":{"line":164,"column":4},"end":{"line":164,"column":null}},"42":{"start":{"line":165,"column":4},"end":{"line":165,"column":null}},"43":{"start":{"line":176,"column":2},"end":{"line":245,"column":null}},"44":{"start":{"line":178,"column":4},"end":{"line":199,"column":null}},"45":{"start":{"line":179,"column":59},"end":{"line":187,"column":null}},"46":{"start":{"line":189,"column":6},"end":{"line":192,"column":null}},"47":{"start":{"line":190,"column":8},"end":{"line":190,"column":null}},"48":{"start":{"line":191,"column":8},"end":{"line":191,"column":null}},"49":{"start":{"line":194,"column":6},"end":{"line":194,"column":null}},"50":{"start":{"line":195,"column":6},"end":{"line":198,"column":null}},"51":{"start":{"line":202,"column":57},"end":{"line":207,"column":null}},"52":{"start":{"line":209,"column":4},"end":{"line":214,"column":null}},"53":{"start":{"line":210,"column":6},"end":{"line":212,"column":null}},"54":{"start":{"line":211,"column":8},"end":{"line":211,"column":null}},"55":{"start":{"line":213,"column":6},"end":{"line":213,"column":null}},"56":{"start":{"line":216,"column":4},"end":{"line":218,"column":null}},"57":{"start":{"line":217,"column":6},"end":{"line":217,"column":null}},"58":{"start":{"line":221,"column":59},"end":{"line":229,"column":null}},"59":{"start":{"line":231,"column":4},"end":{"line":234,"column":null}},"60":{"start":{"line":232,"column":6},"end":{"line":232,"column":null}},"61":{"start":{"line":233,"column":6},"end":{"line":233,"column":null}},"62":{"start":{"line":236,"column":4},"end":{"line":236,"column":null}},"63":{"start":{"line":238,"column":4},"end":{"line":241,"column":null}},"64":{"start":{"line":243,"column":4},"end":{"line":243,"column":null}},"65":{"start":{"line":244,"column":4},"end":{"line":244,"column":null}},"66":{"start":{"line":248,"column":15},"end":{"line":248,"column":null}}},"fnMap":{"0":{"name":"handler","decl":{"start":{"line":7,"column":15},"end":{"line":7,"column":null}},"loc":{"start":{"line":9,"column":22},"end":{"line":37,"column":null}}},"1":{"name":"handleGetVehicle","decl":{"start":{"line":39,"column":15},"end":{"line":39,"column":null}},"loc":{"start":{"line":43,"column":12},"end":{"line":113,"column":null}}},"2":{"name":"handleArchiveVehicle","decl":{"start":{"line":115,"column":15},"end":{"line":115,"column":null}},"loc":{"start":{"line":119,"column":12},"end":{"line":167,"column":null}}},"3":{"name":"handleRestoreVehicle","decl":{"start":{"line":169,"column":15},"end":{"line":169,"column":null}},"loc":{"start":{"line":174,"column":21},"end":{"line":246,"column":null}}}},"branchMap":{"0":{"loc":{"start":{"line":16,"column":4},"end":{"line":18,"column":null}},"type":"if","locations":[{"start":{"line":16,"column":4},"end":{"line":18,"column":null}}]},"1":{"loc":{"start":{"line":16,"column":8},"end":{"line":16,"column":39}},"type":"binary-expr","locations":[{"start":{"line":16,"column":8},"end":{"line":16,"column":15}},{"start":{"line":16,"column":15},"end":{"line":16,"column":39}}]},"2":{"loc":{"start":{"line":20,"column":4},"end":{"line":29,"column":null}},"type":"switch","locations":[{"start":{"line":21,"column":6},"end":{"line":22,"column":null}},{"start":{"line":23,"column":6},"end":{"line":24,"column":null}},{"start":{"line":25,"column":6},"end":{"line":26,"column":null}},{"start":{"line":27,"column":6},"end":{"line":28,"column":null}}]},"3":{"loc":{"start":{"line":78,"column":4},"end":{"line":84,"column":null}},"type":"if","locations":[{"start":{"line":78,"column":4},"end":{"line":84,"column":null}}]},"4":{"loc":{"start":{"line":80,"column":6},"end":{"line":82,"column":null}},"type":"if","locations":[{"start":{"line":80,"column":6},"end":{"line":82,"column":null}}]},"5":{"loc":{"start":{"line":87,"column":24},"end":{"line":92,"column":null}},"type":"binary-expr","locations":[{"start":{"line":87,"column":24},"end":{"line":87,"column":44}},{"start":{"line":88,"column":7},"end":{"line":92,"column":28}}]},"6":{"loc":{"start":{"line":88,"column":7},"end":{"line":92,"column":28}},"type":"cond-expr","locations":[{"start":{"line":89,"column":10},"end":{"line":89,"column":60}},{"start":{"line":90,"column":10},"end":{"line":92,"column":28}}]},"7":{"loc":{"start":{"line":88,"column":7},"end":{"line":88,"column":52}},"type":"binary-expr","locations":[{"start":{"line":88,"column":7},"end":{"line":88,"column":19}},{"start":{"line":88,"column":23},"end":{"line":88,"column":35}},{"start":{"line":88,"column":39},"end":{"line":88,"column":52}}]},"8":{"loc":{"start":{"line":90,"column":10},"end":{"line":92,"column":28}},"type":"cond-expr","locations":[{"start":{"line":91,"column":12},"end":{"line":91,"column":46}},{"start":{"line":92,"column":12},"end":{"line":92,"column":28}}]},"9":{"loc":{"start":{"line":90,"column":10},"end":{"line":90,"column":39}},"type":"binary-expr","locations":[{"start":{"line":90,"column":10},"end":{"line":90,"column":22}},{"start":{"line":90,"column":26},"end":{"line":90,"column":39}}]},"10":{"loc":{"start":{"line":98,"column":16},"end":{"line":98,"column":null}},"type":"binary-expr","locations":[{"start":{"line":98,"column":16},"end":{"line":98,"column":32}},{"start":{"line":98,"column":36},"end":{"line":98,"column":null}}]},"11":{"loc":{"start":{"line":130,"column":4},"end":{"line":135,"column":null}},"type":"if","locations":[{"start":{"line":130,"column":4},"end":{"line":135,"column":null}}]},"12":{"loc":{"start":{"line":131,"column":6},"end":{"line":133,"column":null}},"type":"if","locations":[{"start":{"line":131,"column":6},"end":{"line":133,"column":null}}]},"13":{"loc":{"start":{"line":137,"column":4},"end":{"line":139,"column":null}},"type":"if","locations":[{"start":{"line":137,"column":4},"end":{"line":139,"column":null}}]},"14":{"loc":{"start":{"line":152,"column":4},"end":{"line":155,"column":null}},"type":"if","locations":[{"start":{"line":152,"column":4},"end":{"line":155,"column":null}}]},"15":{"loc":{"start":{"line":157,"column":39},"end":{"line":157,"column":117}},"type":"binary-expr","locations":[{"start":{"line":157,"column":39},"end":{"line":157,"column":63}},{"start":{"line":157,"column":67},"end":{"line":157,"column":117}}]},"16":{"loc":{"start":{"line":178,"column":4},"end":{"line":199,"column":null}},"type":"if","locations":[{"start":{"line":178,"column":4},"end":{"line":199,"column":null}}]},"17":{"loc":{"start":{"line":189,"column":6},"end":{"line":192,"column":null}},"type":"if","locations":[{"start":{"line":189,"column":6},"end":{"line":192,"column":null}}]},"18":{"loc":{"start":{"line":209,"column":4},"end":{"line":214,"column":null}},"type":"if","locations":[{"start":{"line":209,"column":4},"end":{"line":214,"column":null}}]},"19":{"loc":{"start":{"line":210,"column":6},"end":{"line":212,"column":null}},"type":"if","locations":[{"start":{"line":210,"column":6},"end":{"line":212,"column":null}}]},"20":{"loc":{"start":{"line":216,"column":4},"end":{"line":218,"column":null}},"type":"if","locations":[{"start":{"line":216,"column":4},"end":{"line":218,"column":null}}]},"21":{"loc":{"start":{"line":231,"column":4},"end":{"line":234,"column":null}},"type":"if","locations":[{"start":{"line":231,"column":4},"end":{"line":234,"column":null}}]},"22":{"loc":{"start":{"line":236,"column":39},"end":{"line":236,"column":117}},"type":"binary-expr","locations":[{"start":{"line":236,"column":39},"end":{"line":236,"column":63}},{"start":{"line":236,"column":67},"end":{"line":236,"column":117}}]}},"s":{"0":0,"1":0,"2":0,"3":0,"4":0,"5":0,"6":0,"7":0,"8":0,"9":0,"10":0,"11":0,"12":0,"13":0,"14":0,"15":0,"16":0,"17":0,"18":0,"19":0,"20":0,"21":0,"22":0,"23":0,"24":0,"25":0,"26":0,"27":0,"28":0,"29":0,"30":0,"31":0,"32":0,"33":0,"34":0,"35":0,"36":0,"37":0,"38":0,"39":0,"40":0,"41":0,"42":0,"43":0,"44":0,"45":0,"46":0,"47":0,"48":0,"49":0,"50":0,"51":0,"52":0,"53":0,"54":0,"55":0,"56":0,"57":0,"58":0,"59":0,"60":0,"61":0,"62":0,"63":0,"64":0,"65":0,"66":0},"f":{"0":0,"1":0,"2":0,"3":0},"b":{"0":[0],"1":[0,0],"2":[0,0,0,0],"3":[0],"4":[0],"5":[0,0],"6":[0,0],"7":[0,0,0],"8":[0,0],"9":[0,0],"10":[0,0],"11":[0],"12":[0],"13":[0],"14":[0],"15":[0,0],"16":[0],"17":[0],"18":[0],"19":[0],"20":[0],"21":[0],"22":[0,0]}}
,"/Users/josephehler/Desktop/Desktop/apps/motomind-ai/features/vehicles/data/api-validation.ts": {"path":"/Users/josephehler/Desktop/Desktop/apps/motomind-ai/features/vehicles/data/api-validation.ts","statementMap":{"0":{"start":{"line":8,"column":13},"end":{"line":8,"column":29}},"1":{"start":{"line":155,"column":13},"end":{"line":155,"column":27}},"2":{"start":{"line":124,"column":13},"end":{"line":124,"column":29}},"3":{"start":{"line":139,"column":13},"end":{"line":139,"column":29}},"4":{"start":{"line":168,"column":16},"end":{"line":168,"column":35}},"5":{"start":{"line":227,"column":13},"end":{"line":227,"column":33}},"6":{"start":{"line":78,"column":13},"end":{"line":78,"column":30}},"7":{"start":{"line":47,"column":13},"end":{"line":47,"column":26}},"8":{"start":{"line":62,"column":13},"end":{"line":62,"column":29}},"9":{"start":{"line":202,"column":22},"end":{"line":202,"column":null}},"10":{"start":{"line":4,"column":18},"end":{"line":4,"column":null}},"11":{"start":{"line":8,"column":29},"end":{"line":44,"column":null}},"12":{"start":{"line":47,"column":26},"end":{"line":59,"column":null}},"13":{"start":{"line":62,"column":29},"end":{"line":75,"column":null}},"14":{"start":{"line":78,"column":30},"end":{"line":121,"column":null}},"15":{"start":{"line":124,"column":29},"end":{"line":136,"column":null}},"16":{"start":{"line":139,"column":29},"end":{"line":152,"column":null}},"17":{"start":{"line":155,"column":27},"end":{"line":165,"column":null}},"18":{"start":{"line":157,"column":44},"end":{"line":157,"column":58}},"19":{"start":{"line":169,"column":2},"end":{"line":198,"column":null}},"20":{"start":{"line":170,"column":4},"end":{"line":197,"column":null}},"21":{"start":{"line":171,"column":28},"end":{"line":171,"column":null}},"22":{"start":{"line":173,"column":8},"end":{"line":173,"column":null}},"23":{"start":{"line":175,"column":6},"end":{"line":177,"column":null}},"24":{"start":{"line":176,"column":8},"end":{"line":176,"column":null}},"25":{"start":{"line":178,"column":6},"end":{"line":178,"column":null}},"26":{"start":{"line":180,"column":6},"end":{"line":190,"column":null}},"27":{"start":{"line":181,"column":8},"end":{"line":188,"column":null}},"28":{"start":{"line":184,"column":44},"end":{"line":187,"column":null}},"29":{"start":{"line":189,"column":8},"end":{"line":189,"column":null}},"30":{"start":{"line":192,"column":6},"end":{"line":195,"column":null}},"31":{"start":{"line":196,"column":6},"end":{"line":196,"column":null}},"32":{"start":{"line":208,"column":24},"end":{"line":208,"column":null}},"33":{"start":{"line":209,"column":2},"end":{"line":209,"column":29}},"34":{"start":{"line":209,"column":22},"end":{"line":209,"column":29}},"35":{"start":{"line":211,"column":2},"end":{"line":223,"column":null}},"36":{"start":{"line":212,"column":19},"end":{"line":212,"column":null}},"37":{"start":{"line":213,"column":4},"end":{"line":216,"column":null}},"38":{"start":{"line":218,"column":4},"end":{"line":218,"column":null}},"39":{"start":{"line":219,"column":4},"end":{"line":222,"column":null}},"40":{"start":{"line":227,"column":33},"end":{"line":235,"column":null}}},"fnMap":{"0":{"name":"(anonymous_11)","decl":{"start":{"line":157,"column":37},"end":{"line":157,"column":44}},"loc":{"start":{"line":157,"column":44},"end":{"line":157,"column":58}}},"1":{"name":"validateRequest","decl":{"start":{"line":168,"column":16},"end":{"line":168,"column":35}},"loc":{"start":{"line":168,"column":57},"end":{"line":199,"column":null}}},"2":{"name":"(anonymous_13)","decl":{"start":{"line":169,"column":9},"end":{"line":169,"column":10}},"loc":{"start":{"line":169,"column":53},"end":{"line":198,"column":null}}},"3":{"name":"(anonymous_14)","decl":{"start":{"line":184,"column":36},"end":{"line":184,"column":44}},"loc":{"start":{"line":184,"column":44},"end":{"line":187,"column":null}}},"4":{"name":"withValidation","decl":{"start":{"line":202,"column":22},"end":{"line":202,"column":null}},"loc":{"start":{"line":206,"column":45},"end":{"line":224,"column":null}}}},"branchMap":{"0":{"loc":{"start":{"line":175,"column":6},"end":{"line":177,"column":null}},"type":"if","locations":[{"start":{"line":175,"column":6},"end":{"line":177,"column":null}}]},"1":{"loc":{"start":{"line":180,"column":6},"end":{"line":190,"column":null}},"type":"if","locations":[{"start":{"line":180,"column":6},"end":{"line":190,"column":null}}]},"2":{"loc":{"start":{"line":209,"column":2},"end":{"line":209,"column":29}},"type":"if","locations":[{"start":{"line":209,"column":2},"end":{"line":209,"column":29}}]}},"s":{"0":0,"1":0,"2":0,"3":0,"4":0,"5":0,"6":0,"7":0,"8":0,"9":0,"10":0,"11":0,"12":0,"13":0,"14":0,"15":0,"16":0,"17":0,"18":0,"19":0,"20":0,"21":0,"22":0,"23":0,"24":0,"25":0,"26":0,"27":0,"28":0,"29":0,"30":0,"31":0,"32":0,"33":0,"34":0,"35":0,"36":0,"37":0,"38":0,"39":0,"40":0},"f":{"0":0,"1":0,"2":0,"3":0,"4":0},"b":{"0":[0],"1":[0],"2":[0]}}
,"/Users/josephehler/Desktop/Desktop/apps/motomind-ai/features/vehicles/data/chat.ts": {"path":"/Users/josephehler/Desktop/Desktop/apps/motomind-ai/features/vehicles/data/chat.ts","statementMap":{"0":{"start":{"line":119,"column":0},"end":{"line":119,"column":15}},"1":{"start":{"line":8,"column":36},"end":{"line":8,"column":null}},"2":{"start":{"line":10,"column":23},"end":{"line":10,"column":null}},"3":{"start":{"line":12,"column":15},"end":{"line":14,"column":null}},"4":{"start":{"line":42,"column":2},"end":{"line":44,"column":null}},"5":{"start":{"line":43,"column":4},"end":{"line":43,"column":null}},"6":{"start":{"line":46,"column":28},"end":{"line":46,"column":37}},"7":{"start":{"line":47,"column":77},"end":{"line":47,"column":85}},"8":{"start":{"line":49,"column":2},"end":{"line":51,"column":null}},"9":{"start":{"line":50,"column":4},"end":{"line":50,"column":null}},"10":{"start":{"line":53,"column":2},"end":{"line":88,"column":null}},"11":{"start":{"line":55,"column":25},"end":{"line":55,"column":null}},"12":{"start":{"line":58,"column":23},"end":{"line":70,"column":null}},"13":{"start":{"line":62,"column":43},"end":{"line":65,"column":null}},"14":{"start":{"line":72,"column":21},"end":{"line":72,"column":null}},"15":{"start":{"line":74,"column":4},"end":{"line":76,"column":null}},"16":{"start":{"line":75,"column":6},"end":{"line":75,"column":null}},"17":{"start":{"line":78,"column":4},"end":{"line":81,"column":null}},"18":{"start":{"line":83,"column":4},"end":{"line":83,"column":null}},"19":{"start":{"line":84,"column":4},"end":{"line":87,"column":null}},"20":{"start":{"line":92,"column":2},"end":{"line":115,"column":null}},"21":{"start":{"line":119,"column":15},"end":{"line":119,"column":null}}},"fnMap":{"0":{"name":"handler","decl":{"start":{"line":38,"column":15},"end":{"line":38,"column":null}},"loc":{"start":{"line":40,"column":22},"end":{"line":89,"column":null}}},"1":{"name":"(anonymous_2)","decl":{"start":{"line":62,"column":35},"end":{"line":62,"column":43}},"loc":{"start":{"line":62,"column":43},"end":{"line":65,"column":null}}},"2":{"name":"buildSystemPrompt","decl":{"start":{"line":91,"column":9},"end":{"line":91,"column":27}},"loc":{"start":{"line":91,"column":50},"end":{"line":116,"column":null}}}},"branchMap":{"0":{"loc":{"start":{"line":42,"column":2},"end":{"line":44,"column":null}},"type":"if","locations":[{"start":{"line":42,"column":2},"end":{"line":44,"column":null}}]},"1":{"loc":{"start":{"line":47,"column":19},"end":{"line":47,"column":43}},"type":"default-arg","locations":[{"start":{"line":47,"column":41},"end":{"line":47,"column":43}}]},"2":{"loc":{"start":{"line":49,"column":2},"end":{"line":51,"column":null}},"type":"if","locations":[{"start":{"line":49,"column":2},"end":{"line":51,"column":null}}]},"3":{"loc":{"start":{"line":49,"column":6},"end":{"line":49,"column":35}},"type":"binary-expr","locations":[{"start":{"line":49,"column":6},"end":{"line":49,"column":18}},{"start":{"line":49,"column":18},"end":{"line":49,"column":35}}]},"4":{"loc":{"start":{"line":59,"column":13},"end":{"line":59,"column":null}},"type":"binary-expr","locations":[{"start":{"line":59,"column":13},"end":{"line":59,"column":37}},{"start":{"line":59,"column":41},"end":{"line":59,"column":null}}]},"5":{"loc":{"start":{"line":74,"column":4},"end":{"line":76,"column":null}},"type":"if","locations":[{"start":{"line":74,"column":4},"end":{"line":76,"column":null}}]},"6":{"loc":{"start":{"line":80,"column":18},"end":{"line":80,"column":null}},"type":"binary-expr","locations":[{"start":{"line":80,"column":18},"end":{"line":80,"column":52}},{"start":{"line":80,"column":52},"end":{"line":80,"column":null}}]},"7":{"loc":{"start":{"line":97,"column":2},"end":{"line":97,"column":64}},"type":"cond-expr","locations":[{"start":{"line":97,"column":19},"end":{"line":97,"column":58}},{"start":{"line":97,"column":61},"end":{"line":97,"column":64}}]},"8":{"loc":{"start":{"line":98,"column":2},"end":{"line":98,"column":70}},"type":"cond-expr","locations":[{"start":{"line":98,"column":24},"end":{"line":98,"column":64}},{"start":{"line":98,"column":67},"end":{"line":98,"column":70}}]},"9":{"loc":{"start":{"line":99,"column":2},"end":{"line":99,"column":92}},"type":"cond-expr","locations":[{"start":{"line":99,"column":33},"end":{"line":99,"column":86}},{"start":{"line":99,"column":89},"end":{"line":99,"column":92}}]}},"s":{"0":0,"1":0,"2":0,"3":0,"4":0,"5":0,"6":0,"7":0,"8":0,"9":0,"10":0,"11":0,"12":0,"13":0,"14":0,"15":0,"16":0,"17":0,"18":0,"19":0,"20":0,"21":0},"f":{"0":0,"1":0,"2":0},"b":{"0":[0],"1":[0],"2":[0],"3":[0,0],"4":[0,0],"5":[0],"6":[0,0],"7":[0,0],"8":[0,0],"9":[0,0]}}
,"/Users/josephehler/Desktop/Desktop/apps/motomind-ai/features/vehicles/data/conversations.ts": {"path":"/Users/josephehler/Desktop/Desktop/apps/motomind-ai/features/vehicles/data/conversations.ts","statementMap":{"0":{"start":{"line":153,"column":0},"end":{"line":153,"column":15}},"1":{"start":{"line":9,"column":36},"end":{"line":9,"column":null}},"2":{"start":{"line":11,"column":29},"end":{"line":11,"column":null}},"3":{"start":{"line":12,"column":38},"end":{"line":12,"column":null}},"4":{"start":{"line":14,"column":17},"end":{"line":16,"column":null}},"5":{"start":{"line":23,"column":28},"end":{"line":23,"column":37}},"6":{"start":{"line":25,"column":2},"end":{"line":27,"column":null}},"7":{"start":{"line":26,"column":4},"end":{"line":26,"column":null}},"8":{"start":{"line":30,"column":2},"end":{"line":55,"column":null}},"9":{"start":{"line":31,"column":4},"end":{"line":54,"column":null}},"10":{"start":{"line":32,"column":6},"end":{"line":32,"column":null}},"11":{"start":{"line":34,"column":39},"end":{"line":39,"column":null}},"12":{"start":{"line":41,"column":6},"end":{"line":44,"column":null}},"13":{"start":{"line":42,"column":8},"end":{"line":42,"column":null}},"14":{"start":{"line":43,"column":8},"end":{"line":43,"column":null}},"15":{"start":{"line":46,"column":6},"end":{"line":46,"column":null}},"16":{"start":{"line":47,"column":6},"end":{"line":47,"column":null}},"17":{"start":{"line":49,"column":6},"end":{"line":49,"column":null}},"18":{"start":{"line":50,"column":6},"end":{"line":53,"column":null}},"19":{"start":{"line":58,"column":2},"end":{"line":147,"column":null}},"20":{"start":{"line":59,"column":4},"end":{"line":146,"column":null}},"21":{"start":{"line":60,"column":33},"end":{"line":60,"column":41}},"22":{"start":{"line":62,"column":6},"end":{"line":62,"column":null}},"23":{"start":{"line":66,"column":19},"end":{"line":66,"column":58}},"24":{"start":{"line":68,"column":6},"end":{"line":80,"column":null}},"25":{"start":{"line":70,"column":27},"end":{"line":70,"column":52}},"26":{"start":{"line":71,"column":8},"end":{"line":77,"column":null}},"27":{"start":{"line":72,"column":24},"end":{"line":72,"column":null}},"28":{"start":{"line":73,"column":55},"end":{"line":73,"column":null}},"29":{"start":{"line":74,"column":10},"end":{"line":76,"column":null}},"30":{"start":{"line":75,"column":12},"end":{"line":75,"column":null}},"31":{"start":{"line":79,"column":8},"end":{"line":79,"column":null}},"32":{"start":{"line":82,"column":6},"end":{"line":82,"column":null}},"33":{"start":{"line":85,"column":29},"end":{"line":85,"column":null}},"34":{"start":{"line":86,"column":28},"end":{"line":86,"column":null}},"35":{"start":{"line":88,"column":6},"end":{"line":114,"column":null}},"36":{"start":{"line":89,"column":28},"end":{"line":95,"column":null}},"37":{"start":{"line":98,"column":8},"end":{"line":106,"column":null}},"38":{"start":{"line":108,"column":8},"end":{"line":111,"column":null}},"39":{"start":{"line":113,"column":8},"end":{"line":113,"column":null}},"40":{"start":{"line":117,"column":38},"end":{"line":126,"column":null}},"41":{"start":{"line":128,"column":6},"end":{"line":131,"column":null}},"42":{"start":{"line":129,"column":8},"end":{"line":129,"column":null}},"43":{"start":{"line":130,"column":8},"end":{"line":130,"column":null}},"44":{"start":{"line":133,"column":6},"end":{"line":133,"column":null}},"45":{"start":{"line":134,"column":6},"end":{"line":134,"column":null}},"46":{"start":{"line":136,"column":6},"end":{"line":136,"column":null}},"47":{"start":{"line":137,"column":6},"end":{"line":141,"column":null}},"48":{"start":{"line":142,"column":6},"end":{"line":145,"column":null}},"49":{"start":{"line":149,"column":2},"end":{"line":149,"column":null}},"50":{"start":{"line":153,"column":15},"end":{"line":153,"column":null}}},"fnMap":{"0":{"name":"handler","decl":{"start":{"line":19,"column":15},"end":{"line":19,"column":null}},"loc":{"start":{"line":21,"column":22},"end":{"line":150,"column":null}}}},"branchMap":{"0":{"loc":{"start":{"line":25,"column":2},"end":{"line":27,"column":null}},"type":"if","locations":[{"start":{"line":25,"column":2},"end":{"line":27,"column":null}}]},"1":{"loc":{"start":{"line":25,"column":6},"end":{"line":25,"column":51}},"type":"binary-expr","locations":[{"start":{"line":25,"column":6},"end":{"line":25,"column":20}},{"start":{"line":25,"column":20},"end":{"line":25,"column":51}}]},"2":{"loc":{"start":{"line":30,"column":2},"end":{"line":55,"column":null}},"type":"if","locations":[{"start":{"line":30,"column":2},"end":{"line":55,"column":null}}]},"3":{"loc":{"start":{"line":41,"column":6},"end":{"line":44,"column":null}},"type":"if","locations":[{"start":{"line":41,"column":6},"end":{"line":44,"column":null}}]},"4":{"loc":{"start":{"line":46,"column":38},"end":{"line":46,"column":null}},"type":"binary-expr","locations":[{"start":{"line":46,"column":38},"end":{"line":46,"column":57}},{"start":{"line":46,"column":57},"end":{"line":46,"column":null}}]},"5":{"loc":{"start":{"line":58,"column":2},"end":{"line":147,"column":null}},"type":"if","locations":[{"start":{"line":58,"column":2},"end":{"line":147,"column":null}}]},"6":{"loc":{"start":{"line":71,"column":8},"end":{"line":77,"column":null}},"type":"if","locations":[{"start":{"line":71,"column":8},"end":{"line":77,"column":null}}]},"7":{"loc":{"start":{"line":74,"column":10},"end":{"line":76,"column":null}},"type":"if","locations":[{"start":{"line":74,"column":10},"end":{"line":76,"column":null}}]},"8":{"loc":{"start":{"line":74,"column":14},"end":{"line":74,"column":34}},"type":"binary-expr","locations":[{"start":{"line":74,"column":14},"end":{"line":74,"column":28}},{"start":{"line":74,"column":28},"end":{"line":74,"column":34}}]},"9":{"loc":{"start":{"line":128,"column":6},"end":{"line":131,"column":null}},"type":"if","locations":[{"start":{"line":128,"column":6},"end":{"line":131,"column":null}}]}},"s":{"0":0,"1":0,"2":0,"3":0,"4":0,"5":0,"6":0,"7":0,"8":0,"9":0,"10":0,"11":0,"12":0,"13":0,"14":0,"15":0,"16":0,"17":0,"18":0,"19":0,"20":0,"21":0,"22":0,"23":0,"24":0,"25":0,"26":0,"27":0,"28":0,"29":0,"30":0,"31":0,"32":0,"33":0,"34":0,"35":0,"36":0,"37":0,"38":0,"39":0,"40":0,"41":0,"42":0,"43":0,"44":0,"45":0,"46":0,"47":0,"48":0,"49":0,"50":0},"f":{"0":0},"b":{"0":[0],"1":[0,0],"2":[0],"3":[0],"4":[0,0],"5":[0],"6":[0],"7":[0],"8":[0,0],"9":[0]}}
,"/Users/josephehler/Desktop/Desktop/apps/motomind-ai/features/vehicles/data/correct.ts": {"path":"/Users/josephehler/Desktop/Desktop/apps/motomind-ai/features/vehicles/data/correct.ts","statementMap":{"0":{"start":{"line":164,"column":0},"end":{"line":164,"column":15}},"1":{"start":{"line":11,"column":36},"end":{"line":11,"column":null}},"2":{"start":{"line":13,"column":29},"end":{"line":13,"column":null}},"3":{"start":{"line":15,"column":17},"end":{"line":17,"column":null}},"4":{"start":{"line":24,"column":2},"end":{"line":26,"column":null}},"5":{"start":{"line":25,"column":4},"end":{"line":25,"column":null}},"6":{"start":{"line":28,"column":37},"end":{"line":28,"column":46}},"7":{"start":{"line":29,"column":42},"end":{"line":29,"column":50}},"8":{"start":{"line":31,"column":2},"end":{"line":33,"column":null}},"9":{"start":{"line":32,"column":4},"end":{"line":32,"column":null}},"10":{"start":{"line":35,"column":2},"end":{"line":37,"column":null}},"11":{"start":{"line":36,"column":4},"end":{"line":36,"column":null}},"12":{"start":{"line":39,"column":2},"end":{"line":41,"column":null}},"13":{"start":{"line":40,"column":4},"end":{"line":40,"column":null}},"14":{"start":{"line":43,"column":2},"end":{"line":160,"column":null}},"15":{"start":{"line":44,"column":4},"end":{"line":44,"column":null}},"16":{"start":{"line":47,"column":55},"end":{"line":52,"column":null}},"17":{"start":{"line":54,"column":4},"end":{"line":57,"column":null}},"18":{"start":{"line":55,"column":6},"end":{"line":55,"column":null}},"19":{"start":{"line":56,"column":6},"end":{"line":56,"column":null}},"20":{"start":{"line":60,"column":60},"end":{"line":60,"column":null}},"21":{"start":{"line":61,"column":41},"end":{"line":61,"column":null}},"22":{"start":{"line":64,"column":4},"end":{"line":88,"column":null}},"23":{"start":{"line":65,"column":23},"end":{"line":65,"column":43}},"24":{"start":{"line":68,"column":6},"end":{"line":87,"column":null}},"25":{"start":{"line":69,"column":29},"end":{"line":69,"column":null}},"26":{"start":{"line":70,"column":31},"end":{"line":70,"column":null}},"27":{"start":{"line":72,"column":8},"end":{"line":75,"column":null}},"28":{"start":{"line":77,"column":8},"end":{"line":80,"column":null}},"29":{"start":{"line":82,"column":8},"end":{"line":85,"column":null}},"30":{"start":{"line":86,"column":8},"end":{"line":86,"column":null}},"31":{"start":{"line":91,"column":29},"end":{"line":96,"column":null}},"32":{"start":{"line":99,"column":28},"end":{"line":99,"column":60}},"33":{"start":{"line":100,"column":23},"end":{"line":100,"column":null}},"34":{"start":{"line":103,"column":55},"end":{"line":116,"column":null}},"35":{"start":{"line":118,"column":4},"end":{"line":121,"column":null}},"36":{"start":{"line":119,"column":6},"end":{"line":119,"column":null}},"37":{"start":{"line":120,"column":6},"end":{"line":120,"column":null}},"38":{"start":{"line":124,"column":4},"end":{"line":139,"column":null}},"39":{"start":{"line":135,"column":50},"end":{"line":135,"column":null}},"40":{"start":{"line":141,"column":4},"end":{"line":141,"column":null}},"41":{"start":{"line":143,"column":4},"end":{"line":153,"column":null}},"42":{"start":{"line":155,"column":4},"end":{"line":155,"column":null}},"43":{"start":{"line":156,"column":4},"end":{"line":159,"column":null}},"44":{"start":{"line":164,"column":15},"end":{"line":164,"column":null}}},"fnMap":{"0":{"name":"handler","decl":{"start":{"line":20,"column":15},"end":{"line":20,"column":null}},"loc":{"start":{"line":22,"column":22},"end":{"line":161,"column":null}}},"1":{"name":"(anonymous_2)","decl":{"start":{"line":135,"column":41},"end":{"line":135,"column":50}},"loc":{"start":{"line":135,"column":50},"end":{"line":135,"column":null}}}},"branchMap":{"0":{"loc":{"start":{"line":24,"column":2},"end":{"line":26,"column":null}},"type":"if","locations":[{"start":{"line":24,"column":2},"end":{"line":26,"column":null}}]},"1":{"loc":{"start":{"line":31,"column":2},"end":{"line":33,"column":null}},"type":"if","locations":[{"start":{"line":31,"column":2},"end":{"line":33,"column":null}}]},"2":{"loc":{"start":{"line":31,"column":6},"end":{"line":31,"column":51}},"type":"binary-expr","locations":[{"start":{"line":31,"column":6},"end":{"line":31,"column":20}},{"start":{"line":31,"column":20},"end":{"line":31,"column":51}}]},"3":{"loc":{"start":{"line":35,"column":2},"end":{"line":37,"column":null}},"type":"if","locations":[{"start":{"line":35,"column":2},"end":{"line":37,"column":null}}]},"4":{"loc":{"start":{"line":35,"column":6},"end":{"line":35,"column":47}},"type":"binary-expr","locations":[{"start":{"line":35,"column":6},"end":{"line":35,"column":18}},{"start":{"line":35,"column":18},"end":{"line":35,"column":47}}]},"5":{"loc":{"start":{"line":39,"column":2},"end":{"line":41,"column":null}},"type":"if","locations":[{"start":{"line":39,"column":2},"end":{"line":41,"column":null}}]},"6":{"loc":{"start":{"line":39,"column":6},"end":{"line":39,"column":55}},"type":"binary-expr","locations":[{"start":{"line":39,"column":6},"end":{"line":39,"column":22}},{"start":{"line":39,"column":22},"end":{"line":39,"column":55}}]},"7":{"loc":{"start":{"line":54,"column":4},"end":{"line":57,"column":null}},"type":"if","locations":[{"start":{"line":54,"column":4},"end":{"line":57,"column":null}}]},"8":{"loc":{"start":{"line":54,"column":8},"end":{"line":54,"column":38}},"type":"binary-expr","locations":[{"start":{"line":54,"column":8},"end":{"line":54,"column":22}},{"start":{"line":54,"column":22},"end":{"line":54,"column":38}}]},"9":{"loc":{"start":{"line":68,"column":6},"end":{"line":87,"column":null}},"type":"if","locations":[{"start":{"line":68,"column":6},"end":{"line":87,"column":null}},{"start":{"line":81,"column":13},"end":{"line":87,"column":null}}]},"10":{"loc":{"start":{"line":70,"column":31},"end":{"line":70,"column":null}},"type":"binary-expr","locations":[{"start":{"line":70,"column":31},"end":{"line":70,"column":52}},{"start":{"line":70,"column":56},"end":{"line":70,"column":null}}]},"11":{"loc":{"start":{"line":93,"column":14},"end":{"line":93,"column":null}},"type":"binary-expr","locations":[{"start":{"line":93,"column":14},"end":{"line":93,"column":24}},{"start":{"line":93,"column":24},"end":{"line":93,"column":null}}]},"12":{"loc":{"start":{"line":94,"column":14},"end":{"line":94,"column":null}},"type":"binary-expr","locations":[{"start":{"line":94,"column":14},"end":{"line":94,"column":24}},{"start":{"line":94,"column":24},"end":{"line":94,"column":null}}]},"13":{"loc":{"start":{"line":99,"column":28},"end":{"line":99,"column":60}},"type":"binary-expr","locations":[{"start":{"line":99,"column":28},"end":{"line":99,"column":54}},{"start":{"line":99,"column":58},"end":{"line":99,"column":60}}]},"14":{"loc":{"start":{"line":110,"column":19},"end":{"line":110,"column":null}},"type":"binary-expr","locations":[{"start":{"line":110,"column":19},"end":{"line":110,"column":29}},{"start":{"line":110,"column":29},"end":{"line":110,"column":null}}]},"15":{"loc":{"start":{"line":111,"column":21},"end":{"line":111,"column":null}},"type":"binary-expr","locations":[{"start":{"line":111,"column":21},"end":{"line":111,"column":31}},{"start":{"line":111,"column":31},"end":{"line":111,"column":null}}]},"16":{"loc":{"start":{"line":118,"column":4},"end":{"line":121,"column":null}},"type":"if","locations":[{"start":{"line":118,"column":4},"end":{"line":121,"column":null}}]},"17":{"loc":{"start":{"line":138,"column":20},"end":{"line":138,"column":null}},"type":"binary-expr","locations":[{"start":{"line":138,"column":20},"end":{"line":138,"column":30}},{"start":{"line":138,"column":30},"end":{"line":138,"column":null}}]}},"s":{"0":0,"1":0,"2":0,"3":0,"4":0,"5":0,"6":0,"7":0,"8":0,"9":0,"10":0,"11":0,"12":0,"13":0,"14":0,"15":0,"16":0,"17":0,"18":0,"19":0,"20":0,"21":0,"22":0,"23":0,"24":0,"25":0,"26":0,"27":0,"28":0,"29":0,"30":0,"31":0,"32":0,"33":0,"34":0,"35":0,"36":0,"37":0,"38":0,"39":0,"40":0,"41":0,"42":0,"43":0,"44":0},"f":{"0":0,"1":0},"b":{"0":[0],"1":[0],"2":[0,0],"3":[0],"4":[0,0],"5":[0],"6":[0,0],"7":[0],"8":[0,0],"9":[0,0],"10":[0,0],"11":[0,0],"12":[0,0],"13":[0,0],"14":[0,0],"15":[0,0],"16":[0],"17":[0,0]}}
,"/Users/josephehler/Desktop/Desktop/apps/motomind-ai/features/vehicles/data/createVehicle.ts": {"path":"/Users/josephehler/Desktop/Desktop/apps/motomind-ai/features/vehicles/data/createVehicle.ts","statementMap":{"0":{"start":{"line":26,"column":22},"end":{"line":26,"column":null}},"1":{"start":{"line":1,"column":30},"end":{"line":1,"column":null}},"2":{"start":{"line":2,"column":26},"end":{"line":2,"column":null}},"3":{"start":{"line":31,"column":15},"end":{"line":31,"column":null}},"4":{"start":{"line":34,"column":22},"end":{"line":49,"column":null}},"5":{"start":{"line":51,"column":2},"end":{"line":55,"column":null}},"6":{"start":{"line":58,"column":35},"end":{"line":62,"column":null}},"7":{"start":{"line":64,"column":2},"end":{"line":67,"column":null}},"8":{"start":{"line":65,"column":4},"end":{"line":65,"column":null}},"9":{"start":{"line":66,"column":4},"end":{"line":66,"column":null}},"10":{"start":{"line":69,"column":2},"end":{"line":69,"column":null}},"11":{"start":{"line":72,"column":2},"end":{"line":107,"column":null}},"12":{"start":{"line":73,"column":4},"end":{"line":106,"column":null}},"13":{"start":{"line":74,"column":6},"end":{"line":74,"column":null}},"14":{"start":{"line":77,"column":23},"end":{"line":77,"column":null}},"15":{"start":{"line":78,"column":23},"end":{"line":78,"column":null}},"16":{"start":{"line":81,"column":26},"end":{"line":83,"column":38}},"17":{"start":{"line":85,"column":36},"end":{"line":95,"column":null}},"18":{"start":{"line":97,"column":6},"end":{"line":102,"column":null}},"19":{"start":{"line":98,"column":8},"end":{"line":98,"column":null}},"20":{"start":{"line":101,"column":8},"end":{"line":101,"column":null}},"21":{"start":{"line":104,"column":6},"end":{"line":104,"column":null}},"22":{"start":{"line":109,"column":2},"end":{"line":112,"column":null}}},"fnMap":{"0":{"name":"createVehicle","decl":{"start":{"line":26,"column":22},"end":{"line":26,"column":null}},"loc":{"start":{"line":28,"column":18},"end":{"line":113,"column":null}}}},"branchMap":{"0":{"loc":{"start":{"line":31,"column":15},"end":{"line":31,"column":null}},"type":"binary-expr","locations":[{"start":{"line":31,"column":15},"end":{"line":31,"column":41}},{"start":{"line":31,"column":41},"end":{"line":31,"column":null}}]},"1":{"loc":{"start":{"line":41,"column":15},"end":{"line":41,"column":null}},"type":"binary-expr","locations":[{"start":{"line":41,"column":15},"end":{"line":41,"column":30}},{"start":{"line":41,"column":34},"end":{"line":41,"column":null}}]},"2":{"loc":{"start":{"line":47,"column":20},"end":{"line":47,"column":null}},"type":"binary-expr","locations":[{"start":{"line":47,"column":20},"end":{"line":47,"column":40}},{"start":{"line":47,"column":44},"end":{"line":47,"column":null}}]},"3":{"loc":{"start":{"line":64,"column":2},"end":{"line":67,"column":null}},"type":"if","locations":[{"start":{"line":64,"column":2},"end":{"line":67,"column":null}}]},"4":{"loc":{"start":{"line":72,"column":2},"end":{"line":107,"column":null}},"type":"if","locations":[{"start":{"line":72,"column":2},"end":{"line":107,"column":null}}]},"5":{"loc":{"start":{"line":78,"column":23},"end":{"line":78,"column":null}},"type":"binary-expr","locations":[{"start":{"line":78,"column":23},"end":{"line":78,"column":52}},{"start":{"line":78,"column":56},"end":{"line":78,"column":null}}]},"6":{"loc":{"start":{"line":81,"column":26},"end":{"line":83,"column":38}},"type":"cond-expr","locations":[{"start":{"line":82,"column":10},"end":{"line":82,"column":59}},{"start":{"line":83,"column":10},"end":{"line":83,"column":38}}]},"7":{"loc":{"start":{"line":97,"column":6},"end":{"line":102,"column":null}},"type":"if","locations":[{"start":{"line":97,"column":6},"end":{"line":102,"column":null}},{"start":{"line":100,"column":13},"end":{"line":102,"column":null}}]}},"s":{"0":18,"1":1,"2":1,"3":18,"4":18,"5":18,"6":18,"7":18,"8":2,"9":2,"10":16,"11":16,"12":2,"13":2,"14":2,"15":2,"16":2,"17":2,"18":2,"19":1,"20":1,"21":0,"22":16},"f":{"0":18},"b":{"0":[18,15],"1":[18,16],"2":[18,17],"3":[2],"4":[2],"5":[2,0],"6":[2,0],"7":[1,1]}}
,"/Users/josephehler/Desktop/Desktop/apps/motomind-ai/features/vehicles/data/decode-vin.ts": {"path":"/Users/josephehler/Desktop/Desktop/apps/motomind-ai/features/vehicles/data/decode-vin.ts","statementMap":{"0":{"start":{"line":168,"column":0},"end":{"line":168,"column":15}},"1":{"start":{"line":2,"column":36},"end":{"line":2,"column":null}},"2":{"start":{"line":9,"column":2},"end":{"line":11,"column":null}},"3":{"start":{"line":10,"column":4},"end":{"line":10,"column":null}},"4":{"start":{"line":13,"column":2},"end":{"line":164,"column":null}},"5":{"start":{"line":14,"column":20},"end":{"line":14,"column":28}},"6":{"start":{"line":16,"column":4},"end":{"line":18,"column":null}},"7":{"start":{"line":17,"column":6},"end":{"line":17,"column":null}},"8":{"start":{"line":20,"column":4},"end":{"line":20,"column":null}},"9":{"start":{"line":23,"column":21},"end":{"line":23,"column":91}},"10":{"start":{"line":25,"column":21},"end":{"line":30,"column":null}},"11":{"start":{"line":32,"column":4},"end":{"line":34,"column":null}},"12":{"start":{"line":33,"column":6},"end":{"line":33,"column":null}},"13":{"start":{"line":36,"column":22},"end":{"line":36,"column":null}},"14":{"start":{"line":37,"column":4},"end":{"line":37,"column":null}},"15":{"start":{"line":39,"column":4},"end":{"line":49,"column":null}},"16":{"start":{"line":40,"column":6},"end":{"line":48,"column":null}},"17":{"start":{"line":52,"column":20},"end":{"line":52,"column":37}},"18":{"start":{"line":53,"column":21},"end":{"line":56,"column":null}},"19":{"start":{"line":54,"column":20},"end":{"line":54,"column":null}},"20":{"start":{"line":54,"column":45},"end":{"line":54,"column":null}},"21":{"start":{"line":55,"column":6},"end":{"line":55,"column":null}},"22":{"start":{"line":58,"column":17},"end":{"line":58,"column":30}},"23":{"start":{"line":59,"column":17},"end":{"line":59,"column":30}},"24":{"start":{"line":60,"column":18},"end":{"line":60,"column":31}},"25":{"start":{"line":62,"column":17},"end":{"line":62,"column":30}},"26":{"start":{"line":63,"column":22},"end":{"line":63,"column":34}},"27":{"start":{"line":64,"column":24},"end":{"line":64,"column":37}},"28":{"start":{"line":66,"column":4},"end":{"line":66,"column":null}},"29":{"start":{"line":69,"column":25},"end":{"line":139,"column":null}},"30":{"start":{"line":70,"column":6},"end":{"line":70,"column":null}},"31":{"start":{"line":70,"column":46},"end":{"line":70,"column":null}},"32":{"start":{"line":73,"column":51},"end":{"line":112,"column":null}},"33":{"start":{"line":115,"column":6},"end":{"line":117,"column":null}},"34":{"start":{"line":116,"column":8},"end":{"line":116,"column":null}},"35":{"start":{"line":120,"column":23},"end":{"line":120,"column":null}},"36":{"start":{"line":120,"column":64},"end":{"line":120,"column":null}},"37":{"start":{"line":123,"column":6},"end":{"line":136,"column":null}},"38":{"start":{"line":138,"column":6},"end":{"line":138,"column":null}},"39":{"start":{"line":142,"column":24},"end":{"line":151,"column":null}},"40":{"start":{"line":153,"column":4},"end":{"line":153,"column":null}},"41":{"start":{"line":155,"column":4},"end":{"line":155,"column":null}},"42":{"start":{"line":158,"column":4},"end":{"line":158,"column":null}},"43":{"start":{"line":159,"column":4},"end":{"line":163,"column":null}},"44":{"start":{"line":168,"column":15},"end":{"line":168,"column":null}}},"fnMap":{"0":{"name":"handler","decl":{"start":{"line":5,"column":15},"end":{"line":5,"column":null}},"loc":{"start":{"line":7,"column":22},"end":{"line":165,"column":null}}},"1":{"name":"(anonymous_2)","decl":{"start":{"line":53,"column":21},"end":{"line":53,"column":22}},"loc":{"start":{"line":53,"column":22},"end":{"line":56,"column":null}}},"2":{"name":"(anonymous_3)","decl":{"start":{"line":54,"column":33},"end":{"line":54,"column":34}},"loc":{"start":{"line":54,"column":45},"end":{"line":54,"column":null}}},"3":{"name":"(anonymous_4)","decl":{"start":{"line":69,"column":25},"end":{"line":69,"column":26}},"loc":{"start":{"line":69,"column":26},"end":{"line":139,"column":null}}},"4":{"name":"(anonymous_5)","decl":{"start":{"line":120,"column":59},"end":{"line":120,"column":64}},"loc":{"start":{"line":120,"column":64},"end":{"line":120,"column":null}}}},"branchMap":{"0":{"loc":{"start":{"line":9,"column":2},"end":{"line":11,"column":null}},"type":"if","locations":[{"start":{"line":9,"column":2},"end":{"line":11,"column":null}}]},"1":{"loc":{"start":{"line":16,"column":4},"end":{"line":18,"column":null}},"type":"if","locations":[{"start":{"line":16,"column":4},"end":{"line":18,"column":null}}]},"2":{"loc":{"start":{"line":16,"column":8},"end":{"line":16,"column":62}},"type":"binary-expr","locations":[{"start":{"line":16,"column":8},"end":{"line":16,"column":16}},{"start":{"line":16,"column":16},"end":{"line":16,"column":43}},{"start":{"line":16,"column":43},"end":{"line":16,"column":62}}]},"3":{"loc":{"start":{"line":32,"column":4},"end":{"line":34,"column":null}},"type":"if","locations":[{"start":{"line":32,"column":4},"end":{"line":34,"column":null}}]},"4":{"loc":{"start":{"line":39,"column":4},"end":{"line":49,"column":null}},"type":"if","locations":[{"start":{"line":39,"column":4},"end":{"line":49,"column":null}}]},"5":{"loc":{"start":{"line":39,"column":8},"end":{"line":39,"column":62}},"type":"binary-expr","locations":[{"start":{"line":39,"column":8},"end":{"line":39,"column":26}},{"start":{"line":39,"column":30},"end":{"line":39,"column":62}}]},"6":{"loc":{"start":{"line":55,"column":13},"end":{"line":55,"column":null}},"type":"binary-expr","locations":[{"start":{"line":55,"column":13},"end":{"line":55,"column":29}},{"start":{"line":55,"column":29},"end":{"line":55,"column":null}}]},"7":{"loc":{"start":{"line":70,"column":6},"end":{"line":70,"column":null}},"type":"if","locations":[{"start":{"line":70,"column":6},"end":{"line":70,"column":null}}]},"8":{"loc":{"start":{"line":70,"column":10},"end":{"line":70,"column":46}},"type":"binary-expr","locations":[{"start":{"line":70,"column":10},"end":{"line":70,"column":19}},{"start":{"line":70,"column":19},"end":{"line":70,"column":46}}]},"9":{"loc":{"start":{"line":115,"column":6},"end":{"line":117,"column":null}},"type":"if","locations":[{"start":{"line":115,"column":6},"end":{"line":117,"column":null}}]},"10":{"loc":{"start":{"line":145,"column":12},"end":{"line":145,"column":null}},"type":"cond-expr","locations":[{"start":{"line":145,"column":48},"end":{"line":145,"column":65}},{"start":{"line":145,"column":65},"end":{"line":145,"column":null}}]},"11":{"loc":{"start":{"line":145,"column":12},"end":{"line":145,"column":48}},"type":"binary-expr","locations":[{"start":{"line":145,"column":12},"end":{"line":145,"column":20}},{"start":{"line":145,"column":20},"end":{"line":145,"column":48}}]},"12":{"loc":{"start":{"line":162,"column":15},"end":{"line":162,"column":null}},"type":"cond-expr","locations":[{"start":{"line":162,"column":40},"end":{"line":162,"column":53}},{"start":{"line":162,"column":56},"end":{"line":162,"column":null}}]}},"s":{"0":0,"1":0,"2":0,"3":0,"4":0,"5":0,"6":0,"7":0,"8":0,"9":0,"10":0,"11":0,"12":0,"13":0,"14":0,"15":0,"16":0,"17":0,"18":0,"19":0,"20":0,"21":0,"22":0,"23":0,"24":0,"25":0,"26":0,"27":0,"28":0,"29":0,"30":0,"31":0,"32":0,"33":0,"34":0,"35":0,"36":0,"37":0,"38":0,"39":0,"40":0,"41":0,"42":0,"43":0,"44":0},"f":{"0":0,"1":0,"2":0,"3":0,"4":0},"b":{"0":[0],"1":[0],"2":[0,0,0],"3":[0],"4":[0],"5":[0,0],"6":[0,0],"7":[0],"8":[0,0],"9":[0],"10":[0,0],"11":[0,0],"12":[0,0]}}
,"/Users/josephehler/Desktop/Desktop/apps/motomind-ai/features/vehicles/data/decodeVin.ts": {"path":"/Users/josephehler/Desktop/Desktop/apps/motomind-ai/features/vehicles/data/decodeVin.ts","statementMap":{"0":{"start":{"line":292,"column":0},"end":{"line":292,"column":15}},"1":{"start":{"line":2,"column":36},"end":{"line":2,"column":null}},"2":{"start":{"line":4,"column":21},"end":{"line":4,"column":null}},"3":{"start":{"line":5,"column":23},"end":{"line":5,"column":null}},"4":{"start":{"line":6,"column":50},"end":{"line":6,"column":null}},"5":{"start":{"line":8,"column":0},"end":{"line":8,"column":null}},"6":{"start":{"line":10,"column":13},"end":{"line":12,"column":null}},"7":{"start":{"line":51,"column":17},"end":{"line":51,"column":null}},"8":{"start":{"line":52,"column":2},"end":{"line":60,"column":null}},"9":{"start":{"line":53,"column":19},"end":{"line":55,"column":null}},"10":{"start":{"line":57,"column":4},"end":{"line":57,"column":null}},"11":{"start":{"line":59,"column":4},"end":{"line":59,"column":null}},"12":{"start":{"line":64,"column":17},"end":{"line":64,"column":null}},"13":{"start":{"line":65,"column":2},"end":{"line":75,"column":null}},"14":{"start":{"line":66,"column":4},"end":{"line":72,"column":null}},"15":{"start":{"line":74,"column":4},"end":{"line":74,"column":null}},"16":{"start":{"line":80,"column":2},"end":{"line":80,"column":null}},"17":{"start":{"line":82,"column":14},"end":{"line":82,"column":84}},"18":{"start":{"line":83,"column":2},"end":{"line":83,"column":null}},"19":{"start":{"line":85,"column":19},"end":{"line":89,"column":null}},"20":{"start":{"line":91,"column":2},"end":{"line":91,"column":null}},"21":{"start":{"line":93,"column":2},"end":{"line":97,"column":null}},"22":{"start":{"line":94,"column":22},"end":{"line":94,"column":null}},"23":{"start":{"line":95,"column":4},"end":{"line":95,"column":null}},"24":{"start":{"line":96,"column":4},"end":{"line":96,"column":null}},"25":{"start":{"line":99,"column":15},"end":{"line":99,"column":null}},"26":{"start":{"line":100,"column":2},"end":{"line":100,"column":null}},"27":{"start":{"line":101,"column":2},"end":{"line":101,"column":null}},"28":{"start":{"line":103,"column":18},"end":{"line":103,"column":30}},"29":{"start":{"line":105,"column":2},"end":{"line":108,"column":null}},"30":{"start":{"line":106,"column":4},"end":{"line":106,"column":null}},"31":{"start":{"line":107,"column":4},"end":{"line":107,"column":null}},"32":{"start":{"line":111,"column":19},"end":{"line":114,"column":null}},"33":{"start":{"line":112,"column":17},"end":{"line":112,"column":null}},"34":{"start":{"line":112,"column":35},"end":{"line":112,"column":null}},"35":{"start":{"line":113,"column":4},"end":{"line":113,"column":null}},"36":{"start":{"line":116,"column":15},"end":{"line":116,"column":null}},"37":{"start":{"line":117,"column":15},"end":{"line":117,"column":null}},"38":{"start":{"line":118,"column":16},"end":{"line":118,"column":null}},"39":{"start":{"line":121,"column":18},"end":{"line":121,"column":null}},"40":{"start":{"line":123,"column":30},"end":{"line":145,"column":null}},"41":{"start":{"line":148,"column":2},"end":{"line":155,"column":null}},"42":{"start":{"line":149,"column":20},"end":{"line":149,"column":null}},"43":{"start":{"line":150,"column":4},"end":{"line":152,"column":null}},"44":{"start":{"line":151,"column":6},"end":{"line":151,"column":null}},"45":{"start":{"line":154,"column":4},"end":{"line":154,"column":null}},"46":{"start":{"line":157,"column":2},"end":{"line":157,"column":null}},"47":{"start":{"line":162,"column":2},"end":{"line":179,"column":null}},"48":{"start":{"line":163,"column":21},"end":{"line":169,"column":null}},"49":{"start":{"line":172,"column":4},"end":{"line":172,"column":null}},"50":{"start":{"line":172,"column":22},"end":{"line":172,"column":null}},"51":{"start":{"line":174,"column":17},"end":{"line":174,"column":null}},"52":{"start":{"line":177,"column":4},"end":{"line":177,"column":null}},"53":{"start":{"line":178,"column":4},"end":{"line":178,"column":null}},"54":{"start":{"line":186,"column":2},"end":{"line":186,"column":null}},"55":{"start":{"line":190,"column":2},"end":{"line":192,"column":null}},"56":{"start":{"line":191,"column":4},"end":{"line":191,"column":null}},"57":{"start":{"line":196,"column":20},"end":{"line":196,"column":null}},"58":{"start":{"line":197,"column":4},"end":{"line":197,"column":null}},"59":{"start":{"line":200,"column":16},"end":{"line":200,"column":null}},"60":{"start":{"line":201,"column":4},"end":{"line":208,"column":null}},"61":{"start":{"line":202,"column":6},"end":{"line":202,"column":null}},"62":{"start":{"line":203,"column":6},"end":{"line":205,"column":null}},"63":{"start":{"line":204,"column":8},"end":{"line":204,"column":null}},"64":{"start":{"line":207,"column":6},"end":{"line":207,"column":null}},"65":{"start":{"line":210,"column":4},"end":{"line":222,"column":null}},"66":{"start":{"line":211,"column":6},"end":{"line":211,"column":null}},"67":{"start":{"line":213,"column":6},"end":{"line":213,"column":null}},"68":{"start":{"line":216,"column":6},"end":{"line":221,"column":null}},"69":{"start":{"line":217,"column":8},"end":{"line":217,"column":null}},"70":{"start":{"line":218,"column":8},"end":{"line":218,"column":null}},"71":{"start":{"line":220,"column":8},"end":{"line":220,"column":null}},"72":{"start":{"line":225,"column":26},"end":{"line":225,"column":null}},"73":{"start":{"line":227,"column":4},"end":{"line":232,"column":null}},"74":{"start":{"line":238,"column":24},"end":{"line":246,"column":null}},"75":{"start":{"line":249,"column":2},"end":{"line":252,"column":null}},"76":{"start":{"line":251,"column":4},"end":{"line":251,"column":55}},"77":{"start":{"line":255,"column":2},"end":{"line":268,"column":null}},"78":{"start":{"line":256,"column":4},"end":{"line":256,"column":null}},"79":{"start":{"line":259,"column":4},"end":{"line":267,"column":null}},"80":{"start":{"line":260,"column":6},"end":{"line":266,"column":null}},"81":{"start":{"line":261,"column":8},"end":{"line":261,"column":null}},"82":{"start":{"line":262,"column":13},"end":{"line":266,"column":null}},"83":{"start":{"line":263,"column":8},"end":{"line":263,"column":null}},"84":{"start":{"line":265,"column":8},"end":{"line":265,"column":null}},"85":{"start":{"line":271,"column":22},"end":{"line":271,"column":null}},"86":{"start":{"line":272,"column":21},"end":{"line":272,"column":45}},"87":{"start":{"line":274,"column":2},"end":{"line":279,"column":null}},"88":{"start":{"line":275,"column":4},"end":{"line":277,"column":null}},"89":{"start":{"line":281,"column":2},"end":{"line":286,"column":null}},"90":{"start":{"line":282,"column":4},"end":{"line":284,"column":null}},"91":{"start":{"line":288,"column":2},"end":{"line":288,"column":null}},"92":{"start":{"line":292,"column":15},"end":{"line":292,"column":null}}},"fnMap":{"0":{"name":"getCachedVINData","decl":{"start":{"line":50,"column":15},"end":{"line":50,"column":32}},"loc":{"start":{"line":50,"column":43},"end":{"line":61,"column":null}}},"1":{"name":"cacheVINData","decl":{"start":{"line":63,"column":15},"end":{"line":63,"column":28}},"loc":{"start":{"line":63,"column":59},"end":{"line":76,"column":null}}},"2":{"name":"decodeVINWithNHTSA","decl":{"start":{"line":79,"column":15},"end":{"line":79,"column":34}},"loc":{"start":{"line":79,"column":45},"end":{"line":158,"column":null}}},"3":{"name":"(anonymous_4)","decl":{"start":{"line":111,"column":19},"end":{"line":111,"column":20}},"loc":{"start":{"line":111,"column":20},"end":{"line":114,"column":null}}},"4":{"name":"(anonymous_5)","decl":{"start":{"line":112,"column":30},"end":{"line":112,"column":35}},"loc":{"start":{"line":112,"column":35},"end":{"line":112,"column":null}}},"5":{"name":"getRecalls","decl":{"start":{"line":161,"column":15},"end":{"line":161,"column":26}},"loc":{"start":{"line":161,"column":67},"end":{"line":180,"column":null}}},"6":{"name":"getEPAFuelEconomy","decl":{"start":{"line":183,"column":15},"end":{"line":183,"column":33}},"loc":{"start":{"line":183,"column":74},"end":{"line":187,"column":null}}},"7":{"name":"handler","decl":{"start":{"line":189,"column":15},"end":{"line":189,"column":23}},"loc":{"start":{"line":189,"column":64},"end":{"line":234,"column":null}}},"8":{"name":"(anonymous_9)","decl":{"start":{"line":195,"column":67},"end":{"line":195,"column":74}},"loc":{"start":{"line":195,"column":74},"end":{"line":233,"column":5}}},"9":{"name":"generateSmartDefaults","decl":{"start":{"line":237,"column":9},"end":{"line":237,"column":31}},"loc":{"start":{"line":237,"column":50},"end":{"line":289,"column":null}}}},"branchMap":{"0":{"loc":{"start":{"line":57,"column":11},"end":{"line":57,"column":null}},"type":"binary-expr","locations":[{"start":{"line":57,"column":11},"end":{"line":57,"column":35}},{"start":{"line":57,"column":35},"end":{"line":57,"column":null}}]},"1":{"loc":{"start":{"line":93,"column":2},"end":{"line":97,"column":null}},"type":"if","locations":[{"start":{"line":93,"column":2},"end":{"line":97,"column":null}}]},"2":{"loc":{"start":{"line":101,"column":41},"end":{"line":101,"column":null}},"type":"binary-expr","locations":[{"start":{"line":101,"column":41},"end":{"line":101,"column":65}},{"start":{"line":101,"column":65},"end":{"line":101,"column":null}}]},"3":{"loc":{"start":{"line":105,"column":2},"end":{"line":108,"column":null}},"type":"if","locations":[{"start":{"line":105,"column":2},"end":{"line":108,"column":null}}]},"4":{"loc":{"start":{"line":105,"column":6},"end":{"line":105,"column":40}},"type":"binary-expr","locations":[{"start":{"line":105,"column":6},"end":{"line":105,"column":18}},{"start":{"line":105,"column":18},"end":{"line":105,"column":40}}]},"5":{"loc":{"start":{"line":113,"column":11},"end":{"line":113,"column":null}},"type":"binary-expr","locations":[{"start":{"line":113,"column":11},"end":{"line":113,"column":26}},{"start":{"line":113,"column":26},"end":{"line":113,"column":null}}]},"6":{"loc":{"start":{"line":116,"column":15},"end":{"line":116,"column":null}},"type":"binary-expr","locations":[{"start":{"line":116,"column":15},"end":{"line":116,"column":51}},{"start":{"line":116,"column":51},"end":{"line":116,"column":null}}]},"7":{"loc":{"start":{"line":117,"column":15},"end":{"line":117,"column":null}},"type":"binary-expr","locations":[{"start":{"line":117,"column":15},"end":{"line":117,"column":35}},{"start":{"line":117,"column":35},"end":{"line":117,"column":null}}]},"8":{"loc":{"start":{"line":118,"column":16},"end":{"line":118,"column":null}},"type":"binary-expr","locations":[{"start":{"line":118,"column":16},"end":{"line":118,"column":37}},{"start":{"line":118,"column":37},"end":{"line":118,"column":null}}]},"9":{"loc":{"start":{"line":128,"column":10},"end":{"line":128,"column":null}},"type":"binary-expr","locations":[{"start":{"line":128,"column":10},"end":{"line":128,"column":30}},{"start":{"line":128,"column":30},"end":{"line":128,"column":null}}]},"10":{"loc":{"start":{"line":131,"column":13},"end":{"line":131,"column":null}},"type":"binary-expr","locations":[{"start":{"line":131,"column":13},"end":{"line":131,"column":41}},{"start":{"line":131,"column":41},"end":{"line":131,"column":null}}]},"11":{"loc":{"start":{"line":132,"column":17},"end":{"line":132,"column":null}},"type":"binary-expr","locations":[{"start":{"line":132,"column":17},"end":{"line":132,"column":69}},{"start":{"line":132,"column":69},"end":{"line":132,"column":null}}]},"12":{"loc":{"start":{"line":133,"column":18},"end":{"line":133,"column":null}},"type":"binary-expr","locations":[{"start":{"line":133,"column":18},"end":{"line":133,"column":73}},{"start":{"line":133,"column":73},"end":{"line":133,"column":null}}]},"13":{"loc":{"start":{"line":134,"column":17},"end":{"line":134,"column":null}},"type":"binary-expr","locations":[{"start":{"line":134,"column":17},"end":{"line":134,"column":52}},{"start":{"line":134,"column":52},"end":{"line":134,"column":null}}]},"14":{"loc":{"start":{"line":136,"column":16},"end":{"line":136,"column":null}},"type":"binary-expr","locations":[{"start":{"line":136,"column":16},"end":{"line":136,"column":42}},{"start":{"line":136,"column":42},"end":{"line":136,"column":null}}]},"15":{"loc":{"start":{"line":137,"column":18},"end":{"line":137,"column":null}},"type":"binary-expr","locations":[{"start":{"line":137,"column":18},"end":{"line":137,"column":52}},{"start":{"line":137,"column":52},"end":{"line":137,"column":null}}]},"16":{"loc":{"start":{"line":140,"column":13},"end":{"line":140,"column":null}},"type":"binary-expr","locations":[{"start":{"line":140,"column":13},"end":{"line":140,"column":40}},{"start":{"line":140,"column":40},"end":{"line":140,"column":null}}]},"17":{"loc":{"start":{"line":150,"column":4},"end":{"line":152,"column":null}},"type":"if","locations":[{"start":{"line":150,"column":4},"end":{"line":152,"column":null}}]},"18":{"loc":{"start":{"line":172,"column":4},"end":{"line":172,"column":null}},"type":"if","locations":[{"start":{"line":172,"column":4},"end":{"line":172,"column":null}}]},"19":{"loc":{"start":{"line":175,"column":11},"end":{"line":175,"column":43}},"type":"binary-expr","locations":[{"start":{"line":175,"column":11},"end":{"line":175,"column":41}},{"start":{"line":175,"column":41},"end":{"line":175,"column":43}}]},"20":{"loc":{"start":{"line":190,"column":2},"end":{"line":192,"column":null}},"type":"if","locations":[{"start":{"line":190,"column":2},"end":{"line":192,"column":null}}]},"21":{"loc":{"start":{"line":203,"column":6},"end":{"line":205,"column":null}},"type":"if","locations":[{"start":{"line":203,"column":6},"end":{"line":205,"column":null}}]},"22":{"loc":{"start":{"line":210,"column":4},"end":{"line":222,"column":null}},"type":"if","locations":[{"start":{"line":210,"column":4},"end":{"line":222,"column":null}}]},"23":{"loc":{"start":{"line":249,"column":2},"end":{"line":252,"column":null}},"type":"if","locations":[{"start":{"line":249,"column":2},"end":{"line":252,"column":null}}]},"24":{"loc":{"start":{"line":249,"column":6},"end":{"line":250,"column":58}},"type":"binary-expr","locations":[{"start":{"line":249,"column":6},"end":{"line":249,"column":null}},{"start":{"line":250,"column":6},"end":{"line":250,"column":58}}]},"25":{"loc":{"start":{"line":255,"column":2},"end":{"line":268,"column":null}},"type":"if","locations":[{"start":{"line":255,"column":2},"end":{"line":268,"column":null}},{"start":{"line":257,"column":9},"end":{"line":268,"column":null}}]},"26":{"loc":{"start":{"line":259,"column":4},"end":{"line":267,"column":null}},"type":"if","locations":[{"start":{"line":259,"column":4},"end":{"line":267,"column":null}}]},"27":{"loc":{"start":{"line":260,"column":6},"end":{"line":266,"column":null}},"type":"if","locations":[{"start":{"line":260,"column":6},"end":{"line":266,"column":null}},{"start":{"line":262,"column":13},"end":{"line":266,"column":null}}]},"28":{"loc":{"start":{"line":262,"column":13},"end":{"line":266,"column":null}},"type":"if","locations":[{"start":{"line":262,"column":13},"end":{"line":266,"column":null}},{"start":{"line":264,"column":13},"end":{"line":266,"column":null}}]},"29":{"loc":{"start":{"line":274,"column":2},"end":{"line":279,"column":null}},"type":"if","locations":[{"start":{"line":274,"column":2},"end":{"line":279,"column":null}}]},"30":{"loc":{"start":{"line":281,"column":2},"end":{"line":286,"column":null}},"type":"if","locations":[{"start":{"line":281,"column":2},"end":{"line":286,"column":null}}]}},"s":{"0":0,"1":0,"2":0,"3":0,"4":0,"5":0,"6":0,"7":0,"8":0,"9":0,"10":0,"11":0,"12":0,"13":0,"14":0,"15":0,"16":0,"17":0,"18":0,"19":0,"20":0,"21":0,"22":0,"23":0,"24":0,"25":0,"26":0,"27":0,"28":0,"29":0,"30":0,"31":0,"32":0,"33":0,"34":0,"35":0,"36":0,"37":0,"38":0,"39":0,"40":0,"41":0,"42":0,"43":0,"44":0,"45":0,"46":0,"47":0,"48":0,"49":0,"50":0,"51":0,"52":0,"53":0,"54":0,"55":0,"56":0,"57":0,"58":0,"59":0,"60":0,"61":0,"62":0,"63":0,"64":0,"65":0,"66":0,"67":0,"68":0,"69":0,"70":0,"71":0,"72":0,"73":0,"74":0,"75":0,"76":0,"77":0,"78":0,"79":0,"80":0,"81":0,"82":0,"83":0,"84":0,"85":0,"86":0,"87":0,"88":0,"89":0,"90":0,"91":0,"92":0},"f":{"0":0,"1":0,"2":0,"3":0,"4":0,"5":0,"6":0,"7":0,"8":0,"9":0},"b":{"0":[0,0],"1":[0],"2":[0,0],"3":[0],"4":[0,0],"5":[0,0],"6":[0,0],"7":[0,0],"8":[0,0],"9":[0,0],"10":[0,0],"11":[0,0],"12":[0,0],"13":[0,0],"14":[0,0],"15":[0,0],"16":[0,0],"17":[0],"18":[0],"19":[0,0],"20":[0],"21":[0],"22":[0],"23":[0],"24":[0,0],"25":[0,0],"26":[0],"27":[0,0],"28":[0,0],"29":[0],"30":[0]}}
,"/Users/josephehler/Desktop/Desktop/apps/motomind-ai/features/vehicles/data/delete.ts": {"path":"/Users/josephehler/Desktop/Desktop/apps/motomind-ai/features/vehicles/data/delete.ts","statementMap":{"0":{"start":{"line":66,"column":0},"end":{"line":66,"column":15}},"1":{"start":{"line":2,"column":36},"end":{"line":2,"column":null}},"2":{"start":{"line":4,"column":29},"end":{"line":4,"column":null}},"3":{"start":{"line":6,"column":17},"end":{"line":14,"column":null}},"4":{"start":{"line":18,"column":2},"end":{"line":20,"column":null}},"5":{"start":{"line":19,"column":4},"end":{"line":19,"column":null}},"6":{"start":{"line":22,"column":17},"end":{"line":22,"column":26}},"7":{"start":{"line":24,"column":2},"end":{"line":62,"column":null}},"8":{"start":{"line":25,"column":4},"end":{"line":25,"column":null}},"9":{"start":{"line":28,"column":35},"end":{"line":31,"column":null}},"10":{"start":{"line":33,"column":4},"end":{"line":36,"column":null}},"11":{"start":{"line":34,"column":6},"end":{"line":34,"column":null}},"12":{"start":{"line":39,"column":28},"end":{"line":43,"column":null}},"13":{"start":{"line":45,"column":4},"end":{"line":48,"column":null}},"14":{"start":{"line":46,"column":6},"end":{"line":46,"column":null}},"15":{"start":{"line":47,"column":6},"end":{"line":47,"column":null}},"16":{"start":{"line":50,"column":4},"end":{"line":50,"column":null}},"17":{"start":{"line":52,"column":4},"end":{"line":55,"column":null}},"18":{"start":{"line":57,"column":4},"end":{"line":57,"column":null}},"19":{"start":{"line":58,"column":4},"end":{"line":61,"column":null}},"20":{"start":{"line":66,"column":15},"end":{"line":66,"column":null}}},"fnMap":{"0":{"name":"handler","decl":{"start":{"line":17,"column":15},"end":{"line":17,"column":23}},"loc":{"start":{"line":17,"column":64},"end":{"line":63,"column":null}}}},"branchMap":{"0":{"loc":{"start":{"line":18,"column":2},"end":{"line":20,"column":null}},"type":"if","locations":[{"start":{"line":18,"column":2},"end":{"line":20,"column":null}}]},"1":{"loc":{"start":{"line":33,"column":4},"end":{"line":36,"column":null}},"type":"if","locations":[{"start":{"line":33,"column":4},"end":{"line":36,"column":null}}]},"2":{"loc":{"start":{"line":45,"column":4},"end":{"line":48,"column":null}},"type":"if","locations":[{"start":{"line":45,"column":4},"end":{"line":48,"column":null}}]},"3":{"loc":{"start":{"line":60,"column":15},"end":{"line":60,"column":null}},"type":"cond-expr","locations":[{"start":{"line":60,"column":40},"end":{"line":60,"column":53}},{"start":{"line":60,"column":56},"end":{"line":60,"column":null}}]}},"s":{"0":0,"1":0,"2":0,"3":0,"4":0,"5":0,"6":0,"7":0,"8":0,"9":0,"10":0,"11":0,"12":0,"13":0,"14":0,"15":0,"16":0,"17":0,"18":0,"19":0,"20":0},"f":{"0":0},"b":{"0":[0],"1":[0],"2":[0],"3":[0,0]}}
,"/Users/josephehler/Desktop/Desktop/apps/motomind-ai/features/vehicles/data/enhance-ai.ts": {"path":"/Users/josephehler/Desktop/Desktop/apps/motomind-ai/features/vehicles/data/enhance-ai.ts","statementMap":{"0":{"start":{"line":64,"column":0},"end":{"line":64,"column":15}},"1":{"start":{"line":2,"column":36},"end":{"line":2,"column":null}},"2":{"start":{"line":4,"column":29},"end":{"line":4,"column":null}},"3":{"start":{"line":6,"column":17},"end":{"line":8,"column":null}},"4":{"start":{"line":12,"column":2},"end":{"line":14,"column":null}},"5":{"start":{"line":13,"column":4},"end":{"line":13,"column":null}},"6":{"start":{"line":16,"column":28},"end":{"line":16,"column":37}},"7":{"start":{"line":18,"column":2},"end":{"line":20,"column":null}},"8":{"start":{"line":19,"column":4},"end":{"line":19,"column":null}},"9":{"start":{"line":22,"column":2},"end":{"line":60,"column":null}},"10":{"start":{"line":24,"column":30},"end":{"line":28,"column":null}},"11":{"start":{"line":30,"column":4},"end":{"line":32,"column":null}},"12":{"start":{"line":31,"column":6},"end":{"line":31,"column":null}},"13":{"start":{"line":35,"column":4},"end":{"line":39,"column":null}},"14":{"start":{"line":36,"column":6},"end":{"line":38,"column":null}},"15":{"start":{"line":42,"column":28},"end":{"line":44,"column":null}},"16":{"start":{"line":46,"column":4},"end":{"line":49,"column":null}},"17":{"start":{"line":47,"column":6},"end":{"line":47,"column":null}},"18":{"start":{"line":48,"column":6},"end":{"line":48,"column":null}},"19":{"start":{"line":51,"column":4},"end":{"line":55,"column":null}},"20":{"start":{"line":58,"column":4},"end":{"line":58,"column":null}},"21":{"start":{"line":59,"column":4},"end":{"line":59,"column":null}},"22":{"start":{"line":64,"column":15},"end":{"line":64,"column":null}}},"fnMap":{"0":{"name":"handler","decl":{"start":{"line":11,"column":15},"end":{"line":11,"column":23}},"loc":{"start":{"line":11,"column":64},"end":{"line":61,"column":null}}}},"branchMap":{"0":{"loc":{"start":{"line":12,"column":2},"end":{"line":14,"column":null}},"type":"if","locations":[{"start":{"line":12,"column":2},"end":{"line":14,"column":null}}]},"1":{"loc":{"start":{"line":18,"column":2},"end":{"line":20,"column":null}},"type":"if","locations":[{"start":{"line":18,"column":2},"end":{"line":20,"column":null}}]},"2":{"loc":{"start":{"line":18,"column":6},"end":{"line":18,"column":51}},"type":"binary-expr","locations":[{"start":{"line":18,"column":6},"end":{"line":18,"column":20}},{"start":{"line":18,"column":20},"end":{"line":18,"column":51}}]},"3":{"loc":{"start":{"line":30,"column":4},"end":{"line":32,"column":null}},"type":"if","locations":[{"start":{"line":30,"column":4},"end":{"line":32,"column":null}}]},"4":{"loc":{"start":{"line":35,"column":4},"end":{"line":39,"column":null}},"type":"if","locations":[{"start":{"line":35,"column":4},"end":{"line":39,"column":null}}]},"5":{"loc":{"start":{"line":46,"column":4},"end":{"line":49,"column":null}},"type":"if","locations":[{"start":{"line":46,"column":4},"end":{"line":49,"column":null}}]}},"s":{"0":0,"1":0,"2":0,"3":0,"4":0,"5":0,"6":0,"7":0,"8":0,"9":0,"10":0,"11":0,"12":0,"13":0,"14":0,"15":0,"16":0,"17":0,"18":0,"19":0,"20":0,"21":0,"22":0},"f":{"0":0},"b":{"0":[0],"1":[0],"2":[0,0],"3":[0],"4":[0],"5":[0]}}
,"/Users/josephehler/Desktop/Desktop/apps/motomind-ai/features/vehicles/data/enhance.ts": {"path":"/Users/josephehler/Desktop/Desktop/apps/motomind-ai/features/vehicles/data/enhance.ts","statementMap":{"0":{"start":{"line":9,"column":13},"end":{"line":9,"column":22}},"1":{"start":{"line":529,"column":0},"end":{"line":529,"column":15}},"2":{"start":{"line":2,"column":36},"end":{"line":2,"column":null}},"3":{"start":{"line":4,"column":29},"end":{"line":4,"column":null}},"4":{"start":{"line":5,"column":19},"end":{"line":5,"column":null}},"5":{"start":{"line":9,"column":22},"end":{"line":11,"column":null}},"6":{"start":{"line":13,"column":17},"end":{"line":15,"column":null}},"7":{"start":{"line":18,"column":15},"end":{"line":20,"column":null}},"8":{"start":{"line":22,"column":19},"end":{"line":22,"column":null}},"9":{"start":{"line":26,"column":2},"end":{"line":28,"column":null}},"10":{"start":{"line":27,"column":4},"end":{"line":27,"column":null}},"11":{"start":{"line":30,"column":28},"end":{"line":30,"column":37}},"12":{"start":{"line":32,"column":2},"end":{"line":34,"column":null}},"13":{"start":{"line":33,"column":4},"end":{"line":33,"column":null}},"14":{"start":{"line":36,"column":2},"end":{"line":108,"column":null}},"15":{"start":{"line":38,"column":51},"end":{"line":42,"column":null}},"16":{"start":{"line":44,"column":4},"end":{"line":46,"column":null}},"17":{"start":{"line":45,"column":6},"end":{"line":45,"column":null}},"18":{"start":{"line":49,"column":31},"end":{"line":53,"column":null}},"19":{"start":{"line":49,"column":59},"end":{"line":53,"column":null}},"20":{"start":{"line":55,"column":35},"end":{"line":60,"column":null}},"21":{"start":{"line":62,"column":4},"end":{"line":65,"column":null}},"22":{"start":{"line":63,"column":6},"end":{"line":63,"column":null}},"23":{"start":{"line":64,"column":6},"end":{"line":64,"column":null}},"24":{"start":{"line":69,"column":4},"end":{"line":69,"column":null}},"25":{"start":{"line":72,"column":27},"end":{"line":74,"column":null}},"26":{"start":{"line":73,"column":6},"end":{"line":73,"column":null}},"27":{"start":{"line":73,"column":23},"end":{"line":73,"column":87}},"28":{"start":{"line":76,"column":4},"end":{"line":79,"column":null}},"29":{"start":{"line":82,"column":34},"end":{"line":86,"column":null}},"30":{"start":{"line":88,"column":4},"end":{"line":94,"column":null}},"31":{"start":{"line":96,"column":4},"end":{"line":96,"column":null}},"32":{"start":{"line":99,"column":4},"end":{"line":102,"column":null}},"33":{"start":{"line":104,"column":4},"end":{"line":107,"column":null}},"34":{"start":{"line":116,"column":2},"end":{"line":116,"column":null}},"35":{"start":{"line":119,"column":2},"end":{"line":123,"column":null}},"36":{"start":{"line":120,"column":4},"end":{"line":120,"column":null}},"37":{"start":{"line":121,"column":4},"end":{"line":121,"column":null}},"38":{"start":{"line":122,"column":4},"end":{"line":122,"column":null}},"39":{"start":{"line":127,"column":2},"end":{"line":129,"column":null}},"40":{"start":{"line":128,"column":4},"end":{"line":128,"column":null}},"41":{"start":{"line":132,"column":2},"end":{"line":132,"column":null}},"42":{"start":{"line":134,"column":2},"end":{"line":134,"column":null}},"43":{"start":{"line":138,"column":2},"end":{"line":145,"column":null}},"44":{"start":{"line":149,"column":31},"end":{"line":152,"column":null}},"45":{"start":{"line":154,"column":20},"end":{"line":154,"column":null}},"46":{"start":{"line":154,"column":44},"end":{"line":154,"column":70}},"47":{"start":{"line":155,"column":17},"end":{"line":155,"column":null}},"48":{"start":{"line":155,"column":41},"end":{"line":155,"column":64}},"49":{"start":{"line":156,"column":16},"end":{"line":156,"column":null}},"50":{"start":{"line":158,"column":22},"end":{"line":158,"column":null}},"51":{"start":{"line":159,"column":2},"end":{"line":160,"column":null}},"52":{"start":{"line":159,"column":24},"end":{"line":159,"column":null}},"53":{"start":{"line":160,"column":7},"end":{"line":160,"column":nul
[...]
g","locations":[{"start":{"line":77,"column":10},"end":{"line":77,"column":23}}]},"1":{"loc":{"start":{"line":79,"column":2},"end":{"line":79,"column":20}},"type":"default-arg","locations":[{"start":{"line":79,"column":16},"end":{"line":79,"column":20}}]},"2":{"loc":{"start":{"line":80,"column":2},"end":{"line":80,"column":23}},"type":"default-arg","locations":[{"start":{"line":80,"column":20},"end":{"line":80,"column":23}}]},"3":{"loc":{"start":{"line":88,"column":15},"end":{"line":88,"column":37}},"type":"binary-expr","locations":[{"start":{"line":88,"column":15},"end":{"line":88,"column":29}},{"start":{"line":88,"column":29},"end":{"line":88,"column":37}}]},"4":{"loc":{"start":{"line":99,"column":4},"end":{"line":99,"column":null}},"type":"if","locations":[{"start":{"line":99,"column":4},"end":{"line":99,"column":null}}]},"5":{"loc":{"start":{"line":99,"column":8},"end":{"line":99,"column":31}},"type":"binary-expr","locations":[{"start":{"line":99,"column":8},"end":{"line":99,"column":24}},{"start":{"line":99,"column":24},"end":{"line":99,"column":31}}]},"6":{"loc":{"start":{"line":102,"column":21},"end":{"line":102,"column":null}},"type":"cond-expr","locations":[{"start":{"line":102,"column":37},"end":{"line":102,"column":43}},{"start":{"line":102,"column":43},"end":{"line":102,"column":null}}]},"7":{"loc":{"start":{"line":102,"column":43},"end":{"line":102,"column":null}},"type":"binary-expr","locations":[{"start":{"line":102,"column":43},"end":{"line":102,"column":56}},{"start":{"line":102,"column":60},"end":{"line":102,"column":null}}]},"8":{"loc":{"start":{"line":105,"column":6},"end":{"line":111,"column":null}},"type":"if","locations":[{"start":{"line":105,"column":6},"end":{"line":111,"column":null}},{"start":{"line":109,"column":13},"end":{"line":111,"column":null}}]},"9":{"loc":{"start":{"line":123,"column":11},"end":{"line":123,"column":null}},"type":"binary-expr","locations":[{"start":{"line":123,"column":11},"end":{"line":123,"column":null}}]},"10":{"loc":{"start":{"line":140,"column":15},"end":{"line":140,"column":null}},"type":"binary-expr","locations":[{"start":{"line":140,"column":15},"end":{"line":140,"column":null}}]},"11":{"loc":{"start":{"line":153,"column":13},"end":{"line":153,"column":null}},"type":"binary-expr","locations":[{"start":{"line":153,"column":13},"end":{"line":153,"column":null}}]},"12":{"loc":{"start":{"line":159,"column":16},"end":{"line":159,"column":null}},"type":"cond-expr","locations":[{"start":{"line":159,"column":29},"end":{"line":159,"column":43}},{"start":{"line":159,"column":43},"end":{"line":159,"column":null}}]},"13":{"loc":{"start":{"line":162,"column":78},"end":{"line":162,"column":null}},"type":"binary-expr","locations":[{"start":{"line":162,"column":78},"end":{"line":162,"column":93}},{"start":{"line":162,"column":93},"end":{"line":162,"column":null}}]},"14":{"loc":{"start":{"line":166,"column":13},"end":{"line":166,"column":27}},"type":"binary-expr","locations":[{"start":{"line":166,"column":13},"end":{"line":166,"column":27}},{"start":{"line":166,"column":27},"end":{"line":166,"column":null}}]},"15":{"loc":{"start":{"line":180,"column":16},"end":{"line":180,"column":null}},"type":"cond-expr","locations":[{"start":{"line":180,"column":29},"end":{"line":180,"column":48}},{"start":{"line":180,"column":48},"end":{"line":180,"column":null}}]},"16":{"loc":{"start":{"line":183,"column":15},"end":{"line":183,"column":null}},"type":"binary-expr","locations":[{"start":{"line":183,"column":15},"end":{"line":183,"column":29}},{"start":{"line":183,"column":29},"end":{"line":183,"column":null}}]},"17":{"loc":{"start":{"line":185,"column":50},"end":{"line":185,"column":89}},"type":"binary-expr","locations":[{"start":{"line":185,"column":50},"end":{"line":185,"column":67}},{"start":{"line":185,"column":67},"end":{"line":185,"column":89}}]},"18":{"loc":{"start":{"line":195,"column":18},"end":{"line":195,"column":null}},"type":"cond-expr","locations":[{"start":{"line":195,"column":32},"end":{"line":195,"column":90}},{"start":{"line":195,"column":90},"end":{"line":195,"column":null}}]},"19":{"loc":{"start":{"line":195,"column":32},"end":{"line":195,"column":90}},"type":"cond-expr","locations":[{"start":{"line":195,"column":46},"end":{"line":195,"column":72}},{"start":{"line":195,"column":72},"end":{"line":195,"column":90}}]},"20":{"loc":{"start":{"line":203,"column":11},"end":{"line":203,"column":null}},"type":"binary-expr","locations":[{"start":{"line":203,"column":11},"end":{"line":203,"column":null}}]},"21":{"loc":{"start":{"line":208,"column":16},"end":{"line":208,"column":null}},"type":"binary-expr","locations":[{"start":{"line":208,"column":16},"end":{"line":208,"column":34}},{"start":{"line":208,"column":34},"end":{"line":208,"column":null}}]}},"s":{"0":0,"1":0,"2":0,"3":0,"4":0,"5":0,"6":0,"7":0,"8":0,"9":0,"10":0,"11":0,"12":0,"13":0,"14":0,"15":0,"16":0,"17":0,"18":0,"19":0,"20":0,"21":0,"22":0,"23":0,"24":0,"25":0,"26":0,"27":0,"28":0,"29":0,"30":0,"31":0,"32":0,"33":0,"34":0,"35":0,"36":0,"37":0,"38":0,"39":0,"40":0,"41":0,"42":0,"43":0,"44":0},"f":{"0":0,"1":0,"2":0,"3":0,"4":0,"5":0,"6":0,"7":0,"8":0,"9":0,"10":0,"11":0,"12":0,"13":0,"14":0},"b":{"0":[0],"1":[0],"2":[0],"3":[0,0],"4":[0],"5":[0,0],"6":[0,0],"7":[0,0],"8":[0,0],"9":[0],"10":[0],"11":[0],"12":[0,0],"13":[0,0],"14":[0,0],"15":[0,0],"16":[0,0],"17":[0,0],"18":[0,0],"19":[0,0],"20":[0],"21":[0,0]}}
,"/Users/josephehler/Desktop/Desktop/apps/motomind-ai/features/vehicles/ui/VehicleSelector.tsx": {"path":"/Users/josephehler/Desktop/Desktop/apps/motomind-ai/features/vehicles/ui/VehicleSelector.tsx","statementMap":{"0":{"start":{"line":25,"column":16},"end":{"line":25,"column":32}},"1":{"start":{"line":2,"column":18},"end":{"line":2,"column":null}},"2":{"start":{"line":3,"column":23},"end":{"line":3,"column":null}},"3":{"start":{"line":11,"column":7},"end":{"line":11,"column":null}},"4":{"start":{"line":35,"column":2},"end":{"line":35,"column":null}},"5":{"start":{"line":35,"column":15},"end":{"line":35,"column":null}},"6":{"start":{"line":37,"column":28},"end":{"line":41,"column":null}},"7":{"start":{"line":43,"column":29},"end":{"line":47,"column":null}},"8":{"start":{"line":44,"column":4},"end":{"line":44,"column":null}},"9":{"start":{"line":44,"column":26},"end":{"line":44,"column":null}},"10":{"start":{"line":45,"column":4},"end":{"line":45,"column":null}},"11":{"start":{"line":45,"column":26},"end":{"line":45,"column":null}},"12":{"start":{"line":46,"column":4},"end":{"line":46,"column":null}},"13":{"start":{"line":66,"column":68},"end":{"line":66,"column":null}},"14":{"start":{"line":77,"column":12},"end":{"line":78,"column":null}},"15":{"start":{"line":79,"column":29},"end":{"line":79,"column":null}}},"fnMap":{"0":{"name":"VehicleSelector","decl":{"start":{"line":25,"column":16},"end":{"line":25,"column":32}},"loc":{"start":{"line":34,"column":23},"end":{"line":158,"column":null}}},"1":{"name":"(anonymous_3)","decl":{"start":{"line":37,"column":28},"end":{"line":37,"column":29}},"loc":{"start":{"line":37,"column":29},"end":{"line":41,"column":null}}},"2":{"name":"(anonymous_4)","decl":{"start":{"line":43,"column":29},"end":{"line":43,"column":30}},"loc":{"start":{"line":43,"column":30},"end":{"line":47,"column":null}}},"3":{"name":"(anonymous_5)","decl":{"start":{"line":66,"column":63},"end":{"line":66,"column":68}},"loc":{"start":{"line":66,"column":68},"end":{"line":66,"column":null}}},"4":{"name":"(anonymous_6)","decl":{"start":{"line":76,"column":23},"end":{"line":76,"column":24}},"loc":{"start":{"line":77,"column":12},"end":{"line":78,"column":null}}},"5":{"name":"(anonymous_7)","decl":{"start":{"line":79,"column":23},"end":{"line":79,"column":29}},"loc":{"start":{"line":79,"column":29},"end":{"line":79,"column":null}}}},"branchMap":{"0":{"loc":{"start":{"line":35,"column":2},"end":{"line":35,"column":null}},"type":"if","locations":[{"start":{"line":35,"column":2},"end":{"line":35,"column":null}}]},"1":{"loc":{"start":{"line":44,"column":4},"end":{"line":44,"column":null}},"type":"if","locations":[{"start":{"line":44,"column":4},"end":{"line":44,"column":null}}]},"2":{"loc":{"start":{"line":45,"column":4},"end":{"line":45,"column":null}},"type":"if","locations":[{"start":{"line":45,"column":4},"end":{"line":45,"column":null}}]},"3":{"loc":{"start":{"line":86,"column":20},"end":{"line":92,"column":21}},"type":"cond-expr","locations":[{"start":{"line":86,"column":20},"end":{"line":92,"column":21}}]},"4":{"loc":{"start":{"line":108,"column":19},"end":{"line":108,"column":null}},"type":"binary-expr","locations":[{"start":{"line":108,"column":19},"end":{"line":108,"column":null}}]},"5":{"loc":{"start":{"line":114,"column":19},"end":{"line":114,"column":46}},"type":"binary-expr","locations":[{"start":{"line":114,"column":19},"end":{"line":114,"column":46}}]}},"s":{"0":0,"1":0,"2":0,"3":0,"4":0,"5":0,"6":0,"7":0,"8":0,"9":0,"10":0,"11":0,"12":0,"13":0,"14":0,"15":0},"f":{"0":0,"1":0,"2":0,"3":0,"4":0,"5":0},"b":{"0":[0],"1":[0],"2":[0],"3":[0],"4":[0],"5":[0]}}
,"/Users/josephehler/Desktop/Desktop/apps/motomind-ai/features/vehicles/ui/VehicleSpecifications.tsx": {"path":"/Users/josephehler/Desktop/Desktop/apps/motomind-ai/features/vehicles/ui/VehicleSpecifications.tsx","statementMap":{"0":{"start":{"line":22,"column":16},"end":{"line":22,"column":38}},"1":{"start":{"line":7,"column":18},"end":{"line":7,"column":null}},"2":{"start":{"line":8,"column":49},"end":{"line":8,"column":null}},"3":{"start":{"line":9,"column":22},"end":{"line":9,"column":null}}},"fnMap":{"0":{"name":"VehicleSpecifications","decl":{"start":{"line":22,"column":16},"end":{"line":22,"column":38}},"loc":{"start":{"line":22,"column":77},"end":{"line":109,"column":null}}},"1":{"name":"SpecRow","decl":{"start":{"line":111,"column":9},"end":{"line":111,"column":17}},"loc":{"start":{"line":111,"column":105},"end":{"line":118,"column":null}}},"2":{"name":"FeatureItem","decl":{"start":{"line":120,"column":9},"end":{"line":120,"column":21}},"loc":{"start":{"line":120,"column":49},"end":{"line":127,"column":null}}}},"branchMap":{"0":{"loc":{"start":{"line":111,"column":33},"end":{"line":111,"column":49}},"type":"default-arg","locations":[{"start":{"line":111,"column":44},"end":{"line":111,"column":49}}]}},"s":{"0":0,"1":0,"2":0,"3":0},"f":{"0":0,"1":0,"2":0},"b":{"0":[0]}}
,"/Users/josephehler/Desktop/Desktop/apps/motomind-ai/features/vehicles/ui/VehicleStatusCard.tsx": {"path":"/Users/josephehler/Desktop/Desktop/apps/motomind-ai/features/vehicles/ui/VehicleStatusCard.tsx","statementMap":{"0":{"start":{"line":13,"column":16},"end":{"line":13,"column":34}},"1":{"start":{"line":3,"column":18},"end":{"line":3,"column":null}},"2":{"start":{"line":4,"column":50},"end":{"line":4,"column":null}},"3":{"start":{"line":19,"column":27},"end":{"line":43,"column":null}},"4":{"start":{"line":20,"column":4},"end":{"line":20,"column":null}},"5":{"start":{"line":20,"column":27},"end":{"line":20,"column":null}},"6":{"start":{"line":22,"column":30},"end":{"line":22,"column":null}},"7":{"start":{"line":24,"column":4},"end":{"line":42,"column":null}},"8":{"start":{"line":25,"column":6},"end":{"line":29,"column":null}},"9":{"start":{"line":30,"column":11},"end":{"line":42,"column":null}},"10":{"start":{"line":31,"column":6},"end":{"line":35,"column":null}},"11":{"start":{"line":37,"column":6},"end":{"line":41,"column":null}},"12":{"start":{"line":45,"column":24},"end":{"line":45,"column":null}},"13":{"start":{"line":87,"column":14},"end":{"line":87,"column":53}}},"fnMap":{"0":{"name":"VehicleStatusCard","decl":{"start":{"line":13,"column":16},"end":{"line":13,"column":34}},"loc":{"start":{"line":18,"column":25},"end":{"line":103,"column":null}}},"1":{"name":"(anonymous_3)","decl":{"start":{"line":19,"column":27},"end":{"line":19,"column":null}},"loc":{"start":{"line":19,"column":27},"end":{"line":43,"column":null}}},"2":{"name":"(anonymous_4)","decl":{"start":{"line":86,"column":31},"end":{"line":86,"column":32}},"loc":{"start":{"line":87,"column":14},"end":{"line":87,"column":53}}}},"branchMap":{"0":{"loc":{"start":{"line":20,"column":4},"end":{"line":20,"column":null}},"type":"if","locations":[{"start":{"line":20,"column":4},"end":{"line":20,"column":null}}]},"1":{"loc":{"start":{"line":24,"column":4},"end":{"line":42,"column":null}},"type":"if","locations":[{"start":{"line":24,"column":4},"end":{"line":42,"column":null}},{"start":{"line":30,"column":11},"end":{"line":42,"column":null}}]},"2":{"loc":{"start":{"line":30,"column":11},"end":{"line":42,"column":null}},"type":"if","locations":[{"start":{"line":30,"column":11},"end":{"line":42,"column":null}},{"start":{"line":36,"column":11},"end":{"line":42,"column":null}}]},"3":{"loc":{"start":{"line":51,"column":9},"end":{"line":51,"column":null}},"type":"binary-expr","locations":[{"start":{"line":51,"column":9},"end":{"line":51,"column":null}}]},"4":{"loc":{"start":{"line":53,"column":12},"end":{"line":57,"column":null}},"type":"cond-expr","locations":[{"start":{"line":54,"column":16},"end":{"line":54,"column":null}},{"start":{"line":55,"column":16},"end":{"line":57,"column":null}}]},"5":{"loc":{"start":{"line":55,"column":16},"end":{"line":57,"column":null}},"type":"cond-expr","locations":[{"start":{"line":56,"column":16},"end":{"line":56,"column":null}},{"start":{"line":57,"column":16},"end":{"line":57,"column":null}}]},"6":{"loc":{"start":{"line":72,"column":9},"end":{"line":72,"column":null}},"type":"binary-expr","locations":[{"start":{"line":72,"column":9},"end":{"line":72,"column":null}}]},"7":{"loc":{"start":{"line":82,"column":7},"end":{"line":82,"column":null}},"type":"binary-expr","locations":[{"start":{"line":82,"column":7},"end":{"line":82,"column":null}}]},"8":{"loc":{"start":{"line":95,"column":7},"end":{"line":95,"column":null}},"type":"binary-expr","locations":[{"start":{"line":95,"column":7},"end":{"line":95,"column":null}}]}},"s":{"0":0,"1":0,"2":0,"3":0,"4":0,"5":0,"6":0,"7":0,"8":0,"9":0,"10":0,"11":0,"12":0,"13":0},"f":{"0":0,"1":0,"2":0},"b":{"0":[0],"1":[0,0],"2":[0,0],"3":[0],"4":[0,0],"5":[0,0],"6":[0],"7":[0],"8":[0]}}
,"/Users/josephehler/Desktop/Desktop/apps/motomind-ai/features/vehicles/ui/VehicleStatusDashboard.tsx": {"path":"/Users/josephehler/Desktop/Desktop/apps/motomind-ai/features/vehicles/ui/VehicleStatusDashboard.tsx","statementMap":{"0":{"start":{"line":36,"column":16},"end":{"line":36,"column":39}},"1":{"start":{"line":1,"column":18},"end":{"line":1,"column":null}},"2":{"start":{"line":2,"column":34},"end":{"line":2,"column":null}},"3":{"start":{"line":3,"column":23},"end":{"line":3,"column":null}},"4":{"start":{"line":5,"column":36},"end":{"line":5,"column":null}},"5":{"start":{"line":16,"column":7},"end":{"line":16,"column":null}},"6":{"start":{"line":37,"column":52},"end":{"line":37,"column":null}},"7":{"start":{"line":38,"column":46},"end":{"line":38,"column":null}},"8":{"start":{"line":40,"column":31},"end":{"line":43,"column":null}},"9":{"start":{"line":41,"column":4},"end":{"line":41,"column":null}},"10":{"start":{"line":42,"column":4},"end":{"line":42,"column":null}},"11":{"start":{"line":45,"column":22},"end":{"line":62,"column":null}},"12":{"start":{"line":64,"column":24},"end":{"line":81,"column":null}},"13":{"start":{"line":83,"column":24},"end":{"line":95,"column":null}},"14":{"start":{"line":97,"column":27},"end":{"line":104,"column":null}},"15":{"start":{"line":98,"column":4},"end":{"line":103,"column":null}},"16":{"start":{"line":99,"column":23},"end":{"line":99,"column":null}},"17":{"start":{"line":100,"column":19},"end":{"line":100,"column":null}},"18":{"start":{"line":101,"column":21},"end":{"line":101,"column":null}},"19":{"start":{"line":102,"column":15},"end":{"line":102,"column":null}},"20":{"start":{"line":106,"column":25},"end":{"line":110,"column":null}},"21":{"start":{"line":107,"column":4},"end":{"line":107,"column":null}},"22":{"start":{"line":107,"column":21},"end":{"line":107,"column":null}},"23":{"start":{"line":108,"column":4},"end":{"line":108,"column":null}},"24":{"start":{"line":108,"column":21},"end":{"line":108,"column":null}},"25":{"start":{"line":109,"column":4},"end":{"line":109,"column":null}},"26":{"start":{"line":154,"column":29},"end":{"line":154,"column":null}},"27":{"start":{"line":196,"column":16},"end":{"line":196,"column":35}},"28":{"start":{"line":223,"column":16},"end":{"line":223,"column":35}},"29":{"start":{"line":299,"column":23},"end":{"line":299,"column":null}}},"fnMap":{"0":{"name":"VehicleStatusDashboard","decl":{"start":{"line":36,"column":16},"end":{"line":36,"column":39}},"loc":{"start":{"line":36,"column":87},"end":{"line":307,"column":null}}},"1":{"name":"(anonymous_3)","decl":{"start":{"line":40,"column":31},"end":{"line":40,"column":32}},"loc":{"start":{"line":40,"column":32},"end":{"line":43,"column":null}}},"2":{"name":"(anonymous_4)","decl":{"start":{"line":97,"column":27},"end":{"line":97,"column":28}},"loc":{"start":{"line":97,"column":28},"end":{"line":104,"column":null}}},"3":{"name":"(anonymous_5)","decl":{"start":{"line":106,"column":25},"end":{"line":106,"column":26}},"loc":{"start":{"line":106,"column":26},"end":{"line":110,"column":null}}},"4":{"name":"(anonymous_6)","decl":{"start":{"line":154,"column":23},"end":{"line":154,"column":29}},"loc":{"start":{"line":154,"column":29},"end":{"line":154,"column":null}}},"5":{"name":"(anonymous_7)","decl":{"start":{"line":195,"column":31},"end":{"line":195,"column":32}},"loc":{"start":{"line":196,"column":16},"end":{"line":196,"column":35}}},"6":{"name":"(anonymous_8)","decl":{"start":{"line":222,"column":33},"end":{"line":222,"column":34}},"loc":{"start":{"line":223,"column":16},"end":{"line":223,"column":35}}},"7":{"name":"(anonymous_9)","decl":{"start":{"line":299,"column":17},"end":{"line":299,"column":23}},"loc":{"start":{"line":299,"column":23},"end":{"line":299,"column":null}}}},"branchMap":{"0":{"loc":{"start":{"line":98,"column":4},"end":{"line":103,"column":null}},"type":"switch","locations":[{"start":{"line":99,"column":6},"end":{"line":99,"column":null}},{"start":{"line":100,"column":6},"end":{"line":100,"column":null}},{"start":{"line":101,"column":6},"end":{"line":101,"column":null}},{"start":{"line":102,"column":6},"end":{"line":102,"column":null}}]},"1":{"loc":{"start":{"line":107,"column":4},"end":{"line":107,"column":null}},"type":"if","locations":[{"start":{"line":107,"column":4},"end":{"line":107,"column":null}}]},"2":{"loc":{"start":{"line":108,"column":4},"end":{"line":108,"column":null}},"type":"if","locations":[{"start":{"line":108,"column":4},"end":{"line":108,"column":null}}]},"3":{"loc":{"start":{"line":119,"column":15},"end":{"line":119,"column":85}},"type":"binary-expr","locations":[{"start":{"line":119,"column":15},"end":{"line":119,"column":31}},{"start":{"line":119,"column":35},"end":{"line":119,"column":85}}]},"4":{"loc":{"start":{"line":125,"column":15},"end":{"line":125,"column":null}},"type":"binary-expr","locations":[{"start":{"line":125,"column":15},"end":{"line":125,"column":null}}]},"5":{"loc":{"start":{"line":187,"column":7},"end":{"line":187,"column":null}},"type":"binary-expr","locations":[{"start":{"line":187,"column":7},"end":{"line":187,"column":null}}]},"6":{"loc":{"start":{"line":214,"column":7},"end":{"line":214,"column":null}},"type":"binary-expr","locations":[{"start":{"line":214,"column":7},"end":{"line":214,"column":null}}]},"7":{"loc":{"start":{"line":301,"column":21},"end":{"line":301,"column":91}},"type":"binary-expr","locations":[{"start":{"line":301,"column":21},"end":{"line":301,"column":37}},{"start":{"line":301,"column":41},"end":{"line":301,"column":91}}]}},"s":{"0":0,"1":0,"2":0,"3":0,"4":0,"5":0,"6":0,"7":0,"8":0,"9":0,"10":0,"11":0,"12":0,"13":0,"14":0,"15":0,"16":0,"17":0,"18":0,"19":0,"20":0,"21":0,"22":0,"23":0,"24":0,"25":0,"26":0,"27":0,"28":0,"29":0},"f":{"0":0,"1":0,"2":0,"3":0,"4":0,"5":0,"6":0,"7":0},"b":{"0":[0,0,0,0],"1":[0],"2":[0],"3":[0,0],"4":[0],"5":[0],"6":[0],"7":[0,0]}}
}
