TN:
SF:features/vehicles/data/[eventId].ts
FN:17,handler
FN:39,updateEvent
FN:60,(anonymous_3)
FN:105,deleteEvent
FNF:4
FNH:0
FNDA:0,handler
FNDA:0,updateEvent
FNDA:0,(anonymous_3)
FNDA:0,deleteEvent
DA:2,0
DA:4,0
DA:6,0
DA:18,0
DA:20,0
DA:21,0
DA:24,0
DA:25,0
DA:27,0
DA:29,0
DA:31,0
DA:34,0
DA:35,0
DA:40,0
DA:42,0
DA:45,0
DA:51,0
DA:52,0
DA:59,0
DA:60,0
DA:61,0
DA:62,0
DA:67,0
DA:69,0
DA:76,0
DA:77,0
DA:84,0
DA:92,0
DA:93,0
DA:94,0
DA:97,0
DA:98,0
DA:106,0
DA:109,0
DA:120,0
DA:121,0
DA:122,0
DA:125,0
DA:126,0
DA:134,0
LF:40
LH:0
BRDA:20,0,0,0
BRDA:20,1,0,0
BRDA:20,1,1,0
BRDA:25,2,0,0
BRDA:25,2,1,0
BRDA:25,2,2,0
BRDA:47,3,0,0
BRDA:47,3,1,0
BRDA:51,4,0,0
BRDA:61,5,0,0
BRDA:67,6,0,0
BRDA:76,7,0,0
BRDA:92,8,0,0
BRDA:113,9,0,0
BRDA:113,9,1,0
BRDA:120,10,0,0
BRF:16
BRH:0
end_of_record
TN:
SF:features/vehicles/data/[id].ts
FN:7,handler
FN:39,handleGetVehicle
FN:115,handleArchiveVehicle
FN:169,handleRestoreVehicle
FNF:4
FNH:0
FNDA:0,handler
FNDA:0,handleGetVehicle
FNDA:0,handleArchiveVehicle
FNDA:0,handleRestoreVehicle
DA:5,0
DA:11,0
DA:12,0
DA:13,0
DA:14,0
DA:16,0
DA:17,0
DA:20,0
DA:22,0
DA:24,0
DA:26,0
DA:28,0
DA:31,0
DA:32,0
DA:45,0
DA:46,0
DA:78,0
DA:79,0
DA:80,0
DA:81,0
DA:83,0
DA:87,0
DA:94,0
DA:108,0
DA:110,0
DA:111,0
DA:121,0
DA:123,0
DA:130,0
DA:131,0
DA:132,0
DA:134,0
DA:137,0
DA:138,0
DA:142,0
DA:152,0
DA:153,0
DA:154,0
DA:157,0
DA:159,0
DA:164,0
DA:165,0
DA:176,0
DA:178,0
DA:179,0
DA:189,0
DA:190,0
DA:191,0
DA:194,0
DA:195,0
DA:202,0
DA:209,0
DA:210,0
DA:211,0
DA:213,0
DA:216,0
DA:217,0
DA:221,0
DA:231,0
DA:232,0
DA:233,0
DA:236,0
DA:238,0
DA:243,0
DA:244,0
DA:248,0
LF:66
LH:0
BRDA:16,0,0,0
BRDA:16,1,0,0
BRDA:16,1,1,0
BRDA:20,2,0,0
BRDA:20,2,1,0
BRDA:20,2,2,0
BRDA:20,2,3,0
BRDA:78,3,0,0
BRDA:80,4,0,0
BRDA:87,5,0,0
BRDA:87,5,1,0
BRDA:88,6,0,0
BRDA:88,6,1,0
BRDA:88,7,0,0
BRDA:88,7,1,0
BRDA:88,7,2,0
BRDA:90,8,0,0
BRDA:90,8,1,0
BRDA:90,9,0,0
BRDA:90,9,1,0
BRDA:98,10,0,0
BRDA:98,10,1,0
BRDA:130,11,0,0
BRDA:131,12,0,0
BRDA:137,13,0,0
BRDA:152,14,0,0
BRDA:157,15,0,0
BRDA:157,15,1,0
BRDA:178,16,0,0
BRDA:189,17,0,0
BRDA:209,18,0,0
BRDA:210,19,0,0
BRDA:216,20,0,0
BRDA:231,21,0,0
BRDA:236,22,0,0
BRDA:236,22,1,0
BRF:36
BRH:0
end_of_record
TN:
SF:features/vehicles/data/api-validation.ts
FN:157,(anonymous_11)
FN:168,validateRequest
FN:169,(anonymous_13)
FN:184,(anonymous_14)
FN:202,withValidation
FNF:5
FNH:0
FNDA:0,(anonymous_11)
FNDA:0,validateRequest
FNDA:0,(anonymous_13)
FNDA:0,(anonymous_14)
FNDA:0,withValidation
DA:4,0
DA:8,0
DA:47,0
DA:62,0
DA:78,0
DA:124,0
DA:139,0
DA:155,0
DA:157,0
DA:168,0
DA:169,0
DA:170,0
DA:171,0
DA:173,0
DA:175,0
DA:176,0
DA:178,0
DA:180,0
DA:181,0
DA:184,0
DA:189,0
DA:192,0
DA:196,0
DA:202,0
DA:208,0
DA:209,0
DA:211,0
DA:212,0
DA:213,0
DA:218,0
DA:219,0
DA:227,0
LF:32
LH:0
BRDA:175,0,0,0
BRDA:180,1,0,0
BRDA:209,2,0,0
BRF:3
BRH:0
end_of_record
TN:
SF:features/vehicles/data/chat.ts
FN:38,handler
FN:62,(anonymous_2)
FN:91,buildSystemPrompt
FNF:3
FNH:0
FNDA:0,handler
FNDA:0,(anonymous_2)
FNDA:0,buildSystemPrompt
DA:8,0
DA:10,0
DA:12,0
DA:42,0
DA:43,0
DA:46,0
DA:47,0
DA:49,0
DA:50,0
DA:53,0
DA:55,0
DA:58,0
DA:62,0
DA:72,0
DA:74,0
DA:75,0
DA:78,0
DA:83,0
DA:84,0
DA:92,0
DA:119,0
LF:21
LH:0
BRDA:42,0,0,0
BRDA:47,1,0,0
BRDA:49,2,0,0
BRDA:49,3,0,0
BRDA:49,3,1,0
BRDA:59,4,0,0
BRDA:59,4,1,0
BRDA:74,5,0,0
BRDA:80,6,0,0
BRDA:80,6,1,0
BRDA:97,7,0,0
BRDA:97,7,1,0
BRDA:98,8,0,0
BRDA:98,8,1,0
BRDA:99,9,0,0
BRDA:99,9,1,0
BRF:16
BRH:0
end_of_record
TN:
SF:features/vehicles/data/conversations.ts
FN:19,handler
FNF:1
FNH:0
FNDA:0,handler
DA:9,0
DA:11,0
DA:12,0
DA:14,0
DA:23,0
DA:25,0
DA:26,0
DA:30,0
DA:31,0
DA:32,0
DA:34,0
DA:41,0
DA:42,0
DA:43,0
DA:46,0
DA:47,0
DA:49,0
DA:50,0
DA:58,0
DA:59,0
DA:60,0
DA:62,0
DA:66,0
DA:68,0
DA:70,0
DA:71,0
DA:72,0
DA:73,0
DA:74,0
DA:75,0
DA:79,0
DA:82,0
DA:85,0
DA:86,0
DA:88,0
DA:89,0
DA:98,0
DA:108,0
DA:113,0
DA:117,0
DA:128,0
DA:129,0
DA:130,0
DA:133,0
DA:134,0
DA:136,0
DA:137,0
DA:142,0
DA:149,0
DA:153,0
LF:50
LH:0
BRDA:25,0,0,0
BRDA:25,1,0,0
BRDA:25,1,1,0
BRDA:30,2,0,0
BRDA:41,3,0,0
BRDA:46,4,0,0
BRDA:46,4,1,0
BRDA:58,5,0,0
BRDA:71,6,0,0
BRDA:74,7,0,0
BRDA:74,8,0,0
BRDA:74,8,1,0
BRDA:128,9,0,0
BRF:13
BRH:0
end_of_record
TN:
SF:features/vehicles/data/correct.ts
FN:20,handler
FN:135,(anonymous_2)
FNF:2
FNH:0
FNDA:0,handler
FNDA:0,(anonymous_2)
DA:11,0
DA:13,0
DA:15,0
DA:24,0
DA:25,0
DA:28,0
DA:29,0
DA:31,0
DA:32,0
DA:35,0
DA:36,0
DA:39,0
DA:40,0
DA:43,0
DA:44,0
DA:47,0
DA:54,0
DA:55,0
DA:56,0
DA:60,0
DA:61,0
DA:64,0
DA:65,0
DA:68,0
DA:69,0
DA:70,0
DA:72,0
DA:77,0
DA:82,0
DA:86,0
DA:91,0
DA:99,0
DA:100,0
DA:103,0
DA:118,0
DA:119,0
DA:120,0
DA:124,0
DA:135,0
DA:141,0
DA:143,0
DA:155,0
DA:156,0
DA:164,0
LF:44
LH:0
BRDA:24,0,0,0
BRDA:31,1,0,0
BRDA:31,2,0,0
BRDA:31,2,1,0
BRDA:35,3,0,0
BRDA:35,4,0,0
BRDA:35,4,1,0
BRDA:39,5,0,0
BRDA:39,6,0,0
BRDA:39,6,1,0
BRDA:54,7,0,0
BRDA:54,8,0,0
BRDA:54,8,1,0
BRDA:68,9,0,0
BRDA:68,9,1,0
BRDA:70,10,0,0
BRDA:70,10,1,0
BRDA:93,11,0,0
BRDA:93,11,1,0
BRDA:94,12,0,0
BRDA:94,12,1,0
BRDA:99,13,0,0
BRDA:99,13,1,0
BRDA:110,14,0,0
BRDA:110,14,1,0
BRDA:111,15,0,0
BRDA:111,15,1,0
BRDA:118,16,0,0
BRDA:138,17,0,0
BRDA:138,17,1,0
BRF:30
BRH:0
end_of_record
TN:
SF:features/vehicles/data/createVehicle.ts
FN:26,createVehicle
FNF:1
FNH:1
FNDA:18,createVehicle
DA:1,1
DA:2,1
DA:26,18
DA:31,18
DA:34,18
DA:51,18
DA:58,18
DA:64,18
DA:65,2
DA:66,2
DA:69,16
DA:72,16
DA:73,2
DA:74,2
DA:77,2
DA:78,2
DA:81,2
DA:85,2
DA:97,2
DA:98,1
DA:101,1
DA:104,0
DA:109,16
LF:23
LH:22
BRDA:31,0,0,18
BRDA:31,0,1,15
BRDA:41,1,0,18
BRDA:41,1,1,16
BRDA:47,2,0,18
BRDA:47,2,1,17
BRDA:64,3,0,2
BRDA:72,4,0,2
BRDA:78,5,0,2
BRDA:78,5,1,0
BRDA:81,6,0,2
BRDA:81,6,1,0
BRDA:97,7,0,1
BRDA:97,7,1,1
BRF:14
BRH:12
end_of_record
TN:
SF:features/vehicles/data/decode-vin.ts
FN:5,handler
FN:53,(anonymous_2)
FN:54,(anonymous_3)
FN:69,(anonymous_4)
FN:120,(anonymous_5)
FNF:5
FNH:0
FNDA:0,handler
FNDA:0,(anonymous_2)
FNDA:0,(anonymous_3)
FNDA:0,(anonymous_4)
FNDA:0,(anonymous_5)
DA:2,0
DA:9,0
DA:10,0
DA:13,0
DA:14,0
DA:16,0
DA:17,0
DA:20,0
DA:23,0
DA:25,0
DA:32,0
DA:33,0
DA:36,0
DA:37,0
DA:39,0
DA:40,0
DA:52,0
DA:53,0
DA:54,0
DA:55,0
DA:58,0
DA:59,0
DA:60,0
DA:62,0
DA:63,0
DA:64,0
DA:66,0
DA:69,0
DA:70,0
DA:73,0
DA:115,0
DA:116,0
DA:120,0
DA:123,0
DA:138,0
DA:142,0
DA:153,0
DA:155,0
DA:158,0
DA:159,0
DA:168,0
LF:41
LH:0
BRDA:9,0,0,0
BRDA:16,1,0,0
BRDA:16,2,0,0
BRDA:16,2,1,0
BRDA:16,2,2,0
BRDA:32,3,0,0
BRDA:39,4,0,0
BRDA:39,5,0,0
BRDA:39,5,1,0
BRDA:55,6,0,0
BRDA:55,6,1,0
BRDA:70,7,0,0
BRDA:70,8,0,0
BRDA:70,8,1,0
BRDA:115,9,0,0
BRDA:145,10,0,0
BRDA:145,10,1,0
BRDA:145,11,0,0
BRDA:145,11,1,0
BRDA:162,12,0,0
BRDA:162,12,1,0
BRF:21
BRH:0
end_of_record
TN:
SF:features/vehicles/data/decodeVin.ts
FN:50,getCachedVINData
FN:63,cacheVINData
FN:79,decodeVINWithNHTSA
FN:111,(anonymous_4)
FN:112,(anonymous_5)
FN:161,getRecalls
FN:183,getEPAFuelEconomy
FN:189,handler
FN:195,(anonymous_9)
FN:237,generateSmartDefaults
FNF:10
FNH:0
FNDA:0,getCachedVINData
FNDA:0,cacheVINData
FNDA:0,decodeVINWithNHTSA
FNDA:0,(anonymous_4)
FNDA:0,(anonymous_5)
FNDA:0,getRecalls
FNDA:0,getEPAFuelEconomy
FNDA:0,handler
FNDA:0,(anonymous_9)
FNDA:0,generateSmartDefaults
DA:2,0
DA:4,0
DA:5,0
DA:6,0
DA:8,0
DA:10,0
DA:51,0
DA:52,0
DA:53,0
DA:57,0
DA:59,0
DA:64,0
DA:65,0
DA:66,0
DA:74,0
DA:80,0
DA:82,0
DA:83,0
DA:85,0
DA:91,0
DA:93,0
DA:94,0
DA:95,0
DA:96,0
DA:99,0
DA:100,0
DA:101,0
DA:103,0
DA:105,0
DA:106,0
DA:107,0
DA:111,0
DA:112,0
DA:113,0
DA:116,0
DA:117,0
DA:118,0
DA:121,0
DA:123,0
DA:148,0
DA:149,0
DA:150,0
DA:151,0
DA:154,0
DA:157,0
DA:162,0
DA:163,0
DA:172,0
DA:174,0
DA:177,0
DA:178,0
DA:186,0
DA:190,0
DA:191,0
DA:196,0
DA:197,0
DA:200,0
DA:201,0
DA:202,0
DA:203,0
DA:204,0
DA:207,0
DA:210,0
DA:211,0
DA:213,0
DA:216,0
DA:217,0
DA:218,0
DA:220,0
DA:225,0
DA:227,0
DA:238,0
DA:249,0
DA:251,0
DA:255,0
DA:256,0
DA:259,0
DA:260,0
DA:261,0
DA:262,0
DA:263,0
DA:265,0
DA:271,0
DA:272,0
DA:274,0
DA:275,0
DA:281,0
DA:282,0
DA:288,0
DA:292,0
LF:90
LH:0
BRDA:57,0,0,0
BRDA:57,0,1,0
BRDA:93,1,0,0
BRDA:101,2,0,0
BRDA:101,2,1,0
BRDA:105,3,0,0
BRDA:105,4,0,0
BRDA:105,4,1,0
BRDA:113,5,0,0
BRDA:113,5,1,0
BRDA:116,6,0,0
BRDA:116,6,1,0
BRDA:117,7,0,0
BRDA:117,7,1,0
BRDA:118,8,0,0
BRDA:118,8,1,0
BRDA:128,9,0,0
BRDA:128,9,1,0
BRDA:131,10,0,0
BRDA:131,10,1,0
BRDA:132,11,0,0
BRDA:132,11,1,0
BRDA:133,12,0,0
BRDA:133,12,1,0
BRDA:134,13,0,0
BRDA:134,13,1,0
BRDA:136,14,0,0
BRDA:136,14,1,0
BRDA:137,15,0,0
BRDA:137,15,1,0
BRDA:140,16,0,0
BRDA:140,16,1,0
BRDA:150,17,0,0
BRDA:172,18,0,0
BRDA:175,19,0,0
BRDA:175,19,1,0
BRDA:190,20,0,0
BRDA:203,21,0,0
BRDA:210,22,0,0
BRDA:249,23,0,0
BRDA:249,24,0,0
BRDA:249,24,1,0
BRDA:255,25,0,0
BRDA:255,25,1,0
BRDA:259,26,0,0
BRDA:260,27,0,0
BRDA:260,27,1,0
BRDA:262,28,0,0
BRDA:262,28,1,0
BRDA:274,29,0,0
BRDA:281,30,0,0
BRF:51
BRH:0
end_of_record
TN:
SF:features/vehicles/data/delete.ts
FN:17,handler
FNF:1
FNH:0
FNDA:0,handler
DA:2,0
DA:4,0
DA:6,0
DA:18,0
DA:19,0
DA:22,0
DA:24,0
DA:25,0
DA:28,0
DA:33,0
DA:34,0
DA:39,0
DA:45,0
DA:46,0
DA:47,0
DA:50,0
DA:52,0
DA:57,0
DA:58,0
DA:66,0
LF:20
LH:0
BRDA:18,0,0,0
BRDA:33,1,0,0
BRDA:45,2,0,0
BRDA:60,3,0,0
BRDA:60,3,1,0
BRF:5
BRH:0
end_of_record
TN:
SF:features/vehicles/data/enhance-ai.ts
FN:11,handler
FNF:1
FNH:0
FNDA:0,handler
DA:2,0
DA:4,0
DA:6,0
DA:12,0
DA:13,0
DA:16,0
DA:18,0
DA:19,0
DA:22,0
DA:24,0
DA:30,0
DA:31,0
DA:35,0
DA:36,0
DA:42,0
DA:46,0
DA:47,0
DA:48,0
DA:51,0
DA:58,0
DA:59,0
DA:64,0
LF:22
LH:0
BRDA:12,0,0,0
BRDA:18,1,0,0
BRDA:18,2,0,0
BRDA:18,2,1,0
BRDA:30,3,0,0
BRDA:35,4,0,0
BRDA:46,5,0,0
BRF:7
BRH:0
end_of_record
TN:
SF:features/vehicles/data/enhance.ts
FN:25,handler
FN:49,(anonymous_5)
FN:72,(anonymous_6)
FN:73,(anonymous_7)
FN:112,processVehicleSpecs
FN:137,markAllCategoriesFailed
FN:148,finalizeVehicleStatus
FN:154,(anonymous_11)
FN:155,(anonymous_12)
FN:172,processCategory
FN:229,fetchNHTSAData
FN:248,(anonymous_15)
FN:283,extractCategoryData
FN:284,(anonymous_17)
FN:285,(anonymous_18)
FN:344,hasDataGaps
FN:346,(anonymous_20)
FN:350,enhanceWithAI
FN:445,mergeData
FN:458,crossValidate
FN:494,normalizeValue
FNF:21
FNH:0
FNDA:0,handler
FNDA:0,(anonymous_5)
FNDA:0,(anonymous_6)
FNDA:0,(anonymous_7)
FNDA:0,processVehicleSpecs
FNDA:0,markAllCategoriesFailed
FNDA:0,finalizeVehicleStatus
FNDA:0,(anonymous_11)
FNDA:0,(anonymous_12)
FNDA:0,processCategory
FNDA:0,fetchNHTSAData
FNDA:0,(anonymous_15)
FNDA:0,extractCategoryData
FNDA:0,(anonymous_17)
FNDA:0,(anonymous_18)
FNDA:0,hasDataGaps
FNDA:0,(anonymous_20)
FNDA:0,enhanceWithAI
FNDA:0,mergeData
FNDA:0,crossValidate
FNDA:0,normalizeValue
DA:2,0
DA:4,0
DA:5,0
DA:9,0
DA:13,0
DA:18,0
DA:22,0
DA:26,0
DA:27,0
DA:30,0
DA:32,0
DA:33,0
DA:36,0
DA:38,0
DA:44,0
DA:45,0
DA:49,0
DA:55,0
DA:62,0
DA:63,0
DA:64,0
DA:69,0
DA:72,0
DA:73,0
DA:76,0
DA:82,0
DA:88,0
DA:96,0
DA:99,0
DA:104,0
DA:116,0
DA:119,0
DA:120,0
DA:121,0
DA:122,0
DA:127,0
DA:128,0
DA:132,0
DA:134,0
DA:138,0
DA:149,0
DA:154,0
DA:155,0
DA:156,0
DA:158,0
DA:159,0
DA:160,0
DA:162,0
DA:177,0
DA:179,0
DA:188,0
DA:193,0
DA:196,0
DA:197,0
DA:198,0
DA:201,0
DA:213,0
DA:215,0
DA:217,0
DA:233,0
DA:235,0
DA:238,0
DA:239,0
DA:242,0
DA:243,0
DA:247,0
DA:248,0
DA:250,0
DA:257,0
DA:259,0
DA:260,0
DA:264,0
DA:266,0
DA:267,0
DA:268,0
DA:271,0
DA:273,0
DA:274,0
DA:276,0
DA:279,0
DA:284,0
DA:285,0
DA:286,0
DA:289,0
DA:291,0
DA:301,0
DA:308,0
DA:318,0
DA:325,0
DA:333,0
DA:340,0
DA:345,0
DA:346,0
DA:355,0
DA:358,0
DA:400,0
DA:402,0
DA:420,0
DA:421,0
DA:437,0
DA:438,0
DA:440,0
DA:447,0
DA:449,0
DA:450,0
DA:451,0
DA:455,0
DA:462,0
DA:464,0
DA:465,0
DA:468,0
DA:469,0
DA:472,0
DA:474,0
DA:475,0
DA:476,0
DA:478,0
DA:480,0
DA:485,0
DA:486,0
DA:487,0
DA:488,0
DA:490,0
DA:495,0
DA:496,0
DA:497,0
DA:499,0
DA:502,0
DA:503,0
DA:504,0
DA:505,0
DA:510,0
DA:511,0
DA:512,0
DA:513,0
DA:514,0
DA:518,0
DA:519,0
DA:520,0
DA:521,0
DA:522,0
DA:525,0
DA:529,0
LF:143
LH:0
BRDA:26,0,0,0
BRDA:32,1,0,0
BRDA:32,2,0,0
BRDA:32,2,1,0
BRDA:44,3,0,0
BRDA:44,4,0,0
BRDA:44,4,1,0
BRDA:62,5,0,0
BRDA:106,6,0,0
BRDA:106,6,1,0
BRDA:119,7,0,0
BRDA:119,8,0,0
BRDA:119,8,1,0
BRDA:119,8,2,0
BRDA:154,9,0,0
BRDA:154,9,1,0
BRDA:155,10,0,0
BRDA:155,10,1,0
BRDA:156,11,0,0
BRDA:156,11,1,0
BRDA:159,12,0,0
BRDA:159,12,1,0
BRDA:160,13,0,0
BRDA:198,14,0,0
BRDA:198,14,1,0
BRDA:221,15,0,0
BRDA:221,15,1,0
BRDA:238,16,0,0
BRDA:238,16,1,0
BRDA:259,17,0,0
BRDA:266,18,0,0
BRDA:266,19,0,0
BRDA:266,19,1,0
BRDA:273,20,0,0
BRDA:273,20,1,0
BRDA:273,21,0,0
BRDA:273,21,1,0
BRDA:286,22,0,0
BRDA:286,22,1,0
BRDA:289,23,0,0
BRDA:289,23,1,0
BRDA:289,23,2,0
BRDA:289,23,3,0
BRDA:289,23,4,0
BRDA:289,23,5,0
BRDA:289,23,6,0
BRDA:293,24,0,0
BRDA:293,24,1,0
BRDA:296,25,0,0
BRDA:296,25,1,0
BRDA:335,26,0,0
BRDA:335,26,1,0
BRDA:346,27,0,0
BRDA:346,27,1,0
BRDA:355,28,0,0
BRDA:355,28,1,0
BRDA:437,29,0,0
BRDA:437,29,1,0
BRDA:450,30,0,0
BRDA:450,31,0,0
BRDA:450,31,1,0
BRDA:450,31,2,0
BRDA:465,32,0,0
BRDA:465,33,0,0
BRDA:465,33,1,0
BRDA:472,34,0,0
BRDA:472,34,1,0
BRDA:472,35,0,0
BRDA:472,35,1,0
BRDA:475,36,0,0
BRDA:478,37,0,0
BRDA:485,38,0,0
BRDA:485,38,1,0
BRDA:487,39,0,0
BRDA:487,39,1,0
BRDA:495,40,0,0
BRDA:496,41,0,0
BRDA:497,42,0,0
BRDA:502,43,0,0
BRDA:504,44,0,0
BRDA:510,45,0,0
BRDA:511,46,0,0
BRDA:511,47,0,0
BRDA:511,47,1,0
BRDA:511,47,2,0
BRDA:512,48,0,0
BRDA:512,49,0,0
BRDA:512,49,1,0
BRDA:513,50,0,0
BRDA:513,51,0,0
BRDA:513,51,1,0
BRDA:514,52,0,0
BRDA:514,53,0,0
BRDA:514,53,1,0
BRDA:518,54,0,0
BRDA:519,55,0,0
BRDA:519,56,0,0
BRDA:519,56,1,0
BRDA:520,57,0,0
BRDA:521,58,0,0
BRDA:521,59,0,0
BRDA:521,59,1,0
BRDA:522,60,0,0
BRF:103
BRH:0
end_of_record
TN:
SF:features/vehicles/data/events.ts
FN:26,handler
FN:50,handleCreateEvent
FN:203,handleGetEvents
FN:249,(anonymous_4)
FNF:4
FNH:0
FNDA:0,handler
FNDA:0,handleCreateEvent
FNDA:0,handleGetEvents
FNDA:0,(anonymous_4)
DA:2,0
DA:3,0
DA:4,0
DA:5,0
DA:6,0
DA:9,0
DA:22,0
DA:27,0
DA:28,0
DA:29,0
DA:32,0
DA:34,0
DA:36,0
DA:38,0
DA:40,0
DA:43,0
DA:44,0
DA:48,0
DA:57,0
DA:58,0
DA:61,0
DA:62,0
DA:65,0
DA:66,0
DA:70,0
DA:77,0
DA:78,0
DA:82,0
DA:84,0
DA:93,0
DA:94,0
DA:97,0
DA:100,0
DA:102,0
DA:103,0
DA:104,0
DA:105,0
DA:113,0
DA:114,0
DA:115,0
DA:117,0
DA:118,0
DA:123,0
DA:125,0
DA:126,0
DA:137,0
DA:138,0
DA:152,0
DA:153,0
DA:157,0
DA:158,0
DA:159,0
DA:160,0
DA:163,0
DA:164,0
DA:170,0
DA:177,0
DA:178,0
DA:187,0
DA:193,0
DA:194,0
DA:198,0
DA:199,0
DA:210,0
DA:217,0
DA:219,0
DA:222,0
DA:229,0
DA:230,0
DA:234,0
DA:235,0
DA:236,0
DA:237,0
DA:238,0
DA:239,0
DA:240,0
DA:241,0
DA:243,0
DA:248,0
DA:249,0
DA:253,0
DA:276,0
DA:277,0
DA:281,0
DA:282,0
DA:286,0
DA:289,0
DA:293,0
DA:298,0
DA:300,0
DA:301,0
DA:305,0
DA:306,0
DA:309,0
DA:310,0
DA:311,0
DA:312,0
DA:313,0
DA:316,0
DA:323,0
DA:324,0
LF:101
LH:0
BRDA:34,0,0,0
BRDA:34,0,1,0
BRDA:34,0,2,0
BRDA:65,1,0,0
BRDA:65,2,0,0
BRDA:65,2,1,0
BRDA:77,3,0,0
BRDA:77,4,0,0
BRDA:77,4,1,0
BRDA:82,5,0,0
BRDA:93,6,0,0
BRDA:97,7,0,0
BRDA:97,7,1,0
BRDA:100,8,0,0
BRDA:100,8,1,0
BRDA:102,9,0,0
BRDA:102,10,0,0
BRDA:102,10,1,0
BRDA:104,11,0,0
BRDA:113,12,0,0
BRDA:113,12,1,0
BRDA:115,13,0,0
BRDA:115,13,1,0
BRDA:115,14,0,0
BRDA:115,14,1,0
BRDA:123,15,0,0
BRDA:123,16,0,0
BRDA:123,16,1,0
BRDA:146,17,0,0
BRDA:146,17,1,0
BRDA:152,18,0,0
BRDA:157,19,0,0
BRDA:158,20,0,0
BRDA:158,20,1,0
BRDA:159,21,0,0
BRDA:159,21,1,0
BRDA:160,22,0,0
BRDA:160,22,1,0
BRDA:195,23,0,0
BRDA:195,23,1,0
BRDA:196,24,0,0
BRDA:196,24,1,0
BRDA:214,25,0,0
BRDA:229,26,0,0
BRDA:229,27,0,0
BRDA:229,27,1,0
BRDA:236,28,0,0
BRDA:236,29,0,0
BRDA:236,29,1,0
BRDA:248,30,0,0
BRDA:248,30,1,0
BRDA:276,31,0,0
BRDA:276,32,0,0
BRDA:276,32,1,0
BRDA:281,33,0,0
BRDA:281,34,0,0
BRDA:281,34,1,0
BRDA:286,35,0,0
BRDA:286,36,0,0
BRDA:286,36,1,0
BRDA:300,37,0,0
BRDA:305,38,0,0
BRDA:305,38,1,0
BRDA:306,39,0,0
BRDA:306,39,1,0
BRDA:306,40,0,0
BRDA:306,40,1,0
BRDA:310,41,0,0
BRDA:310,42,0,0
BRDA:310,42,1,0
BRF:70
BRH:0
end_of_record
TN:
SF:features/vehicles/data/fuel.ts
FN:4,handler
FN:39,handleGet
FN:60,handlePost
FNF:3
FNH:0
FNDA:0,handler
FNDA:0,handleGet
FNDA:0,handlePost
DA:2,0
DA:6,0
DA:8,0
DA:10,0
DA:11,0
DA:14,0
DA:16,0
DA:17,0
DA:20,0
DA:21,0
DA:23,0
DA:25,0
DA:27,0
DA:28,0
DA:31,0
DA:32,0
DA:36,0
DA:40,0
DA:42,0
DA:54,0
DA:55,0
DA:71,0
DA:73,0
DA:78,0
DA:79,0
DA:82,0
DA:84,0
DA:86,0
DA:91,0
DA:92,0
DA:111,0
DA:112,0
DA:113,0
DA:116,0
DA:117,0
DA:120,0
DA:124,0
DA:141,0
DA:144,0
DA:151,0
DA:152,0
LF:41
LH:0
BRDA:10,0,0,0
BRDA:16,1,0,0
BRDA:16,2,0,0
BRDA:16,2,1,0
BRDA:21,3,0,0
BRDA:21,3,1,0
BRDA:21,3,2,0
BRDA:68,4,0,0
BRDA:78,5,0,0
BRDA:78,6,0,0
BRDA:78,6,1,0
BRDA:78,6,2,0
BRDA:97,7,0,0
BRDA:97,7,1,0
BRDA:101,8,0,0
BRDA:101,8,1,0
BRDA:111,9,0,0
BRDA:128,10,0,0
BRDA:128,10,1,0
BRDA:132,11,0,0
BRDA:132,11,1,0
BRF:21
BRH:0
end_of_record
TN:
SF:features/vehicles/data/getVehicle.ts
FN:22,getVehicle
FN:42,getVehicles
FNF:2
FNH:0
FNDA:0,getVehicle
FNDA:0,getVehicles
DA:1,0
DA:2,0
DA:22,0
DA:23,0
DA:30,0
DA:31,0
DA:32,0
DA:35,0
DA:36,0
DA:39,0
DA:42,0
DA:43,0
DA:49,0
DA:50,0
DA:51,0
DA:54,0
LF:16
LH:0
BRDA:30,0,0,0
BRDA:35,1,0,0
BRDA:49,2,0,0
BRDA:54,3,0,0
BRDA:54,3,1,0
BRF:5
BRH:0
end_of_record
TN:
SF:features/vehicles/data/images.ts
FN:18,handler
FN:67,handleGetImages
FN:129,handleCreateImage
FN:141,(anonymous_4)
FN:199,handleUpdateImage
FN:300,handleDeleteImage
FNF:6
FNH:0
FNDA:0,handler
FNDA:0,handleGetImages
FNDA:0,handleCreateImage
FNDA:0,(anonymous_4)
FNDA:0,handleUpdateImage
FNDA:0,handleDeleteImage
DA:5,0
DA:6,0
DA:9,0
DA:22,0
DA:23,0
DA:26,0
DA:27,0
DA:28,0
DA:30,0
DA:31,0
DA:34,0
DA:35,0
DA:37,0
DA:38,0
DA:39,0
DA:42,0
DA:44,0
DA:46,0
DA:48,0
DA:50,0
DA:52,0
DA:54,0
DA:55,0
DA:58,0
DA:59,0
DA:74,0
DA:75,0
DA:78,0
DA:85,0
DA:86,0
DA:87,0
DA:90,0
DA:91,0
DA:92,0
DA:95,0
DA:98,0
DA:105,0
DA:106,0
DA:107,0
DA:114,0
DA:116,0
DA:121,0
DA:122,0
DA:136,0
DA:138,0
DA:139,0
DA:140,0
DA:141,0
DA:145,0
DA:148,0
DA:155,0
DA:156,0
DA:160,0
DA:161,0
DA:170,0
DA:184,0
DA:185,0
DA:186,0
DA:192,0
DA:194,0
DA:195,0
DA:206,0
DA:207,0
DA:209,0
DA:210,0
DA:213,0
DA:214,0
DA:217,0
DA:220,0
DA:228,0
DA:229,0
DA:232,0
DA:234,0
DA:236,0
DA:244,0
DA:249,0
DA:250,0
DA:251,0
DA:255,0
DA:256,0
DA:263,0
DA:264,0
DA:266,0
DA:268,0
DA:273,0
DA:274,0
DA:275,0
DA:279,0
DA:280,0
DA:287,0
DA:288,0
DA:291,0
DA:295,0
DA:296,0
DA:307,0
DA:308,0
DA:310,0
DA:311,0
DA:315,0
DA:324,0
DA:331,0
DA:332,0
DA:333,0
DA:337,0
DA:338,0
DA:346,0
DA:353,0
DA:354,0
DA:357,0
DA:360,0
DA:362,0
DA:363,0
DA:368,0
LF:113
LH:0
BRDA:30,0,0,0
BRDA:30,1,0,0
BRDA:30,1,1,0
BRDA:30,1,2,0
BRDA:37,2,0,0
BRDA:37,3,0,0
BRDA:37,3,1,0
BRDA:44,4,0,0
BRDA:44,4,1,0
BRDA:44,4,2,0
BRDA:44,4,3,0
BRDA:44,4,4,0
BRDA:61,5,0,0
BRDA:61,5,1,0
BRDA:85,6,0,0
BRDA:90,7,0,0
BRDA:105,8,0,0
BRDA:114,9,0,0
BRDA:114,9,1,0
BRDA:117,10,0,0
BRDA:117,10,1,0
BRDA:118,11,0,0
BRDA:118,11,1,0
BRDA:124,12,0,0
BRDA:124,12,1,0
BRDA:139,13,0,0
BRDA:155,14,0,0
BRDA:155,15,0,0
BRDA:155,15,1,0
BRDA:160,16,0,0
BRDA:184,17,0,0
BRDA:209,18,0,0
BRDA:213,19,0,0
BRDA:228,20,0,0
BRDA:228,21,0,0
BRDA:228,21,1,0
BRDA:232,22,0,0
BRDA:232,22,1,0
BRDA:234,23,0,0
BRDA:234,23,1,0
BRDA:249,24,0,0
BRDA:255,25,0,0
BRDA:266,26,0,0
BRDA:266,26,1,0
BRDA:273,27,0,0
BRDA:279,28,0,0
BRDA:310,29,0,0
BRDA:331,30,0,0
BRDA:337,31,0,0
BRDA:337,32,0,0
BRDA:337,32,1,0
BRDA:337,32,2,0
BRDA:353,33,0,0
BRDA:353,33,1,0
BRF:54
BRH:0
end_of_record
TN:
SF:features/vehicles/data/index.ts
FNF:0
FNH:0
DA:2,0
DA:3,0
LF:2
LH:0
BRF:0
BRH:0
end_of_record
TN:
SF:features/vehicles/data/list.ts
FN:6,handler
FNF:1
FNH:0
FNDA:0,handler
DA:2,0
DA:4,0
DA:10,0
DA:11,0
DA:14,0
DA:15,0
DA:20,0
DA:25,0
DA:26,0
DA:27,0
DA:30,0
DA:32,0
DA:33,0
DA:38,0
LF:14
LH:0
BRDA:10,0,0,0
BRDA:25,1,0,0
BRDA:30,2,0,0
BRDA:30,2,1,0
BRF:4
BRH:0
end_of_record
TN:
SF:features/vehicles/data/maintenance-preferences.ts
FN:11,handler
FNF:1
FNH:0
FNDA:0,handler
DA:2,0
DA:4,0
DA:6,0
DA:15,0
DA:21,0
DA:22,0
DA:27,0
DA:28,0
DA:29,0
DA:32,0
DA:36,0
DA:37,0
DA:39,0
DA:40,0
DA:43,0
DA:59,0
DA:60,0
DA:61,0
DA:68,0
DA:72,0
DA:73,0
DA:75,0
DA:76,0
DA:79,0
DA:86,0
DA:87,0
DA:88,0
DA:91,0
DA:94,0
DA:98,0
LF:30
LH:0
BRDA:21,0,0,0
BRDA:27,1,0,0
BRDA:32,2,0,0
BRDA:32,2,1,0
BRDA:36,3,0,0
BRDA:36,4,0,0
BRDA:36,4,1,0
BRDA:37,5,0,0
BRDA:39,6,0,0
BRDA:39,7,0,0
BRDA:39,7,1,0
BRDA:39,7,2,0
BRDA:59,8,0,0
BRDA:72,9,0,0
BRDA:75,10,0,0
BRDA:75,11,0,0
BRDA:75,11,1,0
BRDA:86,12,0,0
BRF:18
BRH:0
end_of_record
TN:
SF:features/vehicles/data/mileage.ts
FN:19,handler
FN:71,handleGet
FN:87,handlePost
FN:136,handleDelete
FNF:4
FNH:0
FNDA:0,handler
FNDA:0,handleGet
FNDA:0,handlePost
FNDA:0,handleDelete
DA:10,0
DA:12,0
DA:14,0
DA:23,0
DA:25,0
DA:26,0
DA:30,0
DA:31,0
DA:32,0
DA:35,0
DA:37,0
DA:39,0
DA:46,0
DA:47,0
DA:51,0
DA:53,0
DA:56,0
DA:59,0
DA:62,0
DA:65,0
DA:66,0
DA:72,0
DA:94,0
DA:97,0
DA:98,0
DA:101,0
DA:102,0
DA:106,0
DA:119,0
DA:120,0
DA:121,0
DA:125,0
DA:127,0
DA:142,0
DA:152,0
DA:153,0
DA:154,0
DA:157,0
DA:166,0
LF:39
LH:0
BRDA:25,0,0,0
BRDA:25,1,0,0
BRDA:25,1,1,0
BRDA:31,2,0,0
BRDA:46,3,0,0
BRDA:46,4,0,0
BRDA:46,4,1,0
BRDA:51,5,0,0
BRDA:51,5,1,0
BRDA:51,5,2,0
BRDA:51,5,3,0
BRDA:79,6,0,0
BRDA:79,6,1,0
BRDA:97,7,0,0
BRDA:97,8,0,0
BRDA:97,8,1,0
BRDA:101,9,0,0
BRDA:119,10,0,0
BRDA:125,11,0,0
BRDA:125,11,1,0
BRDA:152,12,0,0
BRF:21
BRH:0
end_of_record
TN:
SF:features/vehicles/data/move.ts
FN:17,handler
FNF:1
FNH:0
FNDA:0,handler
DA:2,0
DA:4,0
DA:6,0
DA:18,0
DA:19,0
DA:22,0
DA:23,0
DA:25,0
DA:27,0
DA:28,0
DA:34,0
DA:35,0
DA:40,0
DA:53,0
DA:54,0
DA:55,0
DA:58,0
DA:66,0
DA:67,0
DA:75,0
LF:20
LH:0
BRDA:18,0,0,0
BRDA:27,1,0,0
BRDA:34,2,0,0
BRDA:34,3,0,0
BRDA:34,3,1,0
BRDA:43,4,0,0
BRDA:43,4,1,0
BRDA:53,5,0,0
BRDA:61,6,0,0
BRDA:61,6,1,0
BRDA:62,7,0,0
BRDA:62,7,1,0
BRDA:69,8,0,0
BRDA:69,8,1,0
BRF:14
BRH:0
end_of_record
TN:
SF:features/vehicles/data/odometer.ts
FN:4,handler
FN:65,handleGet
FN:135,handlePost
FN:213,handlePut
FNF:4
FNH:0
FNDA:0,handler
FNDA:0,handleGet
FNDA:0,handlePost
FNDA:0,handlePut
DA:2,0
DA:6,0
DA:8,0
DA:10,0
DA:12,0
DA:13,0
DA:16,0
DA:18,0
DA:19,0
DA:22,0
DA:23,0
DA:26,0
DA:32,0
DA:34,0
DA:35,0
DA:36,0
DA:43,0
DA:44,0
DA:47,0
DA:49,0
DA:51,0
DA:53,0
DA:55,0
DA:56,0
DA:59,0
DA:60,0
DA:66,0
DA:68,0
DA:70,0
DA:98,0
DA:99,0
DA:102,0
DA:103,0
DA:104,0
DA:110,0
DA:111,0
DA:115,0
DA:129,0
DA:130,0
DA:141,0
DA:143,0
DA:146,0
DA:147,0
DA:150,0
DA:152,0
DA:155,0
DA:156,0
DA:171,0
DA:172,0
DA:173,0
DA:176,0
DA:177,0
DA:180,0
DA:184,0
DA:197,0
DA:200,0
DA:207,0
DA:208,0
DA:214,0
DA:216,0
DA:217,0
DA:220,0
DA:222,0
DA:230,0
DA:231,0
DA:235,0
DA:246,0
DA:247,0
DA:250,0
DA:257,0
DA:258,0
DA:262,0
LF:72
LH:0
BRDA:12,0,0,0
BRDA:18,1,0,0
BRDA:18,2,0,0
BRDA:18,2,1,0
BRDA:34,3,0,0
BRDA:34,4,0,0
BRDA:34,4,1,0
BRDA:43,5,0,0
BRDA:47,6,0,0
BRDA:47,6,1,0
BRDA:47,6,2,0
BRDA:47,6,3,0
BRDA:66,7,0,0
BRDA:66,8,0,0
BRDA:66,9,0,0
BRDA:98,10,0,0
BRDA:103,11,0,0
BRDA:110,12,0,0
BRDA:110,13,0,0
BRDA:110,13,1,0
BRDA:118,14,0,0
BRDA:118,14,1,0
BRDA:123,15,0,0
BRDA:123,15,1,0
BRDA:138,16,0,0
BRDA:146,17,0,0
BRDA:146,18,0,0
BRDA:146,18,1,0
BRDA:146,18,2,0
BRDA:171,19,0,0
BRDA:216,20,0,0
BRDA:230,21,0,0
BRDA:230,22,0,0
BRDA:230,22,1,0
BRDA:246,23,0,0
BRF:35
BRH:0
end_of_record
TN:
SF:features/vehicles/data/onboard.ts
FN:23,(anonymous_1)
FN:27,onboardHandler
FN:258,(anonymous_3)
FNF:3
FNH:0
FNDA:0,(anonymous_1)
FNDA:0,onboardHandler
FNDA:0,(anonymous_3)
DA:2,0
DA:3,0
DA:4,0
DA:7,0
DA:23,0
DA:28,0
DA:29,0
DA:32,0
DA:34,0
DA:35,0
DA:37,0
DA:38,0
DA:42,0
DA:48,0
DA:50,0
DA:56,0
DA:58,0
DA:60,0
DA:65,0
DA:68,0
DA:69,0
DA:72,0
DA:75,0
DA:76,0
DA:78,0
DA:79,0
DA:83,0
DA:89,0
DA:91,0
DA:92,0
DA:101,0
DA:103,0
DA:105,0
DA:106,0
DA:114,0
DA:118,0
DA:120,0
DA:121,0
DA:129,0
DA:134,0
DA:143,0
DA:144,0
DA:146,0
DA:153,0
DA:155,0
DA:156,0
DA:159,0
DA:169,0
DA:170,0
DA:172,0
DA:179,0
DA:180,0
DA:181,0
DA:183,0
DA:185,0
DA:186,0
DA:187,0
DA:189,0
DA:195,0
DA:213,0
DA:214,0
DA:215,0
DA:219,0
DA:236,0
DA:237,0
DA:239,0
DA:243,0
DA:250,0
DA:251,0
DA:252,0
DA:257,0
DA:258,0
DA:260,0
DA:266,0
DA:268,0
DA:269,0
DA:270,0
DA:273,0
DA:274,0
DA:275,0
DA:280,0
DA:281,0
DA:283,0
DA:286,0
DA:290,0
DA:293,0
DA:294,0
DA:296,0
DA:301,0
DA:307,0
DA:324,0
DA:325,0
DA:326,0
DA:331,0
LF:94
LH:0
BRDA:23,0,0,0
BRDA:23,0,1,0
BRDA:28,1,0,0
BRDA:37,2,0,0
BRDA:48,3,0,0
BRDA:56,4,0,0
BRDA:56,4,1,0
BRDA:56,5,0,0
BRDA:56,5,1,0
BRDA:68,6,0,0
BRDA:68,7,0,0
BRDA:68,7,1,0
BRDA:68,7,2,0
BRDA:68,7,3,0
BRDA:75,8,0,0
BRDA:75,8,1,0
BRDA:79,9,0,0
BRDA:79,9,1,0
BRDA:81,10,0,0
BRDA:81,10,1,0
BRDA:91,11,0,0
BRDA:91,11,1,0
BRDA:91,12,0,0
BRDA:91,12,1,0
BRDA:105,13,0,0
BRDA:105,13,1,0
BRDA:105,14,0,0
BRDA:105,14,1,0
BRDA:105,14,2,0
BRDA:120,15,0,0
BRDA:120,15,1,0
BRDA:120,16,0,0
BRDA:120,16,1,0
BRDA:120,16,2,0
BRDA:144,17,0,0
BRDA:153,18,0,0
BRDA:153,18,1,0
BRDA:153,19,0,0
BRDA:153,19,1,0
BRDA:153,19,2,0
BRDA:169,20,0,0
BRDA:169,20,1,0
BRDA:179,21,0,0
BRDA:179,21,1,0
BRDA:179,22,0,0
BRDA:179,22,1,0
BRDA:185,23,0,0
BRDA:185,23,1,0
BRDA:200,24,0,0
BRDA:200,24,1,0
BRDA:204,25,0,0
BRDA:204,25,1,0
BRDA:205,26,0,0
BRDA:205,26,1,0
BRDA:206,27,0,0
BRDA:206,27,1,0
BRDA:207,28,0,0
BRDA:207,28,1,0
BRDA:208,29,0,0
BRDA:208,29,1,0
BRDA:213,30,0,0
BRDA:213,31,0,0
BRDA:213,31,1,0
BRDA:229,32,0,0
BRDA:229,32,1,0
BRDA:236,33,0,0
BRDA:236,34,0,0
BRDA:236,34,1,0
BRDA:243,35,0,0
BRDA:243,35,1,0
BRDA:244,36,0,0
BRDA:244,36,1,0
BRDA:244,37,0,0
BRDA:244,37,1,0
BRDA:244,37,2,0
BRDA:252,38,0,0
BRDA:252,38,1,0
BRDA:268,39,0,0
BRDA:268,39,1,0
BRDA:280,40,0,0
BRDA:280,40,1,0
BRDA:293,41,0,0
BRDA:293,41,1,0
BRDA:293,42,0,0
BRDA:293,42,1,0
BRF:85
BRH:0
end_of_record
TN:
SF:features/vehicles/data/pages_api_vehicles.ts
FN:6,handler
FN:22,handleGetVehicles
FN:37,(anonymous_3)
FN:41,(anonymous_4)
FN:47,(anonymous_5)
FN:63,handleCreateVehicle
FNF:6
FNH:0
FNDA:0,handler
FNDA:0,handleGetVehicles
FNDA:0,(anonymous_3)
FNDA:0,(anonymous_4)
FNDA:0,(anonymous_5)
FNDA:0,handleCreateVehicle
DA:2,0
DA:3,0
DA:4,0
DA:8,0
DA:10,0
DA:12,0
DA:15,0
DA:18,0
DA:28,0
DA:31,0
DA:34,0
DA:36,0
DA:37,0
DA:40,0
DA:41,0
DA:42,0
DA:46,0
DA:47,0
DA:51,0
DA:52,0
DA:55,0
DA:69,0
DA:72,0
DA:74,0
DA:80,0
LF:25
LH:0
BRDA:10,0,0,0
BRDA:10,0,1,0
BRDA:10,0,2,0
BRDA:18,1,0,0
BRDA:18,1,1,0
BRDA:36,2,0,0
BRDA:40,3,0,0
BRDA:46,4,0,0
BRF:8
BRH:0
end_of_record
TN:
SF:features/vehicles/data/process.ts
FN:17,createTimelineEventFromPhoto
FN:138,handler
FN:269,(anonymous_4)
FN:270,(anonymous_5)
FN:275,(anonymous_6)
FN:276,(anonymous_7)
FN:281,(anonymous_8)
FN:282,(anonymous_9)
FN:287,(anonymous_10)
FN:288,(anonymous_11)
FN:293,(anonymous_12)
FN:294,(anonymous_13)
FNF:12
FNH:0
FNDA:0,createTimelineEventFromPhoto
FNDA:0,handler
FNDA:0,(anonymous_4)
FNDA:0,(anonymous_5)
FNDA:0,(anonymous_6)
FNDA:0,(anonymous_7)
FNDA:0,(anonymous_8)
FNDA:0,(anonymous_9)
FNDA:0,(anonymous_10)
FNDA:0,(anonymous_11)
FNDA:0,(anonymous_12)
FNDA:0,(anonymous_13)
DA:2,0
DA:4,0
DA:5,0
DA:7,0
DA:12,0
DA:32,0
DA:34,0
DA:40,0
DA:42,0
DA:43,0
DA:46,0
DA:47,0
DA:48,0
DA:49,0
DA:59,0
DA:60,0
DA:62,0
DA:68,0
DA:69,0
DA:82,0
DA:83,0
DA:85,0
DA:90,0
DA:91,0
DA:104,0
DA:105,0
DA:107,0
DA:112,0
DA:113,0
DA:126,0
DA:127,0
DA:129,0
DA:133,0
DA:139,0
DA:140,0
DA:143,0
DA:144,0
DA:146,0
DA:147,0
DA:150,0
DA:152,0
DA:158,0
DA:159,0
DA:163,0
DA:168,0
DA:171,0
DA:253,0
DA:254,0
DA:255,0
DA:259,0
DA:260,0
DA:261,0
DA:264,0
DA:267,0
DA:268,0
DA:269,0
DA:270,0
DA:273,0
DA:274,0
DA:275,0
DA:276,0
DA:279,0
DA:280,0
DA:281,0
DA:282,0
DA:285,0
DA:286,0
DA:287,0
DA:288,0
DA:291,0
DA:292,0
DA:293,0
DA:294,0
DA:297,0
DA:313,0
DA:314,0
DA:315,0
DA:318,0
DA:321,0
DA:330,0
DA:337,0
DA:338,0
DA:346,0
DA:351,0
LF:84
LH:0
BRDA:40,0,0,0
BRDA:46,1,0,0
BRDA:48,2,0,0
BRDA:59,3,0,0
BRDA:59,3,1,0
BRDA:68,4,0,0
BRDA:68,5,0,0
BRDA:68,5,1,0
BRDA:82,6,0,0
BRDA:82,6,1,0
BRDA:90,7,0,0
BRDA:90,8,0,0
BRDA:90,8,1,0
BRDA:90,8,2,0
BRDA:97,9,0,0
BRDA:97,9,1,0
BRDA:97,10,0,0
BRDA:97,10,1,0
BRDA:104,11,0,0
BRDA:104,11,1,0
BRDA:112,12,0,0
BRDA:112,13,0,0
BRDA:112,13,1,0
BRDA:112,13,2,0
BRDA:119,14,0,0
BRDA:119,14,1,0
BRDA:126,15,0,0
BRDA:126,15,1,0
BRDA:139,16,0,0
BRDA:146,17,0,0
BRDA:146,18,0,0
BRDA:146,18,1,0
BRDA:146,18,2,0
BRDA:158,19,0,0
BRDA:181,20,0,0
BRDA:181,20,1,0
BRDA:181,21,0,0
BRDA:181,21,1,0
BRDA:239,22,0,0
BRDA:239,22,1,0
BRDA:254,23,0,0
BRDA:260,24,0,0
BRDA:267,25,0,0
BRDA:267,25,1,0
BRDA:269,26,0,0
BRDA:269,26,1,0
BRDA:269,26,2,0
BRDA:273,27,0,0
BRDA:273,27,1,0
BRDA:275,28,0,0
BRDA:275,28,1,0
BRDA:275,28,2,0
BRDA:279,29,0,0
BRDA:279,29,1,0
BRDA:281,30,0,0
BRDA:281,30,1,0
BRDA:281,30,2,0
BRDA:285,31,0,0
BRDA:285,31,1,0
BRDA:287,32,0,0
BRDA:287,32,1,0
BRDA:287,32,2,0
BRDA:291,33,0,0
BRDA:291,33,1,0
BRDA:293,34,0,0
BRDA:293,34,1,0
BRDA:293,34,2,0
BRDA:293,34,3,0
BRDA:293,34,4,0
BRDA:302,35,0,0
BRDA:302,35,1,0
BRDA:303,36,0,0
BRDA:303,36,1,0
BRDA:304,37,0,0
BRDA:304,37,1,0
BRDA:305,38,0,0
BRDA:305,38,1,0
BRDA:306,39,0,0
BRDA:306,39,1,0
BRDA:307,40,0,0
BRDA:307,40,1,0
BRDA:313,41,0,0
BRF:82
BRH:0
end_of_record
TN:
SF:features/vehicles/data/quick-odometer.ts
FN:20,handler
FNF:1
FNH:0
FNDA:0,handler
DA:11,0
DA:13,0
DA:15,0
DA:24,0
DA:25,0
DA:28,0
DA:29,0
DA:31,0
DA:32,0
DA:35,0
DA:36,0
DA:39,0
DA:40,0
DA:48,0
DA:54,0
DA:55,0
DA:56,0
DA:60,0
DA:65,0
DA:67,0
DA:88,0
DA:94,0
DA:95,0
DA:96,0
DA:99,0
DA:101,0
DA:112,0
DA:113,0
DA:121,0
LF:29
LH:0
BRDA:24,0,0,0
BRDA:31,1,0,0
BRDA:31,2,0,0
BRDA:31,2,1,0
BRDA:35,3,0,0
BRDA:35,4,0,0
BRDA:35,4,1,0
BRDA:43,5,0,0
BRDA:43,5,1,0
BRDA:54,6,0,0
BRDA:54,7,0,0
BRDA:54,7,1,0
BRDA:60,8,0,0
BRDA:60,8,1,0
BRDA:65,9,0,0
BRDA:65,9,1,0
BRDA:65,10,0,0
BRDA:65,10,1,0
BRDA:73,11,0,0
BRDA:73,11,1,0
BRDA:73,12,0,0
BRDA:73,12,1,0
BRDA:74,13,0,0
BRDA:74,13,1,0
BRDA:75,14,0,0
BRDA:75,14,1,0
BRDA:76,15,0,0
BRDA:76,15,1,0
BRDA:81,16,0,0
BRDA:81,16,1,0
BRDA:82,17,0,0
BRDA:82,17,1,0
BRDA:84,18,0,0
BRDA:84,18,1,0
BRDA:94,19,0,0
BRF:35
BRH:0
end_of_record
TN:
SF:features/vehicles/data/service.ts
FN:4,handler
FN:63,handleGet
FN:84,handlePost
FNF:3
FNH:0
FNDA:0,handler
FNDA:0,handleGet
FNDA:0,handlePost
DA:2,0
DA:6,0
DA:8,0
DA:10,0
DA:12,0
DA:13,0
DA:16,0
DA:18,0
DA:19,0
DA:22,0
DA:23,0
DA:26,0
DA:32,0
DA:34,0
DA:35,0
DA:36,0
DA:43,0
DA:44,0
DA:47,0
DA:49,0
DA:51,0
DA:53,0
DA:54,0
DA:57,0
DA:58,0
DA:64,0
DA:66,0
DA:78,0
DA:79,0
DA:102,0
DA:104,0
DA:109,0
DA:110,0
DA:113,0
DA:114,0
DA:117,0
DA:119,0
DA:122,0
DA:123,0
DA:149,0
DA:150,0
DA:151,0
DA:154,0
DA:155,0
DA:158,0
DA:162,0
DA:186,0
DA:189,0
DA:196,0
DA:197,0
DA:201,0
LF:51
LH:0
BRDA:12,0,0,0
BRDA:18,1,0,0
BRDA:18,2,0,0
BRDA:18,2,1,0
BRDA:34,3,0,0
BRDA:34,4,0,0
BRDA:34,4,1,0
BRDA:43,5,0,0
BRDA:47,6,0,0
BRDA:47,6,1,0
BRDA:47,6,2,0
BRDA:99,7,0,0
BRDA:109,8,0,0
BRDA:109,9,0,0
BRDA:109,9,1,0
BRDA:113,10,0,0
BRDA:113,11,0,0
BRDA:113,11,1,0
BRDA:113,11,2,0
BRDA:130,12,0,0
BRDA:130,12,1,0
BRDA:149,13,0,0
BRDA:168,14,0,0
BRDA:168,14,1,0
BRF:24
BRH:0
end_of_record
TN:
SF:features/vehicles/data/smart-log.ts
FN:18,handler
FNF:1
FNH:0
FNDA:0,handler
DA:9,0
DA:11,0
DA:13,0
DA:22,0
DA:23,0
DA:26,0
DA:53,0
DA:55,0
DA:56,0
DA:59,0
DA:60,0
DA:63,0
DA:65,0
DA:71,0
DA:72,0
DA:73,0
DA:76,0
DA:79,0
DA:81,0
DA:97,0
DA:99,0
DA:102,0
DA:114,0
DA:117,0
DA:118,0
DA:134,0
DA:138,0
DA:150,0
DA:153,0
DA:154,0
DA:155,0
DA:168,0
DA:171,0
DA:183,0
DA:186,0
DA:191,0
DA:195,0
DA:203,0
DA:209,0
DA:210,0
DA:211,0
DA:214,0
DA:216,0
DA:229,0
DA:230,0
DA:238,0
LF:46
LH:0
BRDA:22,0,0,0
BRDA:55,1,0,0
BRDA:55,2,0,0
BRDA:55,2,1,0
BRDA:59,3,0,0
BRDA:71,4,0,0
BRDA:71,5,0,0
BRDA:71,5,1,0
BRDA:76,6,0,0
BRDA:76,6,1,0
BRDA:79,7,0,0
BRDA:79,7,1,0
BRDA:86,8,0,0
BRDA:86,8,1,0
BRDA:87,9,0,0
BRDA:87,9,1,0
BRDA:89,10,0,0
BRDA:89,10,1,0
BRDA:91,11,0,0
BRDA:91,11,1,0
BRDA:91,11,2,0
BRDA:92,12,0,0
BRDA:92,12,1,0
BRDA:99,13,0,0
BRDA:99,13,1,0
BRDA:99,13,2,0
BRDA:99,13,3,0
BRDA:99,13,4,0
BRDA:99,13,5,0
BRDA:99,13,6,0
BRDA:99,13,7,0
BRDA:99,13,8,0
BRDA:104,14,0,0
BRDA:104,14,1,0
BRDA:105,15,0,0
BRDA:105,15,1,0
BRDA:106,16,0,0
BRDA:106,16,1,0
BRDA:107,17,0,0
BRDA:107,17,1,0
BRDA:107,18,0,0
BRDA:107,18,1,0
BRDA:107,19,0,0
BRDA:107,19,1,0
BRDA:107,20,0,0
BRDA:107,20,1,0
BRDA:117,21,0,0
BRDA:117,21,1,0
BRDA:117,22,0,0
BRDA:117,22,1,0
BRDA:120,23,0,0
BRDA:120,23,1,0
BRDA:121,24,0,0
BRDA:121,24,1,0
BRDA:122,25,0,0
BRDA:122,25,1,0
BRDA:123,26,0,0
BRDA:123,26,1,0
BRDA:123,27,0,0
BRDA:123,27,1,0
BRDA:123,28,0,0
BRDA:123,28,1,0
BRDA:123,29,0,0
BRDA:123,29,1,0
BRDA:128,30,0,0
BRDA:128,30,1,0
BRDA:128,31,0,0
BRDA:128,31,1,0
BRDA:128,32,0,0
BRDA:128,32,1,0
BRDA:131,33,0,0
BRDA:131,33,1,0
BRDA:140,34,0,0
BRDA:140,34,1,0
BRDA:141,35,0,0
BRDA:141,35,1,0
BRDA:141,36,0,0
BRDA:141,36,1,0
BRDA:141,37,0,0
BRDA:141,37,1,0
BRDA:141,38,0,0
BRDA:141,38,1,0
BRDA:145,39,0,0
BRDA:145,39,1,0
BRDA:153,40,0,0
BRDA:153,40,1,0
BRDA:154,41,0,0
BRDA:154,41,1,0
BRDA:157,42,0,0
BRDA:157,42,1,0
BRDA:158,43,0,0
BRDA:158,43,1,0
BRDA:158,44,0,0
BRDA:158,44,1,0
BRDA:158,45,0,0
BRDA:158,45,1,0
BRDA:158,46,0,0
BRDA:158,46,1,0
BRDA:173,47,0,0
BRDA:173,47,1,0
BRDA:174,48,0,0
BRDA:174,48,1,0
BRDA:174,49,0,0
BRDA:174,49,1,0
BRDA:174,50,0,0
BRDA:174,50,1,0
BRDA:177,51,0,0
BRDA:177,51,1,0
BRDA:178,52,0,0
BRDA:178,52,1,0
BRDA:178,53,0,0
BRDA:178,53,1,0
BRDA:179,54,0,0
BRDA:179,54,1,0
BRDA:188,55,0,0
BRDA:188,55,1,0
BRDA:189,56,0,0
BRDA:189,56,1,0
BRDA:189,57,0,0
BRDA:189,57,1,0
BRDA:197,58,0,0
BRDA:197,58,1,0
BRDA:198,59,0,0
BRDA:198,59,1,0
BRDA:209,60,0,0
BRF:125
BRH:0
end_of_record
TN:
SF:features/vehicles/data/update-category.ts
FN:11,handler
FNF:1
FNH:0
FNDA:0,handler
DA:2,0
DA:4,0
DA:6,0
DA:12,0
DA:13,0
DA:16,0
DA:17,0
DA:19,0
DA:20,0
DA:23,0
DA:24,0
DA:27,0
DA:29,0
DA:36,0
DA:37,0
DA:41,0
DA:47,0
DA:48,0
DA:49,0
DA:53,0
DA:69,0
DA:70,0
DA:73,0
DA:79,0
DA:80,0
DA:88,0
LF:26
LH:0
BRDA:12,0,0,0
BRDA:19,1,0,0
BRDA:19,2,0,0
BRDA:19,2,1,0
BRDA:23,3,0,0
BRDA:23,4,0,0
BRDA:23,4,1,0
BRDA:36,5,0,0
BRDA:36,6,0,0
BRDA:36,6,1,0
BRDA:42,7,0,0
BRDA:42,7,1,0
BRDA:47,8,0,0
BRDA:47,8,1,0
BRDA:48,9,0,0
BRDA:69,10,0,0
BRDA:82,11,0,0
BRDA:82,11,1,0
BRF:18
BRH:0
end_of_record
TN:
SF:features/vehicles/data/update.ts
FN:17,handler
FNF:1
FNH:0
FNDA:0,handler
DA:2,0
DA:4,0
DA:6,0
DA:18,0
DA:19,0
DA:22,0
DA:23,0
DA:25,0
DA:27,0
DA:28,0
DA:32,0
DA:63,0
DA:64,0
DA:65,0
DA:68,0
DA:74,0
DA:75,0
DA:80,0
LF:18
LH:0
BRDA:18,0,0,0
BRDA:27,1,0,0
BRDA:27,2,0,0
BRDA:27,2,1,0
BRDA:27,2,2,0
BRDA:38,3,0,0
BRDA:38,3,1,0
BRDA:39,4,0,0
BRDA:39,4,1,0
BRDA:40,5,0,0
BRDA:40,5,1,0
BRDA:41,6,0,0
BRDA:41,6,1,0
BRDA:42,7,0,0
BRDA:42,7,1,0
BRDA:43,8,0,0
BRDA:43,8,1,0
BRDA:44,9,0,0
BRDA:44,9,1,0
BRDA:46,10,0,0
BRDA:46,10,1,0
BRDA:63,11,0,0
BRF:22
BRH:0
end_of_record
TN:
SF:features/vehicles/data/upload-temp.ts
FN:28,handler
FN:47,(anonymous_5)
FNF:2
FNH:0
FNDA:0,handler
FNDA:0,(anonymous_5)
DA:9,0
DA:11,0
DA:12,0
DA:13,0
DA:16,0
DA:22,0
DA:32,0
DA:33,0
DA:36,0
DA:38,0
DA:39,0
DA:42,0
DA:44,0
DA:49,0
DA:53,0
DA:55,0
DA:56,0
DA:57,0
DA:60,0
DA:63,0
DA:64,0
DA:67,0
DA:68,0
DA:69,0
DA:70,0
DA:71,0
DA:72,0
DA:75,0
DA:83,0
DA:84,0
DA:85,0
DA:89,0
DA:93,0
DA:96,0
DA:99,0
DA:101,0
DA:107,0
DA:108,0
DA:116,0
LF:39
LH:0
BRDA:32,0,0,0
BRDA:38,1,0,0
BRDA:38,2,0,0
BRDA:38,2,1,0
BRDA:49,3,0,0
BRDA:49,3,1,0
BRDA:55,4,0,0
BRDA:55,4,1,0
BRDA:56,5,0,0
BRDA:64,6,0,0
BRDA:70,7,0,0
BRDA:70,7,1,0
BRDA:78,8,0,0
BRDA:78,8,1,0
BRDA:83,9,0,0
BRF:15
BRH:0
end_of_record
TN:
SF:features/vehicles/data/upload.ts
FN:13,handler
FN:112,(anonymous_4)
FN:115,(anonymous_5)
FN:117,(anonymous_6)
FN:119,(anonymous_7)
FNF:5
FNH:0
FNDA:0,handler
FNDA:0,(anonymous_4)
FNDA:0,(anonymous_5)
FNDA:0,(anonymous_6)
FNDA:0,(anonymous_7)
DA:2,0
DA:5,0
DA:14,0
DA:15,0
DA:19,0
DA:20,0
DA:22,0
DA:23,0
DA:26,0
DA:28,0
DA:29,0
DA:32,0
DA:33,0
DA:35,0
DA:36,0
DA:40,0
DA:41,0
DA:44,0
DA:45,0
DA:48,0
DA:57,0
DA:60,0
DA:67,0
DA:68,0
DA:69,0
DA:73,0
DA:78,0
DA:91,0
DA:92,0
DA:93,0
DA:98,0
DA:102,0
DA:104,0
DA:113,0
DA:114,0
DA:115,0
DA:117,0
DA:119,0
DA:121,0
DA:127,0
DA:128,0
DA:133,0
LF:42
LH:0
BRDA:14,0,0,0
BRDA:22,1,0,0
BRDA:22,2,0,0
BRDA:22,2,1,0
BRDA:28,3,0,0
BRDA:28,4,0,0
BRDA:28,4,1,0
BRDA:35,5,0,0
BRDA:44,6,0,0
BRDA:44,6,1,0
BRDA:57,7,0,0
BRDA:57,7,1,0
BRDA:67,8,0,0
BRDA:84,9,0,0
BRDA:84,9,1,0
BRDA:91,10,0,0
BRDA:98,11,0,0
BRDA:98,11,1,0
BRDA:113,12,0,0
BRF:19
BRH:0
end_of_record
TN:
SF:features/vehicles/domain/canonical-images.ts
FN:70,generateCanonicalKey
FN:81,lookupGeneration
FN:114,normalizeColor
FN:144,(anonymous_10)
FN:160,(anonymous_11)
FN:180,(anonymous_12)
FN:194,(anonymous_13)
FN:205,(anonymous_14)
FN:229,(anonymous_16)
FN:251,(anonymous_17)
FN:288,(anonymous_18)
FN:311,(anonymous_19)
FN:342,(anonymous_20)
FN:390,(anonymous_21)
FN:417,(anonymous_22)
FN:447,(anonymous_23)
FN:489,(anonymous_24)
FNF:17
FNH:0
FNDA:0,generateCanonicalKey
FNDA:0,lookupGeneration
FNDA:0,normalizeColor
FNDA:0,(anonymous_10)
FNDA:0,(anonymous_11)
FNDA:0,(anonymous_12)
FNDA:0,(anonymous_13)
FNDA:0,(anonymous_14)
FNDA:0,(anonymous_16)
FNDA:0,(anonymous_17)
FNDA:0,(anonymous_18)
FNDA:0,(anonymous_19)
FNDA:0,(anonymous_20)
FNDA:0,(anonymous_21)
FNDA:0,(anonymous_22)
FNDA:0,(anonymous_23)
FNDA:0,(anonymous_24)
DA:14,0
DA:15,0
DA:16,0
DA:61,0
DA:62,0
DA:63,0
DA:65,0
DA:70,0
DA:71,0
DA:72,0
DA:73,0
DA:75,0
DA:81,0
DA:82,0
DA:83,0
DA:85,0
DA:86,0
DA:96,0
DA:97,0
DA:101,0
DA:102,0
DA:103,0
DA:106,0
DA:107,0
DA:115,0
DA:128,0
DA:129,0
DA:135,0
DA:136,0
DA:145,0
DA:146,0
DA:147,0
DA:149,0
DA:161,0
DA:163,0
DA:164,0
DA:168,0
DA:169,0
DA:170,0
DA:173,0
DA:174,0
DA:177,0
DA:181,0
DA:191,0
DA:195,0
DA:202,0
DA:206,0
DA:208,0
DA:223,0
DA:224,0
DA:234,0
DA:237,0
DA:238,0
DA:239,0
DA:240,0
DA:245,0
DA:252,0
DA:253,0
DA:255,0
DA:256,0
DA:278,0
DA:280,0
DA:281,0
DA:289,0
DA:290,0
DA:292,0
DA:294,0
DA:302,0
DA:303,0
DA:306,0
DA:307,0
DA:312,0
DA:313,0
DA:315,0
DA:316,0
DA:322,0
DA:323,0
DA:324,0
DA:335,0
DA:337,0
DA:338,0
DA:343,0
DA:345,0
DA:346,0
DA:348,0
DA:350,0
DA:352,0
DA:360,0
DA:361,0
DA:362,0
DA:366,0
DA:369,0
DA:370,0
DA:381,0
DA:382,0
DA:385,0
DA:386,0
DA:391,0
DA:392,0
DA:394,0
DA:408,0
DA:409,0
DA:412,0
DA:413,0
DA:418,0
DA:419,0
DA:432,0
DA:433,0
DA:434,0
DA:436,0
DA:438,0
DA:441,0
DA:443,0
DA:448,0
DA:449,0
DA:451,0
DA:452,0
DA:473,0
DA:474,0
DA:484,0
DA:485,0
DA:491,0
DA:496,0
LF:123
LH:0
BRDA:72,0,0,0
BRDA:72,0,1,0
BRDA:73,1,0,0
BRDA:73,1,1,0
BRDA:96,2,0,0
BRDA:129,3,0,0
BRDA:129,3,1,0
BRDA:147,4,0,0
BRDA:147,4,1,0
BRDA:163,5,0,0
BRDA:169,6,0,0
BRDA:173,7,0,0
BRDA:191,8,0,0
BRDA:191,8,1,0
BRDA:231,9,0,0
BRDA:232,10,0,0
BRDA:237,11,0,0
BRDA:239,12,0,0
BRDA:271,13,0,0
BRDA:271,13,1,0
BRDA:273,14,0,0
BRDA:273,14,1,0
BRDA:288,15,0,0
BRDA:322,16,0,0
BRDA:327,17,0,0
BRDA:327,17,1,0
BRDA:361,18,0,0
BRDA:375,19,0,0
BRDA:375,19,1,0
BRDA:409,20,0,0
BRDA:409,20,1,0
BRDA:432,21,0,0
BRDA:432,21,1,0
BRDA:432,22,0,0
BRDA:432,22,1,0
BRF:35
BRH:0
end_of_record
TN:
SF:features/vehicles/domain/data-display-showcase.tsx
FN:37,DataDisplayShowcasePage
FN:46,(anonymous_3)
FN:59,(anonymous_5)
FN:67,(anonymous_6)
FN:70,(anonymous_7)
FN:86,(anonymous_8)
FN:89,(anonymous_9)
FN:94,(anonymous_10)
FN:101,(anonymous_11)
FN:103,(anonymous_12)
FN:108,(anonymous_13)
FN:112,(anonymous_15)
FN:352,(anonymous_16)
FN:358,(anonymous_17)
FN:372,(anonymous_18)
FN:381,(anonymous_19)
FN:438,(anonymous_20)
FN:470,(anonymous_21)
FN:471,(anonymous_22)
FN:503,(anonymous_23)
FNF:20
FNH:0
FNDA:0,DataDisplayShowcasePage
FNDA:0,(anonymous_3)
FNDA:0,(anonymous_5)
FNDA:0,(anonymous_6)
FNDA:0,(anonymous_7)
FNDA:0,(anonymous_8)
FNDA:0,(anonymous_9)
FNDA:0,(anonymous_10)
FNDA:0,(anonymous_11)
FNDA:0,(anonymous_12)
FNDA:0,(anonymous_13)
FNDA:0,(anonymous_15)
FNDA:0,(anonymous_16)
FNDA:0,(anonymous_17)
FNDA:0,(anonymous_18)
FNDA:0,(anonymous_19)
FNDA:0,(anonymous_20)
FNDA:0,(anonymous_21)
FNDA:0,(anonymous_22)
FNDA:0,(anonymous_23)
DA:1,0
DA:2,0
DA:14,0
DA:29,0
DA:37,0
DA:38,0
DA:39,0
DA:42,0
DA:46,0
DA:59,0
DA:67,0
DA:71,0
DA:86,0
DA:89,0
DA:94,0
DA:101,0
DA:103,0
DA:108,0
DA:113,0
DA:114,0
DA:125,0
DA:157,0
DA:236,0
DA:352,0
DA:358,0
DA:372,0
DA:381,0
DA:438,0
DA:470,0
DA:471,0
DA:503,0
LF:31
LH:0
BRDA:381,0,0,0
BRDA:381,0,1,0
BRF:2
BRH:0
end_of_record
TN:
SF:features/vehicles/domain/fix-orphaned-vehicles.ts
FN:18,fixOrphanedVehicles
FN:80,(anonymous_1)
FN:90,(anonymous_2)
FN:97,(anonymous_3)
FNF:4
FNH:0
FNDA:0,fixOrphanedVehicles
FNDA:0,(anonymous_1)
FNDA:0,(anonymous_2)
FNDA:0,(anonymous_3)
DA:2,0
DA:3,0
DA:5,0
DA:7,0
DA:19,0
DA:21,0
DA:22,0
DA:25,0
DA:27,0
DA:36,0
DA:38,0
DA:49,0
DA:50,0
DA:53,0
DA:54,0
DA:55,0
DA:56,0
DA:57,0
DA:59,0
DA:63,0
DA:66,0
DA:75,0
DA:76,0
DA:80,0
DA:81,0
DA:84,0
DA:85,0
DA:86,0
DA:89,0
DA:90,0
DA:91,0
DA:95,0
DA:97,0
DA:99,0
DA:104,0
DA:105,0
DA:108,0
DA:111,0
DA:113,0
DA:114,0
DA:116,0
DA:117,0
DA:119,0
DA:120,0
DA:122,0
DA:126,0
DA:130,0
LF:47
LH:0
BRDA:36,0,0,0
BRDA:36,0,1,0
BRDA:36,1,0,0
BRDA:36,1,1,0
BRDA:49,2,0,0
BRDA:55,3,0,0
BRDA:55,3,1,0
BRDA:75,4,0,0
BRDA:80,5,0,0
BRDA:80,5,1,0
BRDA:81,6,0,0
BRDA:81,6,1,0
BRDA:81,7,0,0
BRDA:81,7,1,0
BRDA:81,8,0,0
BRDA:81,8,1,0
BRDA:84,9,0,0
BRDA:84,10,0,0
BRDA:84,10,1,0
BRDA:104,11,0,0
BRDA:119,12,0,0
BRDA:119,12,1,0
BRF:22
BRH:0
end_of_record
TN:
SF:features/vehicles/domain/fleet-rules.ts
FN:34,evaluateRules
FN:193,getMostSevereRule
FN:196,(anonymous_6)
FN:205,getVehicleStatus
FN:206,(anonymous_8)
FN:207,(anonymous_9)
FNF:6
FNH:0
FNDA:0,evaluateRules
FNDA:0,getMostSevereRule
FNDA:0,(anonymous_6)
FNDA:0,getVehicleStatus
FNDA:0,(anonymous_8)
FNDA:0,(anonymous_9)
DA:34,0
DA:35,0
DA:38,0
DA:41,0
DA:42,0
DA:43,0
DA:45,0
DA:46,0
DA:66,0
DA:67,0
DA:86,0
DA:87,0
DA:91,0
DA:92,0
DA:111,0
DA:112,0
DA:131,0
DA:132,0
DA:151,0
DA:152,0
DA:171,0
DA:172,0
DA:189,0
DA:193,0
DA:194,0
DA:196,0
DA:197,0
DA:198,0
DA:200,0
DA:205,0
DA:206,0
DA:207,0
DA:209,0
DA:210,0
DA:211,0
LF:35
LH:0
BRDA:41,0,0,0
BRDA:41,1,0,0
BRDA:41,1,1,0
BRDA:45,2,0,0
BRDA:51,3,0,0
BRDA:51,3,1,0
BRDA:66,4,0,0
BRDA:66,5,0,0
BRDA:66,5,1,0
BRDA:72,6,0,0
BRDA:72,6,1,0
BRDA:86,7,0,0
BRDA:91,8,0,0
BRDA:97,9,0,0
BRDA:97,9,1,0
BRDA:111,10,0,0
BRDA:111,11,0,0
BRDA:111,11,1,0
BRDA:117,12,0,0
BRDA:117,12,1,0
BRDA:131,13,0,0
BRDA:131,14,0,0
BRDA:131,14,1,0
BRDA:151,15,0,0
BRDA:171,16,0,0
BRDA:171,17,0,0
BRDA:171,17,1,0
BRDA:200,18,0,0
BRDA:200,18,1,0
BRDA:206,19,0,0
BRDA:206,19,1,0
BRDA:207,20,0,0
BRDA:207,20,1,0
BRDA:209,21,0,0
BRDA:210,22,0,0
BRF:35
BRH:0
end_of_record
TN:
SF:features/vehicles/domain/index.ts
FN:11,handler
FNF:1
FNH:0
FNDA:0,handler
DA:2,0
DA:4,0
DA:6,0
DA:12,0
DA:13,0
DA:16,0
DA:18,0
DA:19,0
DA:22,0
DA:24,0
DA:30,0
DA:31,0
DA:35,0
DA:41,0
DA:42,0
DA:45,0
DA:52,0
DA:53,0
DA:58,0
LF:19
LH:0
BRDA:12,0,0,0
BRDA:18,1,0,0
BRDA:18,2,0,0
BRDA:18,2,1,0
BRDA:30,3,0,0
BRDA:41,4,0,0
BRDA:49,5,0,0
BRDA:49,5,1,0
BRF:8
BRH:0
end_of_record
TN:
SF:features/vehicles/domain/loading.tsx
FN:10,Loading
FNF:1
FNH:0
FNDA:0,Loading
DA:8,0
DA:10,0
LF:2
LH:0
BRF:0
BRH:0
end_of_record
TN:
SF:features/vehicles/domain/page.tsx
FN:13,GuidedCapturePage
FNF:1
FNH:0
FNDA:0,GuidedCapturePage
DA:10,0
DA:11,0
DA:13,0
DA:18,0
LF:4
LH:0
BRF:0
BRH:0
end_of_record
TN:
SF:features/vehicles/domain/seed-vehicles-simple.ts
FN:24,seedVehiclesAndGarages
FNF:1
FNH:0
FNDA:0,seedVehiclesAndGarages
DA:4,0
DA:5,0
DA:6,0
DA:9,0
DA:11,0
DA:22,0
DA:25,0
DA:27,0
DA:29,0
DA:35,0
DA:36,0
DA:37,0
DA:46,0
DA:47,0
DA:48,0
DA:53,0
DA:54,0
DA:55,0
DA:68,0
DA:69,0
DA:70,0
DA:74,0
DA:122,0
DA:123,0
DA:124,0
DA:125,0
DA:127,0
DA:131,0
DA:132,0
DA:134,0
DA:138,0
DA:139,0
DA:142,0
DA:146,0
LF:34
LH:0
BRDA:35,0,0,0
BRDA:35,1,0,0
BRDA:35,1,1,0
BRDA:46,2,0,0
BRDA:68,3,0,0
BRDA:131,4,0,0
BRDA:131,4,1,0
BRF:7
BRH:0
end_of_record
TN:
SF:features/vehicles/domain/test-vehicles-optimization.ts
FN:15,testEndpoint
FN:60,testVehiclesOptimization
FNF:2
FNH:0
FNDA:0,testEndpoint
FNDA:0,testVehiclesOptimization
DA:4,0
DA:16,0
DA:18,0
DA:20,0
DA:21,0
DA:22,0
DA:23,0
DA:25,0
DA:26,0
DA:28,0
DA:29,0
DA:32,0
DA:33,0
DA:34,0
DA:35,0
DA:36,0
DA:38,0
DA:48,0
DA:49,0
DA:61,0
DA:62,0
DA:63,0
DA:66,0
DA:67,0
DA:69,0
DA:70,0
DA:73,0
DA:75,0
DA:76,0
DA:77,0
DA:79,0
DA:80,0
DA:82,0
DA:84,0
DA:85,0
DA:86,0
DA:87,0
DA:88,0
DA:89,0
DA:91,0
DA:92,0
DA:93,0
DA:94,0
DA:95,0
DA:96,0
DA:97,0
DA:98,0
DA:99,0
DA:101,0
DA:102,0
DA:106,0
DA:107,0
DA:108,0
DA:110,0
DA:111,0
DA:115,0
DA:116,0
DA:117,0
DA:118,0
DA:120,0
DA:121,0
DA:122,0
DA:123,0
DA:124,0
DA:126,0
DA:127,0
DA:128,0
DA:129,0
DA:132,0
DA:133,0
DA:136,0
DA:137,0
DA:138,0
DA:139,0
DA:140,0
DA:141,0
DA:143,0
DA:145,0
DA:149,0
DA:150,0
DA:153,0
LF:81
LH:0
BRDA:28,0,0,0
BRDA:28,1,0,0
BRDA:28,1,1,0
BRDA:28,1,2,0
BRDA:36,2,0,0
BRDA:36,2,1,0
BRDA:75,3,0,0
BRDA:75,3,1,0
BRDA:75,4,0,0
BRDA:75,4,1,0
BRDA:85,5,0,0
BRDA:85,5,1,0
BRDA:92,6,0,0
BRDA:92,6,1,0
BRDA:96,7,0,0
BRDA:96,7,1,0
BRDA:107,8,0,0
BRDA:110,9,0,0
BRDA:116,10,0,0
BRDA:116,10,1,0
BRDA:116,11,0,0
BRDA:116,11,1,0
BRDA:120,12,0,0
BRDA:120,12,1,0
BRDA:149,13,0,0
BRF:25
BRH:0
end_of_record
TN:
SF:features/vehicles/domain/transaction.ts
FN:18,withTransaction
FN:35,deleteGarageWithReassignment
FN:40,(anonymous_7)
FN:57,(anonymous_8)
FN:104,moveVehicleToGarage
FN:109,(anonymous_10)
FN:153,batchUpdateVehicles
FN:157,(anonymous_12)
FNF:8
FNH:0
FNDA:0,withTransaction
FNDA:0,deleteGarageWithReassignment
FNDA:0,(anonymous_7)
FNDA:0,(anonymous_8)
FNDA:0,moveVehicleToGarage
FNDA:0,(anonymous_10)
FNDA:0,batchUpdateVehicles
FNDA:0,(anonymous_12)
DA:4,0
DA:6,0
DA:18,0
DA:25,0
DA:26,0
DA:27,0
DA:30,0
DA:35,0
DA:40,0
DA:42,0
DA:48,0
DA:49,0
DA:52,0
DA:53,0
DA:54,0
DA:57,0
DA:63,0
DA:70,0
DA:71,0
DA:75,0
DA:80,0
DA:81,0
DA:86,0
DA:92,0
DA:93,0
DA:96,0
DA:104,0
DA:109,0
DA:111,0
DA:118,0
DA:119,0
DA:123,0
DA:130,0
DA:131,0
DA:135,0
DA:140,0
DA:141,0
DA:144,0
DA:153,0
DA:157,0
DA:158,0
DA:160,0
DA:161,0
DA:167,0
DA:168,0
DA:171,0
DA:174,0
LF:47
LH:0
BRDA:48,0,0,0
BRDA:52,1,0,0
BRDA:52,2,0,0
BRDA:52,2,1,0
BRDA:53,3,0,0
BRDA:58,4,0,0
BRDA:58,4,1,0
BRDA:70,5,0,0
BRDA:70,6,0,0
BRDA:70,6,1,0
BRDA:80,7,0,0
BRDA:92,8,0,0
BRDA:98,9,0,0
BRDA:98,9,1,0
BRDA:118,10,0,0
BRDA:118,11,0,0
BRDA:118,11,1,0
BRDA:130,12,0,0
BRDA:130,13,0,0
BRDA:130,13,1,0
BRDA:140,14,0,0
BRDA:167,15,0,0
BRF:22
BRH:0
end_of_record
TN:
SF:features/vehicles/domain/vehicle-body-types.ts
FN:28,mapToBodyType
FN:139,getBodyTypeDisplayName
FN:157,isSupportedBodyType
FNF:3
FNH:0
FNDA:0,mapToBodyType
FNDA:0,getBodyTypeDisplayName
FNDA:0,isSupportedBodyType
DA:28,0
DA:29,0
DA:30,0
DA:31,0
DA:32,0
DA:33,0
DA:34,0
DA:37,0
DA:38,0
DA:41,0
DA:42,0
DA:45,0
DA:46,0
DA:49,0
DA:50,0
DA:53,0
DA:54,0
DA:57,0
DA:58,0
DA:61,0
DA:62,0
DA:65,0
DA:66,0
DA:70,0
DA:71,0
DA:74,0
DA:75,0
DA:79,0
DA:80,0
DA:83,0
DA:84,0
DA:88,0
DA:91,0
DA:92,0
DA:95,0
DA:96,0
DA:99,0
DA:100,0
DA:104,0
DA:107,0
DA:111,0
DA:113,0
DA:117,0
DA:119,0
DA:123,0
DA:124,0
DA:127,0
DA:129,0
DA:133,0
DA:139,0
DA:140,0
DA:151,0
DA:157,0
DA:158,0
DA:162,0
LF:55
LH:0
BRDA:29,0,0,0
BRDA:29,0,1,0
BRDA:30,1,0,0
BRDA:30,1,1,0
BRDA:31,2,0,0
BRDA:31,2,1,0
BRDA:32,3,0,0
BRDA:32,3,1,0
BRDA:33,4,0,0
BRDA:33,4,1,0
BRDA:34,5,0,0
BRDA:34,5,1,0
BRDA:37,6,0,0
BRDA:37,7,0,0
BRDA:37,7,1,0
BRDA:41,8,0,0
BRDA:41,9,0,0
BRDA:41,9,1,0
BRDA:45,10,0,0
BRDA:45,11,0,0
BRDA:45,11,1,0
BRDA:49,12,0,0
BRDA:49,13,0,0
BRDA:49,13,1,0
BRDA:53,14,0,0
BRDA:53,15,0,0
BRDA:53,15,1,0
BRDA:57,16,0,0
BRDA:57,17,0,0
BRDA:57,17,1,0
BRDA:61,18,0,0
BRDA:61,19,0,0
BRDA:61,19,1,0
BRDA:65,20,0,0
BRDA:65,21,0,0
BRDA:65,21,1,0
BRDA:70,22,0,0
BRDA:70,23,0,0
BRDA:70,23,1,0
BRDA:74,24,0,0
BRDA:74,25,0,0
BRDA:74,25,1,0
BRDA:79,26,0,0
BRDA:83,27,0,0
BRDA:91,28,0,0
BRDA:91,29,0,0
BRDA:91,29,1,0
BRDA:91,29,2,0
BRDA:95,30,0,0
BRDA:95,31,0,0
BRDA:95,31,1,0
BRDA:95,31,2,0
BRDA:99,32,0,0
BRDA:99,33,0,0
BRDA:99,33,1,0
BRDA:99,33,2,0
BRDA:104,34,0,0
BRDA:104,35,0,0
BRDA:104,35,1,0
BRDA:104,35,2,0
BRDA:104,35,3,0
BRDA:104,35,4,0
BRDA:104,35,5,0
BRDA:111,36,0,0
BRDA:111,37,0,0
BRDA:111,37,1,0
BRDA:111,37,2,0
BRDA:111,37,3,0
BRDA:117,38,0,0
BRDA:117,39,0,0
BRDA:117,39,1,0
BRDA:117,39,2,0
BRDA:117,39,3,0
BRDA:123,40,0,0
BRDA:127,41,0,0
BRF:75
BRH:0
end_of_record
TN:
SF:features/vehicles/domain/vehicle-health.ts
FN:33,computeHealthScore
FN:46,getHealthColor
FN:52,getHealthEmoji
FN:59,pickNextAction
FN:65,(anonymous_12)
FN:80,getPriorityReason
FN:99,generateMockAlerts
FN:115,generateMockDueItems
FNF:8
FNH:0
FNDA:0,computeHealthScore
FNDA:0,getHealthColor
FNDA:0,getHealthEmoji
FNDA:0,pickNextAction
FNDA:0,(anonymous_12)
FNDA:0,getPriorityReason
FNDA:0,generateMockAlerts
FNDA:0,generateMockDueItems
DA:24,0
DA:33,0
DA:34,0
DA:36,0
DA:37,0
DA:38,0
DA:39,0
DA:43,0
DA:46,0
DA:47,0
DA:48,0
DA:49,0
DA:52,0
DA:53,0
DA:54,0
DA:55,0
DA:59,0
DA:60,0
DA:62,0
DA:64,0
DA:67,0
DA:68,0
DA:71,0
DA:72,0
DA:75,0
DA:80,0
DA:81,0
DA:82,0
DA:83,0
DA:84,0
DA:85,0
DA:86,0
DA:88,0
DA:89,0
DA:91,0
DA:92,0
DA:95,0
DA:99,0
DA:101,0
DA:102,0
DA:103,0
DA:105,0
DA:115,0
DA:116,0
DA:118,0
DA:119,0
DA:127,0
DA:128,0
DA:136,0
DA:137,0
DA:145,0
DA:146,0
DA:154,0
LF:53
LH:0
BRDA:37,0,0,0
BRDA:37,1,0,0
BRDA:37,1,1,0
BRDA:47,2,0,0
BRDA:48,3,0,0
BRDA:53,4,0,0
BRDA:54,5,0,0
BRDA:60,6,0,0
BRDA:68,7,0,0
BRDA:71,8,0,0
BRDA:71,8,1,0
BRDA:71,9,0,0
BRDA:71,9,1,0
BRDA:72,10,0,0
BRDA:75,11,0,0
BRDA:75,11,1,0
BRDA:75,12,0,0
BRDA:75,12,1,0
BRDA:81,13,0,0
BRDA:82,14,0,0
BRDA:83,15,0,0
BRDA:84,16,0,0
BRDA:85,17,0,0
BRDA:88,18,0,0
BRDA:88,19,0,0
BRDA:88,19,1,0
BRDA:91,20,0,0
BRDA:91,21,0,0
BRDA:91,21,1,0
BRDA:102,22,0,0
BRDA:102,22,1,0
BRDA:106,23,0,0
BRDA:106,23,1,0
BRDA:111,24,0,0
BRDA:111,24,1,0
BRDA:118,25,0,0
BRDA:127,26,0,0
BRDA:136,27,0,0
BRDA:145,28,0,0
BRF:39
BRH:0
end_of_record
TN:
SF:features/vehicles/domain/vehicles.ts
FNF:0
FNH:0
DA:1,0
DA:4,0
DA:12,0
DA:17,0
DA:39,0
DA:47,0
DA:56,0
LF:7
LH:0
BRF:0
BRH:0
end_of_record
TN:
SF:features/vehicles/domain/vehicles.tsx
FN:28,AdminVehiclesPage
FN:35,(anonymous_2)
FN:39,(anonymous_3)
FN:55,(anonymous_4)
FN:62,(anonymous_5)
FN:84,(anonymous_6)
FN:85,(anonymous_7)
FN:93,(anonymous_8)
FN:109,(anonymous_9)
FN:127,(anonymous_10)
FN:132,(anonymous_11)
FN:173,(anonymous_12)
FN:217,(anonymous_13)
FN:239,(anonymous_14)
FNF:14
FNH:0
FNDA:0,AdminVehiclesPage
FNDA:0,(anonymous_2)
FNDA:0,(anonymous_3)
FNDA:0,(anonymous_4)
FNDA:0,(anonymous_5)
FNDA:0,(anonymous_6)
FNDA:0,(anonymous_7)
FNDA:0,(anonymous_8)
FNDA:0,(anonymous_9)
FNDA:0,(anonymous_10)
FNDA:0,(anonymous_11)
FNDA:0,(anonymous_12)
FNDA:0,(anonymous_13)
FNDA:0,(anonymous_14)
DA:4,0
DA:5,0
DA:6,0
DA:7,0
DA:8,0
DA:15,0
DA:28,0
DA:29,0
DA:30,0
DA:31,0
DA:32,0
DA:33,0
DA:35,0
DA:36,0
DA:39,0
DA:40,0
DA:42,0
DA:43,0
DA:44,0
DA:47,0
DA:48,0
DA:50,0
DA:52,0
DA:53,0
DA:54,0
DA:55,0
DA:58,0
DA:62,0
DA:63,0
DA:64,0
DA:65,0
DA:69,0
DA:70,0
DA:73,0
DA:75,0
DA:77,0
DA:78,0
DA:80,0
DA:84,0
DA:85,0
DA:87,0
DA:94,0
DA:109,0
DA:127,0
DA:132,0
DA:174,0
DA:218,0
DA:239,0
LF:48
LH:0
BRDA:43,0,0,0
BRDA:48,1,0,0
BRDA:48,1,1,0
BRDA:53,2,0,0
BRDA:55,3,0,0
BRDA:55,3,1,0
BRDA:69,4,0,0
BRDA:87,5,0,0
BRDA:129,6,0,0
BRDA:130,7,0,0
BRDA:130,7,1,0
BRDA:166,8,0,0
BRDA:179,9,0,0
BRDA:179,9,1,0
BRDA:179,9,2,0
BRDA:200,10,0,0
BRDA:206,11,0,0
BRDA:223,12,0,0
BRDA:223,12,1,0
BRDA:223,12,2,0
BRDA:234,13,0,0
BRDA:234,13,1,0
BRDA:244,14,0,0
BRF:23
BRH:0
end_of_record
TN:
SF:features/vehicles/hooks/useOptimisticActions.ts
FN:3,(anonymous_1)
FN:11,(anonymous_2)
FN:12,(anonymous_3)
FN:22,useOptimisticActions
FN:25,(anonymous_5)
FN:77,(anonymous_6)
FN:123,(anonymous_7)
FN:131,(anonymous_8)
FN:135,(anonymous_9)
FN:153,(anonymous_10)
FNF:10
FNH:0
FNDA:0,(anonymous_1)
FNDA:0,(anonymous_2)
FNDA:0,(anonymous_3)
FNDA:0,useOptimisticActions
FNDA:0,(anonymous_5)
FNDA:0,(anonymous_6)
FNDA:0,(anonymous_7)
FNDA:0,(anonymous_8)
FNDA:0,(anonymous_9)
FNDA:0,(anonymous_10)
DA:3,0
DA:4,0
DA:6,0
DA:10,0
DA:11,0
DA:12,0
DA:22,0
DA:25,0
DA:30,0
DA:32,0
DA:34,0
DA:35,0
DA:36,0
DA:39,0
DA:40,0
DA:44,0
DA:50,0
DA:51,0
DA:54,0
DA:57,0
DA:58,0
DA:59,0
DA:61,0
DA:62,0
DA:66,0
DA:67,0
DA:68,0
DA:70,0
DA:71,0
DA:72,0
DA:77,0
DA:81,0
DA:83,0
DA:85,0
DA:86,0
DA:88,0
DA:89,0
DA:92,0
DA:98,0
DA:99,0
DA:102,0
DA:105,0
DA:106,0
DA:108,0
DA:109,0
DA:113,0
DA:114,0
DA:116,0
DA:117,0
DA:118,0
DA:123,0
DA:127,0
DA:129,0
DA:131,0
DA:132,0
DA:133,0
DA:135,0
DA:142,0
DA:146,0
DA:147,0
DA:148,0
DA:153,0
DA:158,0
DA:160,0
DA:162,0
DA:163,0
DA:165,0
DA:166,0
DA:169,0
DA:175,0
DA:176,0
DA:179,0
DA:182,0
DA:183,0
DA:184,0
DA:186,0
DA:187,0
DA:191,0
DA:192,0
DA:194,0
DA:195,0
DA:196,0
DA:200,0
LF:83
LH:0
BRDA:4,0,0,0
BRDA:4,0,1,0
BRDA:28,1,0,0
BRDA:39,2,0,0
BRDA:50,3,0,0
BRDA:70,4,0,0
BRDA:70,4,1,0
BRDA:79,5,0,0
BRDA:88,6,0,0
BRDA:98,7,0,0
BRDA:116,8,0,0
BRDA:116,8,1,0
BRDA:125,9,0,0
BRDA:132,10,0,0
BRDA:156,11,0,0
BRDA:165,12,0,0
BRDA:175,13,0,0
BRDA:194,14,0,0
BRDA:194,14,1,0
BRF:19
BRH:0
end_of_record
TN:
SF:features/vehicles/hooks/useVehicleEvents.ts
FN:28,(anonymous_4)
FN:28,(anonymous_5)
FN:30,useVehicleEvents
FN:39,(anonymous_7)
FN:85,(anonymous_8)
FN:91,(anonymous_9)
FN:103,(anonymous_10)
FN:152,useVehicleStats
FN:163,(anonymous_12)
FN:165,(anonymous_13)
FNF:10
FNH:0
FNDA:0,(anonymous_4)
FNDA:0,(anonymous_5)
FNDA:0,useVehicleEvents
FNDA:0,(anonymous_7)
FNDA:0,(anonymous_8)
FNDA:0,(anonymous_9)
FNDA:0,(anonymous_10)
FNDA:0,useVehicleStats
FNDA:0,(anonymous_12)
FNDA:0,(anonymous_13)
DA:1,0
DA:2,0
DA:28,0
DA:30,0
DA:36,0
DA:39,0
DA:41,0
DA:44,0
DA:47,0
DA:48,0
DA:50,0
DA:51,0
DA:54,0
DA:55,0
DA:59,0
DA:60,0
DA:63,0
DA:73,0
DA:85,0
DA:86,0
DA:87,0
DA:88,0
DA:91,0
DA:92,0
DA:94,0
DA:95,0
DA:96,0
DA:98,0
DA:103,0
DA:105,0
DA:106,0
DA:109,0
DA:152,0
DA:153,0
DA:163,0
DA:165,0
DA:166,0
DA:167,0
DA:168,0
DA:172,0
DA:181,0
LF:41
LH:0
BRDA:32,0,0,0
BRDA:41,1,0,0
BRDA:44,2,0,0
BRDA:44,3,0,0
BRDA:44,3,1,0
BRDA:50,4,0,0
BRDA:50,5,0,0
BRDA:50,5,1,0
BRDA:54,6,0,0
BRDA:59,7,0,0
BRDA:59,8,0,0
BRDA:59,8,1,0
BRDA:85,9,0,0
BRDA:85,9,1,0
BRDA:86,10,0,0
BRDA:86,10,1,0
BRDA:87,11,0,0
BRDA:87,11,1,0
BRDA:92,12,0,0
BRDA:92,13,0,0
BRDA:92,13,1,0
BRDA:154,14,0,0
BRDA:154,14,1,0
BRDA:154,15,0,0
BRDA:154,15,1,0
BRDA:174,16,0,0
BRDA:174,16,1,0
BRF:27
BRH:0
end_of_record
TN:
SF:features/vehicles/hooks/useVehicles.ts
FN:11,(anonymous_3)
FN:11,(anonymous_4)
FN:13,useVehicles
FN:28,(anonymous_6)
FN:61,(anonymous_7)
FN:65,(anonymous_8)
FN:74,(anonymous_9)
FN:113,(anonymous_10)
FN:121,(anonymous_11)
FN:124,(anonymous_12)
FN:144,useVehicle
FN:149,(anonymous_14)
FN:168,(anonymous_15)
FN:172,(anonymous_16)
FN:179,(anonymous_17)
FN:186,(anonymous_18)
FN:196,(anonymous_19)
FNF:17
FNH:0
FNDA:0,(anonymous_3)
FNDA:0,(anonymous_4)
FNDA:0,useVehicles
FNDA:0,(anonymous_6)
FNDA:0,(anonymous_7)
FNDA:0,(anonymous_8)
FNDA:0,(anonymous_9)
FNDA:0,(anonymous_10)
FNDA:0,(anonymous_11)
FNDA:0,(anonymous_12)
FNDA:0,useVehicle
FNDA:0,(anonymous_14)
FNDA:0,(anonymous_15)
FNDA:0,(anonymous_16)
FNDA:0,(anonymous_17)
FNDA:0,(anonymous_18)
FNDA:0,(anonymous_19)
DA:1,0
DA:2,0
DA:11,0
DA:13,0
DA:14,0
DA:15,0
DA:16,0
DA:19,0
DA:20,0
DA:21,0
DA:22,0
DA:23,0
DA:25,0
DA:26,0
DA:28,0
DA:29,0
DA:30,0
DA:31,0
DA:32,0
DA:33,0
DA:34,0
DA:35,0
DA:36,0
DA:38,0
DA:39,0
DA:40,0
DA:43,0
DA:52,0
DA:54,0
DA:55,0
DA:57,0
DA:61,0
DA:62,0
DA:65,0
DA:66,0
DA:69,0
DA:72,0
DA:75,0
DA:78,0
DA:79,0
DA:84,0
DA:85,0
DA:89,0
DA:90,0
DA:94,0
DA:95,0
DA:99,0
DA:100,0
DA:104,0
DA:105,0
DA:108,0
DA:114,0
DA:121,0
DA:125,0
DA:132,0
DA:144,0
DA:145,0
DA:146,0
DA:147,0
DA:149,0
DA:150,0
DA:152,0
DA:153,0
DA:154,0
DA:155,0
DA:156,0
DA:157,0
DA:159,0
DA:160,0
DA:162,0
DA:164,0
DA:168,0
DA:169,0
DA:172,0
DA:173,0
DA:176,0
DA:178,0
DA:180,0
DA:187,0
DA:196,0
DA:199,0
LF:81
LH:0
BRDA:13,0,0,0
BRDA:20,1,0,0
BRDA:21,2,0,0
BRDA:22,3,0,0
BRDA:23,4,0,0
BRDA:26,5,0,0
BRDA:26,5,1,0
BRDA:35,6,0,0
BRDA:48,7,0,0
BRDA:48,7,1,0
BRDA:75,8,0,0
BRDA:75,8,1,0
BRDA:75,8,2,0
BRDA:75,8,3,0
BRDA:75,8,4,0
BRDA:75,8,5,0
BRDA:75,8,6,0
BRDA:75,8,7,0
BRDA:133,9,0,0
BRDA:133,9,1,0
BRDA:133,9,2,0
BRDA:134,10,0,0
BRDA:134,10,1,0
BRDA:135,11,0,0
BRDA:135,11,1,0
BRDA:150,12,0,0
BRDA:156,13,0,0
BRF:27
BRH:0
end_of_record
TN:
SF:features/vehicles/ui/FleetChat.tsx
FN:33,FleetChat
FN:47,(anonymous_2)
FN:51,(anonymous_3)
FN:55,(anonymous_4)
FN:66,(anonymous_5)
FN:71,(anonymous_6)
FN:73,(anonymous_7)
FN:78,(anonymous_8)
FN:79,(anonymous_9)
FN:128,(anonymous_10)
FN:145,(anonymous_11)
FN:177,(anonymous_12)
FN:186,(anonymous_13)
FN:197,(anonymous_14)
FN:209,(anonymous_15)
FN:252,(anonymous_16)
FN:253,(anonymous_17)
FNF:17
FNH:0
FNDA:0,FleetChat
FNDA:0,(anonymous_2)
FNDA:0,(anonymous_3)
FNDA:0,(anonymous_4)
FNDA:0,(anonymous_5)
FNDA:0,(anonymous_6)
FNDA:0,(anonymous_7)
FNDA:0,(anonymous_8)
FNDA:0,(anonymous_9)
FNDA:0,(anonymous_10)
FNDA:0,(anonymous_11)
FNDA:0,(anonymous_12)
FNDA:0,(anonymous_13)
FNDA:0,(anonymous_14)
FNDA:0,(anonymous_15)
FNDA:0,(anonymous_16)
FNDA:0,(anonymous_17)
DA:1,0
DA:33,0
DA:34,0
DA:43,0
DA:44,0
DA:45,0
DA:47,0
DA:48,0
DA:51,0
DA:52,0
DA:55,0
DA:56,0
DA:57,0
DA:59,0
DA:66,0
DA:67,0
DA:68,0
DA:71,0
DA:72,0
DA:73,0
DA:74,0
DA:78,0
DA:79,0
DA:81,0
DA:82,0
DA:108,0
DA:109,0
DA:119,0
DA:128,0
DA:129,0
DA:131,0
DA:133,0
DA:135,0
DA:137,0
DA:146,0
DA:178,0
DA:187,0
DA:198,0
DA:210,0
DA:252,0
DA:253,0
LF:41
LH:0
BRDA:57,0,0,0
BRDA:57,1,0,0
BRDA:57,1,1,0
BRDA:79,2,0,0
BRDA:79,2,1,0
BRDA:81,3,0,0
BRDA:81,4,0,0
BRDA:81,4,1,0
BRDA:108,5,0,0
BRDA:112,6,0,0
BRDA:112,6,1,0
BRDA:114,7,0,0
BRDA:114,7,1,0
BRDA:114,8,0,0
BRDA:114,8,1,0
BRDA:129,9,0,0
BRDA:129,9,1,0
BRDA:129,9,2,0
BRDA:129,9,3,0
BRDA:148,10,0,0
BRDA:148,10,1,0
BRDA:152,11,0,0
BRDA:152,11,1,0
BRDA:159,12,0,0
BRDA:162,13,0,0
BRDA:171,14,0,0
BRDA:188,15,0,0
BRDA:188,15,1,0
BRDA:207,16,0,0
BRDA:229,17,0,0
BRDA:253,18,0,0
BRDA:253,18,1,0
BRDA:259,19,0,0
BRDA:259,19,1,0
BRDA:262,20,0,0
BRDA:262,20,1,0
BRF:36
BRH:0
end_of_record
TN:
SF:features/vehicles/ui/GarageFeatures.tsx
FN:67,GarageFeatures
FN:73,(anonymous_5)
FN:77,(anonymous_6)
FN:94,(anonymous_7)
FN:137,(anonymous_8)
FN:147,(anonymous_9)
FN:161,(anonymous_10)
FN:187,(anonymous_11)
FN:219,(anonymous_12)
FN:249,(anonymous_13)
FNF:10
FNH:0
FNDA:0,GarageFeatures
FNDA:0,(anonymous_5)
FNDA:0,(anonymous_6)
FNDA:0,(anonymous_7)
FNDA:0,(anonymous_8)
FNDA:0,(anonymous_9)
FNDA:0,(anonymous_10)
FNDA:0,(anonymous_11)
FNDA:0,(anonymous_12)
FNDA:0,(anonymous_13)
DA:1,0
DA:2,0
DA:3,0
DA:4,0
DA:16,0
DA:67,0
DA:68,0
DA:69,0
DA:70,0
DA:71,0
DA:73,0
DA:74,0
DA:77,0
DA:78,0
DA:83,0
DA:84,0
DA:85,0
DA:94,0
DA:104,0
DA:127,0
DA:128,0
DA:129,0
DA:131,0
DA:133,0
DA:137,0
DA:138,0
DA:139,0
DA:140,0
DA:141,0
DA:142,0
DA:143,0
DA:147,0
DA:148,0
DA:158,0
DA:162,0
DA:188,0
DA:220,0
DA:250,0
LF:38
LH:0
BRDA:84,0,0,0
BRDA:96,1,0,0
BRDA:96,1,1,0
BRDA:96,1,2,0
BRDA:138,2,0,0
BRDA:138,2,1,0
BRDA:138,2,2,0
BRDA:138,2,3,0
BRDA:138,2,4,0
BRDA:158,3,0,0
BRDA:178,4,0,0
BRDA:189,5,0,0
BRDA:189,5,1,0
BRDA:190,6,0,0
BRDA:190,6,1,0
BRDA:199,7,0,0
BRDA:199,7,1,0
BRDA:210,8,0,0
BRDA:229,9,0,0
BRDA:229,9,1,0
BRDA:266,10,0,0
BRDA:297,11,0,0
BRDA:297,11,1,0
BRDA:302,12,0,0
BRF:24
BRH:0
end_of_record
TN:
SF:features/vehicles/ui/VehicleList.tsx
FN:26,VehicleList
FN:29,(anonymous_2)
FN:36,(anonymous_3)
FN:49,(anonymous_4)
FN:57,(anonymous_5)
FN:60,(anonymous_6)
FN:103,(anonymous_7)
FNF:7
FNH:0
FNDA:0,VehicleList
FNDA:0,(anonymous_2)
FNDA:0,(anonymous_3)
FNDA:0,(anonymous_4)
FNDA:0,(anonymous_5)
FNDA:0,(anonymous_6)
FNDA:0,(anonymous_7)
DA:1,0
DA:2,0
DA:26,0
DA:27,0
DA:29,0
DA:31,0
DA:34,0
DA:36,0
DA:37,0
DA:39,0
DA:41,0
DA:43,0
DA:45,0
DA:49,0
DA:50,0
DA:51,0
DA:52,0
DA:58,0
DA:60,0
DA:104,0
LF:20
LH:0
BRDA:31,0,0,0
BRDA:31,0,1,0
BRDA:32,1,0,0
BRDA:32,1,1,0
BRDA:37,2,0,0
BRDA:37,2,1,0
BRDA:37,2,2,0
BRDA:37,2,3,0
BRDA:50,3,0,0
BRDA:51,4,0,0
BRDA:62,5,0,0
BRDA:62,5,1,0
BRDA:93,6,0,0
BRDA:100,7,0,0
BRDA:109,8,0,0
BRDA:120,9,0,0
BRF:16
BRH:0
end_of_record
TN:
SF:features/vehicles/ui/VehicleOnboarding.tsx
FN:72,VehicleOnboarding
FN:86,(anonymous_5)
FN:87,(anonymous_6)
FN:94,(anonymous_7)
FN:100,(anonymous_8)
FN:184,(anonymous_9)
FN:192,(anonymous_10)
FN:223,(anonymous_11)
FN:229,(anonymous_12)
FN:254,(anonymous_13)
FN:269,(anonymous_14)
FN:285,(anonymous_15)
FN:298,(anonymous_16)
FN:318,(anonymous_17)
FN:390,(anonymous_18)
FN:478,(anonymous_19)
FN:486,(anonymous_20)
FNF:17
FNH:0
FNDA:0,VehicleOnboarding
FNDA:0,(anonymous_5)
FNDA:0,(anonymous_6)
FNDA:0,(anonymous_7)
FNDA:0,(anonymous_8)
FNDA:0,(anonymous_9)
FNDA:0,(anonymous_10)
FNDA:0,(anonymous_11)
FNDA:0,(anonymous_12)
FNDA:0,(anonymous_13)
FNDA:0,(anonymous_14)
FNDA:0,(anonymous_15)
FNDA:0,(anonymous_16)
FNDA:0,(anonymous_17)
FNDA:0,(anonymous_18)
FNDA:0,(anonymous_19)
FNDA:0,(anonymous_20)
DA:1,0
DA:2,0
DA:4,0
DA:72,0
DA:73,0
DA:74,0
DA:75,0
DA:78,0
DA:79,0
DA:80,0
DA:81,0
DA:82,0
DA:83,0
DA:86,0
DA:87,0
DA:94,0
DA:95,0
DA:100,0
DA:101,0
DA:102,0
DA:103,0
DA:105,0
DA:106,0
DA:109,0
DA:115,0
DA:117,0
DA:118,0
DA:119,0
DA:120,0
DA:121,0
DA:124,0
DA:125,0
DA:139,0
DA:148,0
DA:151,0
DA:152,0
DA:154,0
DA:168,0
DA:177,0
DA:179,0
DA:184,0
DA:185,0
DA:186,0
DA:187,0
DA:188,0
DA:192,0
DA:193,0
DA:194,0
DA:195,0
DA:207,0
DA:208,0
DA:209,0
DA:210,0
DA:211,0
DA:213,0
DA:216,0
DA:218,0
DA:223,0
DA:224,0
DA:225,0
DA:229,0
DA:230,0
DA:231,0
DA:233,0
DA:234,0
DA:249,0
DA:250,0
DA:251,0
DA:254,0
DA:255,0
DA:258,0
DA:259,0
DA:262,0
DA:264,0
DA:269,0
DA:270,0
DA:272,0
DA:273,0
DA:275,0
DA:276,0
DA:278,0
DA:279,0
DA:281,0
DA:285,0
DA:286,0
DA:290,0
DA:298,0
DA:319,0
DA:390,0
DA:478,0
DA:486,0
LF:91
LH:0
BRDA:117,0,0,0
BRDA:117,0,1,0
BRDA:124,1,0,0
BRDA:124,1,1,0
BRDA:186,2,0,0
BRDA:207,3,0,0
BRDA:207,3,1,0
BRDA:249,4,0,0
BRDA:249,4,1,0
BRDA:259,5,0,0
BRDA:259,5,1,0
BRDA:270,6,0,0
BRDA:270,6,1,0
BRDA:270,6,2,0
BRDA:270,6,3,0
BRDA:321,7,0,0
BRDA:321,7,1,0
BRDA:322,8,0,0
BRDA:322,8,1,0
BRDA:325,9,0,0
BRDA:325,9,1,0
BRDA:327,10,0,0
BRDA:329,11,0,0
BRDA:329,11,1,0
BRDA:342,12,0,0
BRDA:352,13,0,0
BRDA:352,13,1,0
BRDA:357,14,0,0
BRDA:357,14,1,0
BRDA:358,15,0,0
BRDA:358,15,1,0
BRDA:366,16,0,0
BRDA:374,17,0,0
BRDA:384,18,0,0
BRDA:384,18,1,0
BRDA:384,18,2,0
BRDA:395,19,0,0
BRDA:395,19,1,0
BRDA:395,19,2,0
BRDA:416,20,0,0
BRDA:416,20,1,0
BRDA:434,21,0,0
BRDA:434,21,1,0
BRDA:435,22,0,0
BRDA:467,23,0,0
BRDA:467,23,1,0
BRDA:495,24,0,0
BRDA:511,25,0,0
BRF:48
BRH:0
end_of_record
TN:
SF:features/vehicles/ui/VehicleOnboardingFlow.tsx
FN:93,VehicleOnboardingFlow
FN:115,(anonymous_5)
FN:122,(anonymous_6)
FN:198,(anonymous_7)
FN:226,(anonymous_8)
FN:241,(anonymous_9)
FN:245,(anonymous_10)
FN:269,(anonymous_11)
FN:286,(anonymous_12)
FN:383,(anonymous_13)
FN:385,(anonymous_14)
FN:390,(anonymous_15)
FN:395,(anonymous_16)
FN:407,(anonymous_17)
FN:411,(anonymous_18)
FN:560,(anonymous_19)
FN:591,(anonymous_20)
FN:605,(anonymous_21)
FN:635,(anonymous_22)
FN:674,(anonymous_23)
FN:785,(anonymous_24)
FN:810,(anonymous_25)
FN:816,(anonymous_26)
FNF:23
FNH:0
FNDA:0,VehicleOnboardingFlow
FNDA:0,(anonymous_5)
FNDA:0,(anonymous_6)
FNDA:0,(anonymous_7)
FNDA:0,(anonymous_8)
FNDA:0,(anonymous_9)
FNDA:0,(anonymous_10)
FNDA:0,(anonymous_11)
FNDA:0,(anonymous_12)
FNDA:0,(anonymous_13)
FNDA:0,(anonymous_14)
FNDA:0,(anonymous_15)
FNDA:0,(anonymous_16)
FNDA:0,(anonymous_17)
FNDA:0,(anonymous_18)
FNDA:0,(anonymous_19)
FNDA:0,(anonymous_20)
FNDA:0,(anonymous_21)
FNDA:0,(anonymous_22)
FNDA:0,(anonymous_23)
FNDA:0,(anonymous_24)
FNDA:0,(anonymous_25)
FNDA:0,(anonymous_26)
DA:1,0
DA:2,0
DA:3,0
DA:4,0
DA:5,0
DA:6,0
DA:7,0
DA:8,0
DA:11,0
DA:12,0
DA:15,0
DA:93,0
DA:94,0
DA:95,0
DA:96,0
DA:99,0
DA:100,0
DA:101,0
DA:102,0
DA:103,0
DA:104,0
DA:105,0
DA:106,0
DA:107,0
DA:108,0
DA:109,0
DA:110,0
DA:111,0
DA:115,0
DA:116,0
DA:117,0
DA:118,0
DA:122,0
DA:123,0
DA:124,0
DA:127,0
DA:128,0
DA:129,0
DA:131,0
DA:132,0
DA:133,0
DA:134,0
DA:135,0
DA:138,0
DA:139,0
DA:142,0
DA:148,0
DA:149,0
DA:152,0
DA:154,0
DA:155,0
DA:158,0
DA:179,0
DA:182,0
DA:183,0
DA:185,0
DA:187,0
DA:190,0
DA:191,0
DA:193,0
DA:198,0
DA:205,0
DA:206,0
DA:221,0
DA:222,0
DA:223,0
DA:226,0
DA:227,0
DA:232,0
DA:235,0
DA:236,0
DA:241,0
DA:242,0
DA:245,0
DA:246,0
DA:247,0
DA:248,0
DA:249,0
DA:251,0
DA:252,0
DA:253,0
DA:257,0
DA:259,0
DA:263,0
DA:266,0
DA:267,0
DA:269,0
DA:270,0
DA:272,0
DA:273,0
DA:274,0
DA:275,0
DA:278,0
DA:279,0
DA:280,0
DA:286,0
DA:287,0
DA:288,0
DA:289,0
DA:290,0
DA:293,0
DA:294,0
DA:295,0
DA:296,0
DA:300,0
DA:301,0
DA:302,0
DA:303,0
DA:305,0
DA:306,0
DA:324,0
DA:325,0
DA:328,0
DA:344,0
DA:346,0
DA:347,0
DA:348,0
DA:349,0
DA:352,0
DA:353,0
DA:356,0
DA:357,0
DA:359,0
DA:360,0
DA:363,0
DA:364,0
DA:367,0
DA:369,0
DA:370,0
DA:373,0
DA:375,0
DA:376,0
DA:378,0
DA:383,0
DA:384,0
DA:385,0
DA:386,0
DA:387,0
DA:390,0
DA:395,0
DA:396,0
DA:397,0
DA:398,0
DA:399,0
DA:400,0
DA:401,0
DA:402,0
DA:407,0
DA:408,0
DA:411,0
DA:412,0
DA:415,0
DA:416,0
DA:417,0
DA:419,0
DA:420,0
DA:423,0
DA:424,0
DA:427,0
DA:428,0
DA:431,0
DA:432,0
DA:435,0
DA:436,0
DA:439,0
DA:440,0
DA:444,0
DA:445,0
DA:448,0
DA:449,0
DA:453,0
DA:454,0
DA:455,0
DA:457,0
DA:458,0
DA:460,0
DA:461,0
DA:466,0
DA:467,0
DA:470,0
DA:474,0
DA:480,0
DA:483,0
DA:561,0
DA:591,0
DA:606,0
DA:608,0
DA:609,0
DA:636,0
DA:638,0
DA:639,0
DA:674,0
DA:787,0
DA:788,0
DA:789,0
DA:810,0
DA:816,0
LF:197
LH:0
BRDA:131,0,0,0
BRDA:148,1,0,0
BRDA:154,2,0,0
BRDA:154,2,1,0
BRDA:163,3,0,0
BRDA:163,3,1,0
BRDA:164,4,0,0
BRDA:164,4,1,0
BRDA:182,5,0,0
BRDA:182,5,1,0
BRDA:187,6,0,0
BRDA:187,6,1,0
BRDA:221,7,0,0
BRDA:221,7,1,0
BRDA:232,8,0,0
BRDA:232,8,1,0
BRDA:232,8,2,0
BRDA:248,9,0,0
BRDA:251,10,0,0
BRDA:251,11,0,0
BRDA:251,11,1,0
BRDA:263,12,0,0
BRDA:272,13,0,0
BRDA:278,14,0,0
BRDA:287,15,0,0
BRDA:293,16,0,0
BRDA:317,17,0,0
BRDA:317,17,1,0
BRDA:337,18,0,0
BRDA:337,18,1,0
BRDA:338,19,0,0
BRDA:338,19,1,0
BRDA:339,20,0,0
BRDA:339,20,1,0
BRDA:346,21,0,0
BRDA:349,22,0,0
BRDA:349,22,1,0
BRDA:359,23,0,0
BRDA:376,24,0,0
BRDA:376,24,1,0
BRDA:384,25,0,0
BRDA:384,26,0,0
BRDA:384,26,1,0
BRDA:396,27,0,0
BRDA:396,27,1,0
BRDA:396,27,2,0
BRDA:396,27,3,0
BRDA:396,27,4,0
BRDA:396,27,5,0
BRDA:408,28,0,0
BRDA:419,29,0,0
BRDA:427,30,0,0
BRDA:431,31,0,0
BRDA:435,32,0,0
BRDA:439,33,0,0
BRDA:439,34,0,0
BRDA:439,34,1,0
BRDA:444,35,0,0
BRDA:448,36,0,0
BRDA:453,37,0,0
BRDA:454,38,0,0
BRDA:457,39,0,0
BRDA:460,40,0,0
BRDA:466,41,0,0
BRDA:467,42,0,0
BRDA:467,42,1,0
BRDA:502,43,0,0
BRDA:516,44,0,0
BRDA:521,45,0,0
BRDA:565,46,0,0
BRDA:592,47,0,0
BRDA:592,47,1,0
BRDA:608,48,0,0
BRDA:608,49,0,0
BRDA:608,49,1,0
BRDA:616,50,0,0
BRDA:616,50,1,0
BRDA:638,51,0,0
BRDA:638,52,0,0
BRDA:638,52,1,0
BRDA:638,52,2,0
BRDA:649,53,0,0
BRDA:649,53,1,0
BRDA:688,54,0,0
BRDA:695,55,0,0
BRDA:695,55,1,0
BRDA:714,56,0,0
BRDA:714,56,1,0
BRDA:717,57,0,0
BRDA:717,57,1,0
BRDA:720,58,0,0
BRDA:720,58,1,0
BRDA:731,59,0,0
BRDA:755,60,0,0
BRDA:765,61,0,0
BRDA:772,62,0,0
BRDA:779,63,0,0
BRDA:779,63,1,0
BRDA:781,64,0,0
BRDA:783,65,0,0
BRDA:783,65,1,0
BRDA:787,66,0,0
BRDA:795,67,0,0
BRF:103
BRH:0
end_of_record
TN:
SF:features/vehicles/ui/VehicleOnboardingWithImages.tsx
FN:87,VehicleOnboardingWithImages
FN:106,(anonymous_5)
FN:146,(anonymous_6)
FN:218,(anonymous_7)
FN:259,(anonymous_8)
FN:269,(anonymous_9)
FN:296,(anonymous_10)
FN:442,(anonymous_11)
FN:458,(anonymous_12)
FNF:9
FNH:0
FNDA:0,VehicleOnboardingWithImages
FNDA:0,(anonymous_5)
FNDA:0,(anonymous_6)
FNDA:0,(anonymous_7)
FNDA:0,(anonymous_8)
FNDA:0,(anonymous_9)
FNDA:0,(anonymous_10)
FNDA:0,(anonymous_11)
FNDA:0,(anonymous_12)
DA:1,0
DA:2,0
DA:3,0
DA:4,0
DA:5,0
DA:6,0
DA:7,0
DA:8,0
DA:9,0
DA:10,0
DA:87,0
DA:88,0
DA:89,0
DA:90,0
DA:93,0
DA:94,0
DA:95,0
DA:96,0
DA:97,0
DA:98,0
DA:101,0
DA:102,0
DA:103,0
DA:106,0
DA:107,0
DA:109,0
DA:110,0
DA:112,0
DA:113,0
DA:115,0
DA:123,0
DA:124,0
DA:126,0
DA:127,0
DA:128,0
DA:129,0
DA:131,0
DA:132,0
DA:134,0
DA:135,0
DA:138,0
DA:139,0
DA:141,0
DA:146,0
DA:147,0
DA:148,0
DA:150,0
DA:151,0
DA:154,0
DA:160,0
DA:161,0
DA:164,0
DA:166,0
DA:167,0
DA:168,0
DA:169,0
DA:172,0
DA:175,0
DA:177,0
DA:179,0
DA:180,0
DA:194,0
DA:205,0
DA:207,0
DA:210,0
DA:211,0
DA:213,0
DA:218,0
DA:219,0
DA:221,0
DA:223,0
DA:224,0
DA:236,0
DA:242,0
DA:244,0
DA:245,0
DA:246,0
DA:248,0
DA:251,0
DA:252,0
DA:254,0
DA:259,0
DA:260,0
DA:261,0
DA:262,0
DA:263,0
DA:264,0
DA:269,0
DA:270,0
DA:296,0
DA:442,0
DA:458,0
LF:92
LH:0
BRDA:107,0,0,0
BRDA:126,1,0,0
BRDA:126,1,1,0
BRDA:126,2,0,0
BRDA:126,2,1,0
BRDA:126,2,2,0
BRDA:129,3,0,0
BRDA:129,3,1,0
BRDA:160,4,0,0
BRDA:166,5,0,0
BRDA:166,5,1,0
BRDA:179,6,0,0
BRDA:179,6,1,0
BRDA:219,7,0,0
BRDA:225,8,0,0
BRDA:225,8,1,0
BRDA:232,9,0,0
BRDA:232,9,1,0
BRDA:244,10,0,0
BRDA:244,10,1,0
BRDA:248,11,0,0
BRDA:248,11,1,0
BRDA:260,12,0,0
BRDA:260,12,1,0
BRDA:260,12,2,0
BRDA:260,12,3,0
BRDA:261,13,0,0
BRDA:261,13,1,0
BRDA:270,14,0,0
BRDA:283,15,0,0
BRDA:291,16,0,0
BRDA:304,17,0,0
BRDA:314,18,0,0
BRDA:340,19,0,0
BRDA:350,20,0,0
BRDA:370,21,0,0
BRDA:376,22,0,0
BRDA:382,23,0,0
BRDA:411,24,0,0
BRDA:411,24,1,0
BRDA:414,25,0,0
BRDA:418,26,0,0
BRDA:418,26,1,0
BRDA:419,27,0,0
BRDA:419,27,1,0
BRDA:420,28,0,0
BRDA:420,28,1,0
BRDA:471,29,0,0
BRDA:510,30,0,0
BRDA:518,31,0,0
BRDA:525,32,0,0
BRDA:525,32,1,0
BRDA:527,33,0,0
BRF:53
BRH:0
end_of_record
TN:
SF:features/vehicles/ui/VehicleReviewCard.tsx
FN:73,VehicleReviewCard
FN:88,(anonymous_5)
FN:100,(anonymous_6)
FN:134,(anonymous_7)
FN:135,(anonymous_8)
FN:136,(anonymous_9)
FN:144,(anonymous_10)
FN:239,(anonymous_11)
FN:240,(anonymous_12)
FN:241,(anonymous_13)
FN:252,(anonymous_14)
FN:320,(anonymous_15)
FNF:12
FNH:0
FNDA:0,VehicleReviewCard
FNDA:0,(anonymous_5)
FNDA:0,(anonymous_6)
FNDA:0,(anonymous_7)
FNDA:0,(anonymous_8)
FNDA:0,(anonymous_9)
FNDA:0,(anonymous_10)
FNDA:0,(anonymous_11)
FNDA:0,(anonymous_12)
FNDA:0,(anonymous_13)
FNDA:0,(anonymous_14)
FNDA:0,(anonymous_15)
DA:1,0
DA:2,0
DA:73,0
DA:81,0
DA:84,0
DA:85,0
DA:86,0
DA:88,0
DA:89,0
DA:100,0
DA:101,0
DA:102,0
DA:115,0
DA:116,0
DA:119,0
DA:120,0
DA:134,0
DA:135,0
DA:136,0
DA:144,0
DA:239,0
DA:240,0
DA:241,0
DA:252,0
DA:321,0
LF:25
LH:0
BRDA:79,0,0,0
BRDA:82,1,0,0
BRDA:82,1,1,0
BRDA:92,2,0,0
BRDA:92,2,1,0
BRDA:120,3,0,0
BRDA:120,3,1,0
BRDA:120,4,0,0
BRDA:120,4,1,0
BRDA:131,5,0,0
BRDA:136,6,0,0
BRDA:136,6,1,0
BRDA:157,7,0,0
BRDA:157,7,1,0
BRDA:158,8,0,0
BRDA:158,8,1,0
BRDA:177,9,0,0
BRDA:184,10,0,0
BRDA:184,10,1,0
BRDA:192,11,0,0
BRDA:192,11,1,0
BRDA:193,12,0,0
BRDA:193,12,1,0
BRDA:214,13,0,0
BRDA:217,14,0,0
BRDA:217,14,1,0
BRDA:219,15,0,0
BRDA:219,15,1,0
BRDA:236,16,0,0
BRDA:238,17,0,0
BRDA:238,17,1,0
BRDA:239,18,0,0
BRDA:239,18,1,0
BRDA:241,19,0,0
BRDA:241,19,1,0
BRDA:249,20,0,0
BRDA:249,20,1,0
BRDA:249,21,0,0
BRDA:249,21,1,0
BRDA:279,22,0,0
BRDA:312,23,0,0
BRDA:326,24,0,0
BRDA:336,25,0,0
BRDA:344,26,0,0
BRDA:347,27,0,0
BRDA:350,28,0,0
BRDA:353,29,0,0
BRDA:373,30,0,0
BRDA:373,30,1,0
BRDA:377,31,0,0
BRDA:390,32,0,0
BRF:51
BRH:0
end_of_record
TN:
SF:features/vehicles/ui/VehicleSavingStep.tsx
FN:73,VehicleSavingStep
FN:91,(anonymous_6)
FN:98,(anonymous_7)
FN:104,(anonymous_8)
FN:107,(anonymous_9)
FN:110,(anonymous_10)
FN:115,(anonymous_11)
FN:190,(anonymous_12)
FN:220,cancelTimers
FN:221,(anonymous_14)
FN:225,Ping
FN:242,usePrefersReducedMotion
FN:244,(anonymous_17)
FN:246,(anonymous_18)
FN:249,(anonymous_19)
FNF:15
FNH:0
FNDA:0,VehicleSavingStep
FNDA:0,(anonymous_6)
FNDA:0,(anonymous_7)
FNDA:0,(anonymous_8)
FNDA:0,(anonymous_9)
FNDA:0,(anonymous_10)
FNDA:0,(anonymous_11)
FNDA:0,(anonymous_12)
FNDA:0,cancelTimers
FNDA:0,(anonymous_14)
FNDA:0,Ping
FNDA:0,usePrefersReducedMotion
FNDA:0,(anonymous_17)
FNDA:0,(anonymous_18)
FNDA:0,(anonymous_19)
DA:1,0
DA:2,0
DA:11,0
DA:12,0
DA:35,0
DA:73,0
DA:82,0
DA:83,0
DA:84,0
DA:85,0
DA:87,0
DA:88,0
DA:91,0
DA:92,0
DA:93,0
DA:94,0
DA:98,0
DA:99,0
DA:102,0
DA:104,0
DA:105,0
DA:106,0
DA:107,0
DA:108,0
DA:110,0
DA:114,0
DA:115,0
DA:191,0
DA:221,0
DA:222,0
DA:243,0
DA:244,0
DA:245,0
DA:246,0
DA:247,0
DA:248,0
DA:249,0
DA:251,0
LF:38
LH:0
BRDA:77,0,0,0
BRDA:79,1,0,0
BRDA:80,2,0,0
BRDA:88,3,0,0
BRDA:88,3,1,0
BRDA:99,4,0,0
BRDA:99,5,0,0
BRDA:99,5,1,0
BRDA:102,6,0,0
BRDA:102,6,1,0
BRDA:102,7,0,0
BRDA:102,7,1,0
BRDA:105,8,0,0
BRDA:105,8,1,0
BRDA:123,9,0,0
BRDA:140,10,0,0
BRDA:153,11,0,0
BRDA:159,12,0,0
BRDA:159,12,1,0
BRDA:162,13,0,0
BRDA:162,13,1,0
BRDA:166,14,0,0
BRDA:166,14,1,0
BRDA:180,15,0,0
BRDA:180,15,1,0
BRDA:183,16,0,0
BRDA:183,16,1,0
BRDA:185,17,0,0
BRDA:185,17,1,0
BRDA:195,18,0,0
BRDA:195,18,1,0
BRDA:195,19,0,0
BRDA:195,19,1,0
BRDA:203,20,0,0
BRDA:208,21,0,0
BRDA:208,21,1,0
BRF:36
BRH:0
end_of_record
TN:
SF:features/vehicles/ui/VehicleSelector.tsx
FN:25,VehicleSelector
FN:37,(anonymous_3)
FN:43,(anonymous_4)
FN:66,(anonymous_5)
FN:76,(anonymous_6)
FN:79,(anonymous_7)
FNF:6
FNH:0
FNDA:0,VehicleSelector
FNDA:0,(anonymous_3)
FNDA:0,(anonymous_4)
FNDA:0,(anonymous_5)
FNDA:0,(anonymous_6)
FNDA:0,(anonymous_7)
DA:2,0
DA:3,0
DA:11,0
DA:25,0
DA:35,0
DA:37,0
DA:43,0
DA:44,0
DA:45,0
DA:46,0
DA:66,0
DA:77,0
DA:79,0
LF:13
LH:0
BRDA:35,0,0,0
BRDA:44,1,0,0
BRDA:45,2,0,0
BRDA:86,3,0,0
BRDA:108,4,0,0
BRDA:114,5,0,0
BRF:6
BRH:0
end_of_record
TN:
SF:features/vehicles/ui/VehicleSpecifications.tsx
FN:22,VehicleSpecifications
FN:111,SpecRow
FN:120,FeatureItem
FNF:3
FNH:0
FNDA:0,VehicleSpecifications
FNDA:0,SpecRow
FNDA:0,FeatureItem
DA:7,0
DA:8,0
DA:9,0
DA:22,0
LF:4
LH:0
BRDA:111,0,0,0
BRF:1
BRH:0
end_of_record
TN:
SF:features/vehicles/ui/VehicleStatusCard.tsx
FN:13,VehicleStatusCard
FN:19,(anonymous_3)
FN:86,(anonymous_4)
FNF:3
FNH:0
FNDA:0,VehicleStatusCard
FNDA:0,(anonymous_3)
FNDA:0,(anonymous_4)
DA:3,0
DA:4,0
DA:13,0
DA:19,0
DA:20,0
DA:22,0
DA:24,0
DA:25,0
DA:30,0
DA:31,0
DA:37,0
DA:45,0
DA:87,0
LF:13
LH:0
BRDA:20,0,0,0
BRDA:24,1,0,0
BRDA:24,1,1,0
BRDA:30,2,0,0
BRDA:30,2,1,0
BRDA:51,3,0,0
BRDA:53,4,0,0
BRDA:53,4,1,0
BRDA:55,5,0,0
BRDA:55,5,1,0
BRDA:72,6,0,0
BRDA:82,7,0,0
BRDA:95,8,0,0
BRF:13
BRH:0
end_of_record
TN:
SF:features/vehicles/ui/VehicleStatusDashboard.tsx
FN:36,VehicleStatusDashboard
FN:40,(anonymous_3)
FN:97,(anonymous_4)
FN:106,(anonymous_5)
FN:154,(anonymous_6)
FN:195,(anonymous_7)
FN:222,(anonymous_8)
FN:299,(anonymous_9)
FNF:8
FNH:0
FNDA:0,VehicleStatusDashboard
FNDA:0,(anonymous_3)
FNDA:0,(anonymous_4)
FNDA:0,(anonymous_5)
FNDA:0,(anonymous_6)
FNDA:0,(anonymous_7)
FNDA:0,(anonymous_8)
FNDA:0,(anonymous_9)
DA:1,0
DA:2,0
DA:3,0
DA:5,0
DA:16,0
DA:36,0
DA:37,0
DA:38,0
DA:40,0
DA:41,0
DA:42,0
DA:45,0
DA:64,0
DA:83,0
DA:97,0
DA:98,0
DA:99,0
DA:100,0
DA:101,0
DA:102,0
DA:106,0
DA:107,0
DA:108,0
DA:109,0
DA:154,0
DA:196,0
DA:223,0
DA:299,0
LF:28
LH:0
BRDA:98,0,0,0
BRDA:98,0,1,0
BRDA:98,0,2,0
BRDA:98,0,3,0
BRDA:107,1,0,0
BRDA:108,2,0,0
BRDA:119,3,0,0
BRDA:119,3,1,0
BRDA:125,4,0,0
BRDA:187,5,0,0
BRDA:214,6,0,0
BRDA:301,7,0,0
BRDA:301,7,1,0
BRF:13
BRH:0
end_of_record
